#
# There is insufficient memory for the Java Runtime Environment to continue.
# Native memory allocation (mmap) failed to map 91226112 bytes for committing reserved memory.
# Possible reasons:
#   The system is out of physical RAM or swap space
#   In 32 bit mode, the process size limit was hit
# Possible solutions:
#   Reduce memory load on the system
#   Increase physical memory or swap space
#   Check if swap backing store is full
#   Use 64 bit Java on a 64 bit OS
#   Decrease Java heap size (-Xmx/-Xms)
#   Decrease number of Java threads
#   Decrease Java thread stack sizes (-Xss)
#   Set larger code cache with -XX:ReservedCodeCacheSize=
# This output file may be truncated or incomplete.
#
#  Out of Memory Error (os_linux.cpp:2630), pid=22131, tid=140140319950592
#
# JRE version: OpenJDK Runtime Environment (8.0_91-b14) (build 1.8.0_91-8u91-b14-3ubuntu1~16.04.1-b14)
# Java VM: OpenJDK 64-Bit Server VM (25.91-b14 mixed mode linux-amd64 compressed oops)
# Failed to write core dump. Core dumps have been disabled. To enable core dumping, try "ulimit -c unlimited" before starting Java again
#

---------------  T H R E A D  ---------------

Current thread (0x00007f750c07b000):  VMThread [stack: 0x00007f74f5ed4000,0x00007f74f5fd5000] [id=22147]

Stack: [0x00007f74f5ed4000,0x00007f74f5fd5000],  sp=0x00007f74f5fd3480,  free space=1021k
Native frames: (J=compiled Java code, j=interpreted, Vv=VM code, C=native code)
V  [libjvm.so+0xa5de1b]
V  [libjvm.so+0x4c178c]
V  [libjvm.so+0x8ae9d0]
V  [libjvm.so+0x8a8e4e]
V  [libjvm.so+0x922f46]
V  [libjvm.so+0x9125da]
V  [libjvm.so+0x9127e3]
V  [libjvm.so+0x913148]
V  [libjvm.so+0x91940e]
V  [libjvm.so+0x920dad]
V  [libjvm.so+0x8d3263]
V  [libjvm.so+0xa5fad2]
V  [libjvm.so+0xa64b57]
V  [libjvm.so+0xa62327]
V  [libjvm.so+0xa637af]
V  [libjvm.so+0xa63ca1]
V  [libjvm.so+0x8abeb2]

VM_Operation (0x00007f74be9af420): ParallelGCFailedAllocation, mode: safepoint, requested by thread 0x00007f74a806a800


---------------  P R O C E S S  ---------------

Java Threads: ( => current thread )
  0x00007f74a806c800 JavaThread "SpillThread" daemon [_thread_blocked, id=22721, stack(0x00007f74be9b1000,0x00007f74beab2000)]
  0x00007f74a8061000 JavaThread "communication thread" daemon [_thread_blocked, id=22720, stack(0x00007f74f407d000,0x00007f74f417e000)]
  0x00007f74a806a800 JavaThread "IPC Client (249155636) connection to localhost/127.0.0.1:9000 from kai" daemon [_thread_blocked, id=22553, stack(0x00007f74be8b0000,0x00007f74be9b1000)]
  0x00007f74a8060800 JavaThread "org.apache.hadoop.hdfs.PeerCache@b29bd54" daemon [_thread_blocked, id=22203, stack(0x00007f74be5af000,0x00007f74be6b0000)]
  0x00007f74a4032800 JavaThread "LocalJobRunner Map Task Executor #0" [_thread_blocked, id=22195, stack(0x00007f74beab2000,0x00007f74bebb3000)]
  0x00007f750c9d8800 JavaThread "Thread-12" [_thread_blocked, id=22194, stack(0x00007f74befdf000,0x00007f74bf0e0000)]
  0x00007f750c5f8800 JavaThread "IPC Parameter Sending Thread #0" daemon [_thread_blocked, id=22172, stack(0x00007f74bf2e0000,0x00007f74bf3e1000)]
  0x00007f750c4fe800 JavaThread "Monitor Ctrl-Break" daemon [_thread_in_native, id=22165, stack(0x00007f74f46d0000,0x00007f74f47d1000)]
  0x00007f750c0bc800 JavaThread "Service Thread" daemon [_thread_blocked, id=22161, stack(0x00007f74f4e0e000,0x00007f74f4f0f000)]
  0x00007f750c0b5800 JavaThread "C1 CompilerThread2" daemon [_thread_blocked, id=22159, stack(0x00007f74f4f0f000,0x00007f74f5010000)]
  0x00007f750c0b3800 JavaThread "C2 CompilerThread1" daemon [_thread_blocked, id=22158, stack(0x00007f74f5010000,0x00007f74f5111000)]
  0x00007f750c0b0800 JavaThread "C2 CompilerThread0" daemon [_thread_blocked, id=22157, stack(0x00007f74f5111000,0x00007f74f5212000)]
  0x00007f750c0ae800 JavaThread "Signal Dispatcher" daemon [_thread_blocked, id=22156, stack(0x00007f74f5212000,0x00007f74f5313000)]
  0x00007f750c087800 JavaThread "Finalizer" daemon [_thread_blocked, id=22152, stack(0x00007f74f5cd2000,0x00007f74f5dd3000)]
  0x00007f750c083000 JavaThread "Reference Handler" daemon [_thread_blocked, id=22150, stack(0x00007f74f5dd3000,0x00007f74f5ed4000)]
  0x00007f750c00e000 JavaThread "main" [_thread_blocked, id=22132, stack(0x00007f7512e94000,0x00007f7512f95000)]

Other Threads:
=>0x00007f750c07b000 VMThread [stack: 0x00007f74f5ed4000,0x00007f74f5fd5000] [id=22147]
  0x00007f750c0bf000 WatcherThread [stack: 0x00007f74f4d0d000,0x00007f74f4e0e000] [id=22162]

VM state:at safepoint (normal execution)

VM Mutex/Monitor currently owned by a thread:  ([mutex/lock_event])
[0x00007f750c009ad0] ExpandHeap_lock - owner thread: 0x00007f750c07b000
[0x00007f750c00a150] Threads_lock - owner thread: 0x00007f750c07b000
[0x00007f750c00a650] Heap_lock - owner thread: 0x00007f74a806a800

Heap:
 PSYoungGen      total 667136K, used 0K [0x00000000d7400000, 0x0000000100000000, 0x0000000100000000)
  eden space 666624K, 0% used [0x00000000d7400000,0x00000000d7400000,0x00000000fff00000)
  from space 512K, 0% used [0x00000000fff80000,0x00000000fff80000,0x0000000100000000)
  to   space 512K, 0% used [0x00000000fff00000,0x00000000fff00000,0x00000000fff80000)
 ParOldGen       total 968704K, used 130451K [0x0000000085c00000, 0x00000000c0e00000, 0x00000000d7400000)
  object space 968704K, 13% used [0x0000000085c00000,0x000000008db64c00,0x00000000c0e00000)
 Metaspace       used 22284K, capacity 22542K, committed 22704K, reserved 1069056K
  class space    used 2361K, capacity 2435K, committed 2560K, reserved 1048576K

Card table byte_map: [0x00007f74fc02d000,0x00007f74fc400000] byte_map_base: 0x00007f74fbbff000

Marking Bits: (ParMarkBitMap*) 0x00007f7512161fc0
 Begin Bits: [0x00007f74f7d7e000, 0x00007f74f9c0e000)
 End Bits:   [0x00007f74f9c0e000, 0x00007f74fba9e000)

Polling page: 0x00007f7512fb3000

CodeCache: size=245760Kb used=10653Kb max_used=10670Kb free=235106Kb
 bounds [0x00007f74fc7c0000, 0x00007f74fd260000, 0x00007f750b7c0000]
 total_blobs=3893 nmethods=3446 adapters=361
 compilation: enabled

Compilation events (10 events):
Event: 81.207 Thread 0x00007f750c0b5800 4185       3       org.apache.hadoop.io.DataInputBuffer::<init> (12 bytes)
Event: 81.207 Thread 0x00007f750c0b5800 nmethod 4185 0x00007f74fccd65d0 code [0x00007f74fccd6780, 0x00007f74fccd6f10]
Event: 81.207 Thread 0x00007f750c0b5800 4186       3       org.apache.hadoop.io.DataInputBuffer$Buffer::<init> (8 bytes)
Event: 81.208 Thread 0x00007f750c0b5800 nmethod 4186 0x00007f74fcb922d0 code [0x00007f74fcb92440, 0x00007f74fcb92770]
Event: 81.208 Thread 0x00007f750c0b5800 4187       3       org.apache.hadoop.io.DataInputBuffer::<init> (11 bytes)
Event: 81.208 Thread 0x00007f750c0b5800 nmethod 4187 0x00007f74fccbde90 code [0x00007f74fccbe020, 0x00007f74fccbe4f0]
Event: 81.209 Thread 0x00007f750c0b3800 4188   !   4       javax.security.auth.Subject$ClassSet::<init> (141 bytes)
Event: 81.254 Thread 0x00007f750c0b3800 nmethod 4188 0x00007f74fd251510 code [0x00007f74fd2518a0, 0x00007f74fd253500]
Event: 81.323 Thread 0x00007f750c0b5800 4189       3       java.util.Collections$UnmodifiableMap::get (11 bytes)
Event: 81.324 Thread 0x00007f750c0b5800 nmethod 4189 0x00007f74fcef9c90 code [0x00007f74fcef9e00, 0x00007f74fcefa028]

GC Heap History (10 events):
Event: 79.427 GC heap after
Heap after GC invocations=107 (full 15):
 PSYoungGen      total 667136K, used 192K [0x00000000d7400000, 0x0000000100000000, 0x0000000100000000)
  eden space 666624K, 0% used [0x00000000d7400000,0x00000000d7400000,0x00000000fff00000)
  from space 512K, 37% used [0x00000000fff80000,0x00000000fffb0000,0x0000000100000000)
  to   space 512K, 0% used [0x00000000fff00000,0x00000000fff00000,0x00000000fff80000)
 ParOldGen       total 968704K, used 335156K [0x0000000085c00000, 0x00000000c0e00000, 0x00000000d7400000)
  object space 968704K, 34% used [0x0000000085c00000,0x000000009a34d068,0x00000000c0e00000)
 Metaspace       used 22276K, capacity 22542K, committed 22704K, reserved 1069056K
  class space    used 2361K, capacity 2435K, committed 2560K, reserved 1048576K
}
Event: 79.941 GC heap before
{Heap before GC invocations=108 (full 15):
 PSYoungGen      total 667136K, used 642761K [0x00000000d7400000, 0x0000000100000000, 0x0000000100000000)
  eden space 666624K, 96% used [0x00000000d7400000,0x00000000fe782440,0x00000000fff00000)
  from space 512K, 37% used [0x00000000fff80000,0x00000000fffb0000,0x0000000100000000)
  to   space 512K, 0% used [0x00000000fff00000,0x00000000fff00000,0x00000000fff80000)
 ParOldGen       total 968704K, used 335156K [0x0000000085c00000, 0x00000000c0e00000, 0x00000000d7400000)
  object space 968704K, 34% used [0x0000000085c00000,0x000000009a34d068,0x00000000c0e00000)
 Metaspace       used 22278K, capacity 22542K, committed 22704K, reserved 1069056K
  class space    used 2361K, capacity 2435K, committed 2560K, reserved 1048576K
Event: 79.944 GC heap after
Heap after GC invocations=108 (full 15):
 PSYoungGen      total 667136K, used 128K [0x00000000d7400000, 0x0000000100000000, 0x0000000100000000)
  eden space 666624K, 0% used [0x00000000d7400000,0x00000000d7400000,0x00000000fff00000)
  from space 512K, 25% used [0x00000000fff00000,0x00000000fff20000,0x00000000fff80000)
  to   space 512K, 0% used [0x00000000fff80000,0x00000000fff80000,0x0000000100000000)
 ParOldGen       total 968704K, used 335156K [0x0000000085c00000, 0x00000000c0e00000, 0x00000000d7400000)
  object space 968704K, 34% used [0x0000000085c00000,0x000000009a34d068,0x00000000c0e00000)
 Metaspace       used 22278K, capacity 22542K, committed 22704K, reserved 1069056K
  class space    used 2361K, capacity 2435K, committed 2560K, reserved 1048576K
}
Event: 80.394 GC heap before
{Heap before GC invocations=109 (full 15):
 PSYoungGen      total 667136K, used 666752K [0x00000000d7400000, 0x0000000100000000, 0x0000000100000000)
  eden space 666624K, 100% used [0x00000000d7400000,0x00000000fff00000,0x00000000fff00000)
  from space 512K, 25% used [0x00000000fff00000,0x00000000fff20000,0x00000000fff80000)
  to   space 512K, 0% used [0x00000000fff80000,0x00000000fff80000,0x0000000100000000)
 ParOldGen       total 968704K, used 335156K [0x0000000085c00000, 0x00000000c0e00000, 0x00000000d7400000)
  object space 968704K, 34% used [0x0000000085c00000,0x000000009a34d068,0x00000000c0e00000)
 Metaspace       used 22282K, capacity 22542K, committed 22704K, reserved 1069056K
  class space    used 2361K, capacity 2435K, committed 2560K, reserved 1048576K
Event: 80.441 GC heap after
Heap after GC invocations=109 (full 15):
 PSYoungGen      total 667136K, used 224K [0x00000000d7400000, 0x0000000100000000, 0x0000000100000000)
  eden space 666624K, 0% used [0x00000000d7400000,0x00000000d7400000,0x00000000fff00000)
  from space 512K, 43% used [0x00000000fff80000,0x00000000fffb8000,0x0000000100000000)
  to   space 512K, 0% used [0x00000000fff00000,0x00000000fff00000,0x00000000fff80000)
 ParOldGen       total 968704K, used 539956K [0x0000000085c00000, 0x00000000c0e00000, 0x00000000d7400000)
  object space 968704K, 55% used [0x0000000085c00000,0x00000000a6b4d088,0x00000000c0e00000)
 Metaspace       used 22282K, capacity 22542K, committed 22704K, reserved 1069056K
  class space    used 2361K, capacity 2435K, committed 2560K, reserved 1048576K
}
Event: 80.962 GC heap before
{Heap before GC invocations=110 (full 15):
 PSYoungGen      total 667136K, used 641568K [0x00000000d7400000, 0x0000000100000000, 0x0000000100000000)
  eden space 666624K, 96% used [0x00000000d7400000,0x00000000fe650278,0x00000000fff00000)
  from space 512K, 43% used [0x00000000fff80000,0x00000000fffb8000,0x0000000100000000)
  to   space 512K, 0% used [0x00000000fff00000,0x00000000fff00000,0x00000000fff80000)
 ParOldGen       total 968704K, used 539956K [0x0000000085c00000, 0x00000000c0e00000, 0x00000000d7400000)
  object space 968704K, 55% used [0x0000000085c00000,0x00000000a6b4d088,0x00000000c0e00000)
 Metaspace       used 22282K, capacity 22542K, committed 22704K, reserved 1069056K
  class space    used 2361K, capacity 2435K, committed 2560K, reserved 1048576K
Event: 80.966 GC heap after
Heap after GC invocations=110 (full 15):
 PSYoungGen      total 667136K, used 224K [0x00000000d7400000, 0x0000000100000000, 0x0000000100000000)
  eden space 666624K, 0% used [0x00000000d7400000,0x00000000d7400000,0x00000000fff00000)
  from space 512K, 43% used [0x00000000fff00000,0x00000000fff38000,0x00000000fff80000)
  to   space 512K, 0% used [0x00000000fff80000,0x00000000fff80000,0x0000000100000000)
 ParOldGen       total 968704K, used 539956K [0x0000000085c00000, 0x00000000c0e00000, 0x00000000d7400000)
  object space 968704K, 55% used [0x0000000085c00000,0x00000000a6b4d088,0x00000000c0e00000)
 Metaspace       used 22282K, capacity 22542K, committed 22704K, reserved 1069056K
  class space    used 2361K, capacity 2435K, committed 2560K, reserved 1048576K
}
Event: 81.335 GC heap before
{Heap before GC invocations=111 (full 15):
 PSYoungGen      total 667136K, used 666848K [0x00000000d7400000, 0x0000000100000000, 0x0000000100000000)
  eden space 666624K, 100% used [0x00000000d7400000,0x00000000fff00000,0x00000000fff00000)
  from space 512K, 43% used [0x00000000fff00000,0x00000000fff38000,0x00000000fff80000)
  to   space 512K, 0% used [0x00000000fff80000,0x00000000fff80000,0x0000000100000000)
 ParOldGen       total 968704K, used 539956K [0x0000000085c00000, 0x00000000c0e00000, 0x00000000d7400000)
  object space 968704K, 55% used [0x0000000085c00000,0x00000000a6b4d088,0x00000000c0e00000)
 Metaspace       used 22284K, capacity 22542K, committed 22704K, reserved 1069056K
  class space    used 2361K, capacity 2435K, committed 2560K, reserved 1048576K
Event: 81.505 GC heap after
Heap after GC invocations=111 (full 15):
 PSYoungGen      total 667136K, used 256K [0x00000000d7400000, 0x0000000100000000, 0x0000000100000000)
  eden space 666624K, 0% used [0x00000000d7400000,0x00000000d7400000,0x00000000fff00000)
  from space 512K, 50% used [0x00000000fff80000,0x00000000fffc0000,0x0000000100000000)
  to   space 512K, 0% used [0x00000000fff00000,0x00000000fff00000,0x00000000fff80000)
 ParOldGen       total 968704K, used 744756K [0x0000000085c00000, 0x00000000c0e00000, 0x00000000d7400000)
  object space 968704K, 76% used [0x0000000085c00000,0x00000000b334d0a8,0x00000000c0e00000)
 Metaspace       used 22284K, capacity 22542K, committed 22704K, reserved 1069056K
  class space    used 2361K, capacity 2435K, committed 2560K, reserved 1048576K
}
Event: 81.505 GC heap before
{Heap before GC invocations=112 (full 16):
 PSYoungGen      total 667136K, used 256K [0x00000000d7400000, 0x0000000100000000, 0x0000000100000000)
  eden space 666624K, 0% used [0x00000000d7400000,0x00000000d7400000,0x00000000fff00000)
  from space 512K, 50% used [0x00000000fff80000,0x00000000fffc0000,0x0000000100000000)
  to   space 512K, 0% used [0x00000000fff00000,0x00000000fff00000,0x00000000fff80000)
 ParOldGen       total 968704K, used 744756K [0x0000000085c00000, 0x00000000c0e00000, 0x00000000d7400000)
  object space 968704K, 76% used [0x0000000085c00000,0x00000000b334d0a8,0x00000000c0e00000)
 Metaspace       used 22284K, capacity 22542K, committed 22704K, reserved 1069056K
  class space    used 2361K, capacity 2435K, committed 2560K, reserved 1048576K

Deoptimization events (10 events):
Event: 10.976 Thread 0x00007f74a4032800 Uncommon trap: reason=array_check action=maybe_recompile pc=0x00007f74fce6add0 method=java.util.AbstractCollection.toArray([Ljava/lang/Object;)[Ljava/lang/Object; @ 119
Event: 11.203 Thread 0x00007f74a4032800 Uncommon trap: reason=bimorphic action=maybe_recompile pc=0x00007f74fcb5415c method=java.util.regex.Pattern$Start.match(Ljava/util/regex/Matcher;ILjava/lang/CharSequence;)Z @ 44
Event: 11.207 Thread 0x00007f74a4032800 Uncommon trap: reason=unstable_if action=reinterpret pc=0x00007f74fceb3604 method=org.apache.hadoop.mapreduce.task.ReduceContextImpl$ValueIterator.hasNext()Z @ 48
Event: 11.207 Thread 0x00007f74a4032800 Uncommon trap: reason=unstable_if action=reinterpret pc=0x00007f74fcece7c0 method=org.apache.hadoop.mapreduce.task.ReduceContextImpl$ValueIterator.next()Ljava/lang/Object; @ 165
Event: 11.249 Thread 0x00007f74a4032800 Uncommon trap: reason=bimorphic action=maybe_recompile pc=0x00007f74fcb5415c method=java.util.regex.Pattern$Start.match(Ljava/util/regex/Matcher;ILjava/lang/CharSequence;)Z @ 44
Event: 11.490 Thread 0x00007f74a4032800 Uncommon trap: reason=bimorphic action=maybe_recompile pc=0x00007f74fcbbe6c4 method=java.io.DataOutputStream.writeShort(I)V @ 12
Event: 12.109 Thread 0x00007f74a4032800 Uncommon trap: reason=bimorphic action=maybe_recompile pc=0x00007f74fcbbe6c4 method=java.io.DataOutputStream.writeShort(I)V @ 12
Event: 19.412 Thread 0x00007f74a4032800 Uncommon trap: reason=range_check action=make_not_entrant pc=0x00007f74fc993f78 method=java.lang.String.charAt(I)C @ 27
Event: 64.765 Thread 0x00007f74a4032800 Uncommon trap: reason=unstable_if action=reinterpret pc=0x00007f74fd0fc8a8 method=javax.security.auth.Subject$ClassSet.populateSet()V @ 136
Event: 64.767 Thread 0x00007f74a806a800 Uncommon trap: reason=unstable_if action=reinterpret pc=0x00007f74fd180b54 method=sun.nio.ch.Util$BufferCache.get(I)Ljava/nio/ByteBuffer; @ 4

Internal exceptions (10 events):
Event: 3.250 Thread 0x00007f750c00e000 Exception <a 'java/io/FileNotFoundException'> (0x00000000d8a424d8) thrown at [/build/openjdk-8-W1Ghxo/openjdk-8-8u91-b14/src/hotspot/src/share/vm/prims/jni.cpp, line 709]
Event: 3.250 Thread 0x00007f750c00e000 Exception <a 'java/security/PrivilegedActionException'> (0x00000000d8a42940) thrown at [/build/openjdk-8-W1Ghxo/openjdk-8-8u91-b14/src/hotspot/src/share/vm/prims/jvm.cpp, line 1386]
Event: 3.253 Thread 0x00007f750c00e000 Exception <a 'java/lang/reflect/InvocationTargetException'> (0x00000000d8a44a00) thrown at [/build/openjdk-8-W1Ghxo/openjdk-8-8u91-b14/src/hotspot/src/share/vm/runtime/reflection.cpp, line 1092]
Event: 3.359 Thread 0x00007f750c00e000 Exception <a 'java/lang/NoSuchFieldError': method resolution failed> (0x00000000d8bb8e28) thrown at [/build/openjdk-8-W1Ghxo/openjdk-8-8u91-b14/src/hotspot/src/share/vm/prims/methodHandles.cpp, line 1146]
Event: 3.361 Thread 0x00007f750c00e000 Exception <a 'java/lang/NoSuchFieldError': method resolution failed> (0x00000000d8bc64e8) thrown at [/build/openjdk-8-W1Ghxo/openjdk-8-8u91-b14/src/hotspot/src/share/vm/prims/methodHandles.cpp, line 1146]
Event: 8.104 Thread 0x00007f750c00e000 Implicit null exception at 0x00007f74fcd0b3bf to 0x00007f74fcd0b9e1
Event: 8.106 Thread 0x00007f750c00e000 Implicit null exception at 0x00007f74fcd02e94 to 0x00007f74fcd039ad
Event: 9.720 Thread 0x00007f74a4032800 Implicit null exception at 0x00007f74fcc9b72b to 0x00007f74fcc9bd5d
Event: 10.502 Thread 0x00007f74a4032800 Implicit null exception at 0x00007f74fce6bef6 to 0x00007f74fce6d519
Event: 10.927 Thread 0x00007f74a4032800 Implicit null exception at 0x00007f74fceb65ac to 0x00007f74fceb66f1

Events (10 events):
Event: 81.105 Thread 0x00007f74a806c800 Thread added: 0x00007f74a806c800
Event: 81.208 Thread 0x00007f74a806c800 Thread exited: 0x00007f74a806c800
Event: 81.210 Thread 0x00007f74a8061000 Thread exited: 0x00007f74a8061000
Event: 81.210 Thread 0x00007f74a8061000 Thread added: 0x00007f74a8061000
Event: 81.235 Thread 0x00007f74a806c800 Thread added: 0x00007f74a806c800
Event: 81.321 Thread 0x00007f74a806c800 Thread exited: 0x00007f74a806c800
Event: 81.322 Thread 0x00007f74a8061000 Thread exited: 0x00007f74a8061000
Event: 81.323 Thread 0x00007f74a8061000 Thread added: 0x00007f74a8061000
Event: 81.334 Thread 0x00007f74a806c800 Thread added: 0x00007f74a806c800
Event: 81.335 Executing VM operation: ParallelGCFailedAllocation


Dynamic libraries:
00400000-00401000 r-xp 00000000 08:06 5638558                            /usr/lib/jvm/java-8-openjdk-amd64/jre/bin/java
00600000-00601000 r--p 00000000 08:06 5638558                            /usr/lib/jvm/java-8-openjdk-amd64/jre/bin/java
00601000-00602000 rw-p 00001000 08:06 5638558                            /usr/lib/jvm/java-8-openjdk-amd64/jre/bin/java
01b30000-01b51000 rw-p 00000000 00:00 0                                  [heap]
85c00000-c0e00000 rw-p 00000000 00:00 0 
c6500000-d7400000 ---p 00000000 00:00 0 
d7400000-100000000 rw-p 00000000 00:00 0 
100000000-100280000 rw-p 00000000 00:00 0 
100280000-140000000 ---p 00000000 00:00 0 
7f7494000000-7f7494021000 rw-p 00000000 00:00 0 
7f7494021000-7f7498000000 ---p 00000000 00:00 0 
7f749c000000-7f749c021000 rw-p 00000000 00:00 0 
7f749c021000-7f74a0000000 ---p 00000000 00:00 0 
7f74a0000000-7f74a0021000 rw-p 00000000 00:00 0 
7f74a0021000-7f74a4000000 ---p 00000000 00:00 0 
7f74a4000000-7f74a4034000 rw-p 00000000 00:00 0 
7f74a4034000-7f74a8000000 ---p 00000000 00:00 0 
7f74a8000000-7f74a8084000 rw-p 00000000 00:00 0 
7f74a8084000-7f74ac000000 ---p 00000000 00:00 0 
7f74ac000000-7f74ac038000 rw-p 00000000 00:00 0 
7f74ac038000-7f74b0000000 ---p 00000000 00:00 0 
7f74b0000000-7f74b0021000 rw-p 00000000 00:00 0 
7f74b0021000-7f74b4000000 ---p 00000000 00:00 0 
7f74b4000000-7f74b4021000 rw-p 00000000 00:00 0 
7f74b4021000-7f74b8000000 ---p 00000000 00:00 0 
7f74b8000000-7f74b8021000 rw-p 00000000 00:00 0 
7f74b8021000-7f74bc000000 ---p 00000000 00:00 0 
7f74be5af000-7f74be5b2000 ---p 00000000 00:00 0 
7f74be5b2000-7f74be85c000 rw-p 00000000 00:00 0 
7f74be85c000-7f74be8b0000 ---p 00000000 00:00 0 
7f74be8b0000-7f74be8b3000 ---p 00000000 00:00 0 
7f74be8b3000-7f74be9b1000 rw-p 00000000 00:00 0 
7f74be9b1000-7f74be9b4000 ---p 00000000 00:00 0 
7f74be9b4000-7f74beab2000 rw-p 00000000 00:00 0 
7f74beab2000-7f74beab5000 ---p 00000000 00:00 0 
7f74beab5000-7f74bedb3000 rw-p 00000000 00:00 0 
7f74bedb3000-7f74beddb000 r-xp 00000000 08:06 5639974                    /usr/lib/jvm/java-8-openjdk-amd64/jre/lib/amd64/libsunec.so
7f74beddb000-7f74befda000 ---p 00028000 08:06 5639974                    /usr/lib/jvm/java-8-openjdk-amd64/jre/lib/amd64/libsunec.so
7f74befda000-7f74befde000 r--p 00027000 08:06 5639974                    /usr/lib/jvm/java-8-openjdk-amd64/jre/lib/amd64/libsunec.so
7f74befde000-7f74befdf000 rw-p 0002b000 08:06 5639974                    /usr/lib/jvm/java-8-openjdk-amd64/jre/lib/amd64/libsunec.so
7f74befdf000-7f74befe2000 ---p 00000000 00:00 0 
7f74befe2000-7f74bf2e0000 rw-p 00000000 00:00 0 
7f74bf2e0000-7f74bf2e3000 ---p 00000000 00:00 0 
7f74bf2e3000-7f74bf3e1000 rw-p 00000000 00:00 0 
7f74bf3e1000-7f74bf3f2000 r-xp 00000000 08:06 5639982                    /usr/lib/jvm/java-8-openjdk-amd64/jre/lib/amd64/libnio.so
7f74bf3f2000-7f74bf5f2000 ---p 00011000 08:06 5639982                    /usr/lib/jvm/java-8-openjdk-amd64/jre/lib/amd64/libnio.so
7f74bf5f2000-7f74bf5f3000 r--p 00011000 08:06 5639982                    /usr/lib/jvm/java-8-openjdk-amd64/jre/lib/amd64/libnio.so
7f74bf5f3000-7f74bf5f4000 rw-p 00012000 08:06 5639982                    /usr/lib/jvm/java-8-openjdk-amd64/jre/lib/amd64/libnio.so
7f74bf5f4000-7f74bf7f4000 rw-p 00000000 00:00 0 
7f74bf7f4000-7f74bf9f4000 rw-p 00000000 00:00 0 
7f74bf9f4000-7f74bf9f5000 r-xp 00000000 08:06 5638877                    /usr/lib/jvm/java-8-openjdk-amd64/jre/lib/amd64/libjaas_unix.so
7f74bf9f5000-7f74bfbf4000 ---p 00001000 08:06 5638877                    /usr/lib/jvm/java-8-openjdk-amd64/jre/lib/amd64/libjaas_unix.so
7f74bfbf4000-7f74bfbf5000 r--p 00000000 08:06 5638877                    /usr/lib/jvm/java-8-openjdk-amd64/jre/lib/amd64/libjaas_unix.so
7f74bfbf5000-7f74bfbf6000 rw-p 00001000 08:06 5638877                    /usr/lib/jvm/java-8-openjdk-amd64/jre/lib/amd64/libjaas_unix.so
7f74bfbf6000-7f74bfdf6000 rw-p 00000000 00:00 0 
7f74bfdf6000-7f74bfdff000 r-xp 00000000 08:06 5639972                    /usr/lib/jvm/java-8-openjdk-amd64/jre/lib/amd64/libmanagement.so
7f74bfdff000-7f74bfffe000 ---p 00009000 08:06 5639972                    /usr/lib/jvm/java-8-openjdk-amd64/jre/lib/amd64/libmanagement.so
7f74bfffe000-7f74bffff000 r--p 00008000 08:06 5639972                    /usr/lib/jvm/java-8-openjdk-amd64/jre/lib/amd64/libmanagement.so
7f74bffff000-7f74c0000000 rw-p 00009000 08:06 5639972                    /usr/lib/jvm/java-8-openjdk-amd64/jre/lib/amd64/libmanagement.so
7f74c0000000-7f74c03b8000 rw-p 00000000 00:00 0 
7f74c03b8000-7f74c4000000 ---p 00000000 00:00 0 
7f74c4000000-7f74c4021000 rw-p 00000000 00:00 0 
7f74c4021000-7f74c8000000 ---p 00000000 00:00 0 
7f74c8000000-7f74c94c1000 rw-p 00000000 00:00 0 
7f74c94c1000-7f74cc000000 ---p 00000000 00:00 0 
7f74cc000000-7f74cc021000 rw-p 00000000 00:00 0 
7f74cc021000-7f74d0000000 ---p 00000000 00:00 0 
7f74d0000000-7f74d0021000 rw-p 00000000 00:00 0 
7f74d0021000-7f74d4000000 ---p 00000000 00:00 0 
7f74d4000000-7f74d540d000 rw-p 00000000 00:00 0 
7f74d540d000-7f74d8000000 ---p 00000000 00:00 0 
7f74d8000000-7f74d8021000 rw-p 00000000 00:00 0 
7f74d8021000-7f74dc000000 ---p 00000000 00:00 0 
7f74dc000000-7f74dc021000 rw-p 00000000 00:00 0 
7f74dc021000-7f74e0000000 ---p 00000000 00:00 0 
7f74e0000000-7f74e0021000 rw-p 00000000 00:00 0 
7f74e0021000-7f74e4000000 ---p 00000000 00:00 0 
7f74e4000000-7f74e4062000 rw-p 00000000 00:00 0 
7f74e4062000-7f74e8000000 ---p 00000000 00:00 0 
7f74e8000000-7f74e8021000 rw-p 00000000 00:00 0 
7f74e8021000-7f74ec000000 ---p 00000000 00:00 0 
7f74ec000000-7f74ec021000 rw-p 00000000 00:00 0 
7f74ec021000-7f74f0000000 ---p 00000000 00:00 0 
7f74f0000000-7f74f0021000 rw-p 00000000 00:00 0 
7f74f0021000-7f74f4000000 ---p 00000000 00:00 0 
7f74f4070000-7f74f4076000 r--s 002f8000 08:06 5639999                    /usr/lib/jvm/java-8-openjdk-amd64/jre/lib/charsets.jar
7f74f4076000-7f74f407a000 r--s 00097000 08:06 5640020                    /usr/lib/jvm/java-8-openjdk-amd64/jre/lib/jsse.jar
7f74f407a000-7f74f407d000 r--s 00015000 08:06 5638567                    /usr/lib/jvm/java-8-openjdk-amd64/jre/lib/jce.jar
7f74f407d000-7f74f4080000 ---p 00000000 00:00 0 
7f74f4080000-7f74f417e000 rw-p 00000000 00:00 0 
7f74f417e000-7f74f4181000 ---p 00000000 00:00 0 
7f74f4181000-7f74f44b8000 rw-p 00000000 00:00 0 
7f74f44b8000-7f74f44cf000 r-xp 00000000 08:06 5639282                    /usr/lib/jvm/java-8-openjdk-amd64/jre/lib/amd64/libnet.so
7f74f44cf000-7f74f46ce000 ---p 00017000 08:06 5639282                    /usr/lib/jvm/java-8-openjdk-amd64/jre/lib/amd64/libnet.so
7f74f46ce000-7f74f46cf000 r--p 00016000 08:06 5639282                    /usr/lib/jvm/java-8-openjdk-amd64/jre/lib/amd64/libnet.so
7f74f46cf000-7f74f46d0000 rw-p 00017000 08:06 5639282                    /usr/lib/jvm/java-8-openjdk-amd64/jre/lib/amd64/libnet.so
7f74f46d0000-7f74f46d3000 ---p 00000000 00:00 0 
7f74f46d3000-7f74f47d1000 rw-p 00000000 00:00 0 
7f74f47d1000-7f74f47d2000 r-xp 00000000 08:06 4066770                    /home/kai/Downloads/idea-IC-162.1447.26/bin/libbreakgen64.so
7f74f47d2000-7f74f49d1000 ---p 00001000 08:06 4066770                    /home/kai/Downloads/idea-IC-162.1447.26/bin/libbreakgen64.so
7f74f49d1000-7f74f49d2000 r--p 00000000 08:06 4066770                    /home/kai/Downloads/idea-IC-162.1447.26/bin/libbreakgen64.so
7f74f49d2000-7f74f49d3000 rw-p 00001000 08:06 4066770                    /home/kai/Downloads/idea-IC-162.1447.26/bin/libbreakgen64.so
7f74f49d3000-7f74f49d5000 r--s 0001e000 08:06 4064500                    /home/kai/Downloads/idea-IC-162.1447.26/lib/idea_rt.jar
7f74f49d5000-7f74f49d7000 r--s 00000000 08:06 4198418                    /home/kai/.m2/repository/aopalliance/aopalliance/1.0/aopalliance-1.0.jar
7f74f49d7000-7f74f49d8000 r--s 00000000 08:06 4198422                    /home/kai/.m2/repository/javax/inject/javax.inject/1/javax.inject-1.jar
7f74f49d8000-7f74f49da000 r--s 0000e000 08:06 4197025                    /home/kai/.m2/repository/javax/activation/activation/1.1/activation-1.1.jar
7f74f49da000-7f74f49dc000 r--s 00004000 08:06 4197021                    /home/kai/.m2/repository/javax/xml/stream/stax-api/1.0-2/stax-api-1.0-2.jar
7f74f49dc000-7f74f49dd000 r--s 00003000 08:06 4198417                    /home/kai/.m2/repository/com/sun/jersey/contribs/jersey-guice/1.9/jersey-guice-1.9.jar
7f74f49dd000-7f74f49e9000 r--s 00077000 08:06 4327748                    /home/kai/.m2/repository/org/apache/hadoop/hadoop-yarn-server-nodemanager/2.5.2/hadoop-yarn-server-nodemanager-2.5.2.jar
7f74f49e9000-7f74f49ec000 r--s 000fd000 08:06 4197468                    /home/kai/.m2/repository/org/fusesource/leveldbjni/leveldbjni-all/1.8/leveldbjni-all-1.8.jar
7f74f49ec000-7f74f49ef000 r--s 0001d000 08:06 4197476                    /home/kai/.m2/repository/com/sun/jersey/jersey-client/1.9/jersey-client-1.9.jar
7f74f49ef000-7f74f49f2000 r--s 0001a000 08:06 4327740                    /home/kai/.m2/repository/org/apache/hadoop/hadoop-yarn-client/2.5.2/hadoop-yarn-client-2.5.2.jar
7f74f49f2000-7f74f4a01000 r--s 0009f000 08:06 4198412                    /home/kai/.m2/repository/com/google/inject/guice/3.0/guice-3.0.jar
7f74f4a01000-7f74f4a03000 r--s 0000e000 08:06 4326511                    /home/kai/.m2/repository/com/google/inject/extensions/guice-servlet/3.0/guice-servlet-3.0.jar
7f74f4a03000-7f74f4a17000 r--s 00146000 08:06 4326843                    /home/kai/.m2/repository/org/apache/hadoop/hadoop-yarn-common/2.5.2/hadoop-yarn-common-2.5.2.jar
7f74f4a17000-7f74f4a18000 r--s 00005000 08:06 4196961                    /home/kai/.m2/repository/commons-daemon/commons-daemon/1.0.13/commons-daemon-1.0.13.jar
7f74f4a18000-7f74f4a19000 r--s 00008000 08:06 4326753                    /home/kai/.m2/repository/org/apache/hadoop/hadoop-mapreduce-client-jobclient/2.5.2/hadoop-mapreduce-client-jobclient-2.5.2.jar
7f74f4a19000-7f74f4a31000 r--s 00156000 08:06 4326750                    /home/kai/.m2/repository/org/apache/hadoop/hadoop-mapreduce-client-core/2.5.2/hadoop-mapreduce-client-core-2.5.2.jar
7f74f4a31000-7f74f4a48000 r--s 0017c000 08:06 4326854                    /home/kai/.m2/repository/org/apache/hadoop/hadoop-yarn-api/2.5.2/hadoop-yarn-api-2.5.2.jar
7f74f4a48000-7f74f4a4a000 r--s 00009000 08:06 4326852                    /home/kai/.m2/repository/org/apache/hadoop/hadoop-mapreduce-client-shuffle/2.5.2/hadoop-mapreduce-client-shuffle-2.5.2.jar
7f74f4a4a000-7f74f4a55000 r--s 00097000 08:06 4326849                    /home/kai/.m2/repository/org/apache/hadoop/hadoop-mapreduce-client-common/2.5.2/hadoop-mapreduce-client-common-2.5.2.jar
7f74f4a55000-7f74f4a5e000 r--s 0006f000 08:06 4326850                    /home/kai/.m2/repository/org/apache/hadoop/hadoop-mapreduce-client-app/2.5.2/hadoop-mapreduce-client-app-2.5.2.jar
7f74f4a5e000-7f74f4abb000 r--s 00668000 08:06 4326844                    /home/kai/.m2/repository/org/apache/hadoop/hadoop-hdfs/2.5.2/hadoop-hdfs-2.5.2.jar
7f74f4abb000-7f74f4abc000 r--s 00000000 08:06 4326842                    /home/kai/.m2/repository/org/apache/hadoop/hadoop-client/2.5.2/hadoop-client-2.5.2.jar
7f74f4abc000-7f74f4ac0000 r--s 00014000 08:06 4197059                    /home/kai/.m2/repository/org/tukaani/xz/1.0/xz-1.0.jar
7f74f4ac0000-7f74f4ad7000 r--s 0010e000 08:06 4196976                    /home/kai/.m2/repository/io/netty/netty/3.6.2.Final/netty-3.6.2.Final.jar
7f74f4ad7000-7f74f4ae3000 r--s 000b6000 08:06 4196998                    /home/kai/.m2/repository/org/apache/zookeeper/zookeeper/3.4.6/zookeeper-3.4.6.jar
7f74f4ae3000-7f74f4ae6000 r--s 0002b000 08:06 4197051                    /home/kai/.m2/repository/com/jcraft/jsch/0.1.42/jsch-0.1.42.jar
7f74f4ae6000-7f74f4ae8000 r--s 00012000 08:06 4196997                    /home/kai/.m2/repository/org/apache/directory/api/api-util/1.0.0-M20/api-util-1.0.0-M20.jar
7f74f4ae8000-7f74f4aea000 r--s 00003000 08:06 4196994                    /home/kai/.m2/repository/org/apache/directory/api/api-asn1-api/1.0.0-M20/api-asn1-api-1.0.0-M20.jar
7f74f4aea000-7f74f4aeb000 r--s 0000a000 08:06 4196992                    /home/kai/.m2/repository/org/apache/directory/server/apacheds-i18n/2.0.0-M15/apacheds-i18n-2.0.0-M15.jar
7f74f4aeb000-7f74f4afd000 r--s 00097000 08:06 4196991                    /home/kai/.m2/repository/org/apache/directory/server/apacheds-kerberos-codec/2.0.0-M15/apacheds-kerberos-codec-2.0.0-M15.jar
7f74f4afd000-7f74f4aff000 r--s 0000b000 08:06 4326797                    /home/kai/.m2/repository/org/apache/hadoop/hadoop-auth/2.5.2/hadoop-auth-2.5.2.jar
7f74f4aff000-7f74f4b07000 r--s 0007b000 08:06 4196967                    /home/kai/.m2/repository/com/google/protobuf/protobuf-java/2.5.0/protobuf-java-2.5.0.jar
7f74f4b07000-7f74f4b0c000 r--s 00036000 08:06 4197058                    /home/kai/.m2/repository/org/apache/commons/commons-compress/1.4.1/commons-compress-1.4.1.jar
7f74f4b0c000-7f74f4b0e000 r--s 000f2000 08:06 4197046                    /home/kai/.m2/repository/org/xerial/snappy/snappy-java/1.0.4.1/snappy-java-1.0.4.1.jar
7f74f4b0e000-7f74f4b10000 r--s 00006000 08:06 4197045                    /home/kai/.m2/repository/com/thoughtworks/paranamer/paranamer/2.3/paranamer-2.3.jar
7f74f4b10000-7f74f4b17000 r--s 00044000 08:06 4197044                    /home/kai/.m2/repository/org/apache/avro/avro/1.7.4/avro-1.7.4.jar
7f74f4b17000-7f74f4b19000 r--s 00001000 08:06 4196984                    /home/kai/.m2/repository/org/slf4j/slf4j-log4j12/1.7.5/slf4j-log4j12-1.7.5.jar
7f74f4b19000-7f74f4b1b000 r--s 00005000 08:06 4196982                    /home/kai/.m2/repository/org/slf4j/slf4j-api/1.7.5/slf4j-api-1.7.5.jar
7f74f4b1b000-7f74f4b1f000 r--s 0002f000 08:06 4197039                    /home/kai/.m2/repository/commons-beanutils/commons-beanutils-core/1.8.0/commons-beanutils-core-1.8.0.jar
7f74f4b1f000-7f74f4b24000 r--s 0002a000 08:06 4196172                    /home/kai/.m2/repository/commons-beanutils/commons-beanutils/1.7.0/commons-beanutils-1.7.0.jar
7f74f4b24000-7f74f4b28000 r--s 00020000 08:06 4196175                    /home/kai/.m2/repository/commons-digester/commons-digester/1.8/commons-digester-1.8.jar
7f74f4b28000-7f74f4b2e000 r--s 00043000 08:06 4197038                    /home/kai/.m2/repository/commons-configuration/commons-configuration/1.6/commons-configuration-1.6.jar
7f74f4b2e000-7f74f4b33000 r--s 00041000 08:06 4196956                    /home/kai/.m2/repository/commons-lang/commons-lang/2.6/commons-lang-2.6.jar
7f74f4b33000-7f74f4b34000 r--s 00004000 08:06 4197035                    /home/kai/.m2/repository/com/jamesmurty/utils/java-xmlbuilder/0.4/java-xmlbuilder-0.4.jar
7f74f4b34000-7f74f4b39000 r--s 00028000 08:06 4197098                    /home/kai/.m2/repository/org/apache/httpcomponents/httpcore/4.1.2/httpcore-4.1.2.jar
7f74f4b39000-7f74f4b41000 r--s 0004e000 08:06 4197104                    /home/kai/.m2/repository/org/apache/httpcomponents/httpclient/4.1.2/httpclient-4.1.2.jar
7f74f4b41000-7f74f4b4a000 r--s 0007b000 08:06 4197034                    /home/kai/.m2/repository/net/java/dev/jets3t/jets3t/0.9.0/jets3t-0.9.0.jar
7f74f4b4a000-7f74f4b53000 r--s 0006f000 08:06 4196963                    /home/kai/.m2/repository/log4j/log4j/1.2.17/log4j-1.2.17.jar
7f74f4b53000-7f74f4b56000 r--s 00016000 08:06 4196962                    /home/kai/.m2/repository/javax/servlet/jsp/jsp-api/2.1/jsp-api-2.1.jar
7f74f4b56000-7f74f4b59000 r--s 00019000 08:06 4197033                    /home/kai/.m2/repository/commons-el/commons-el/1.0/commons-el-1.0.jar
7f74f4b59000-7f74f4b5b000 r--s 00011000 08:06 4196972                    /home/kai/.m2/repository/tomcat/jasper-runtime/5.5.23/jasper-runtime-5.5.23.jar
7f74f4b5b000-7f74f4b60000 r--s 0005f000 08:06 4197030                    /home/kai/.m2/repository/tomcat/jasper-compiler/5.5.23/jasper-compiler-5.5.23.jar
7f74f4b60000-7f74f4b61000 r--s 0000a000 08:06 4196949                    /home/kai/.m2/repository/asm/asm/3.1/asm-3.1.jar
7f74f4b61000-7f74f4b73000 r--s 0009d000 08:06 4196947                    /home/kai/.m2/repository/com/sun/jersey/jersey-server/1.9/jersey-server-1.9.jar
7f74f4b73000-7f74f4b74000 r--s 00006000 08:06 4197495                    /home/kai/.m2/repository/org/codehaus/jackson/jackson-xc/1.9.13/jackson-xc-1.9.13.jar
7f74f4b74000-7f74f4b75000 r--s 00004000 08:06 4197492                    /home/kai/.m2/repository/org/codehaus/jackson/jackson-jaxrs/1.9.13/jackson-jaxrs-1.9.13.jar
7f74f4b75000-7f74f4b83000 r--s 000b1000 08:06 4196969                    /home/kai/.m2/repository/org/codehaus/jackson/jackson-mapper-asl/1.9.13/jackson-mapper-asl-1.9.13.jar
7f74f4b83000-7f74f4b87000 r--s 00035000 08:06 4196968                    /home/kai/.m2/repository/org/codehaus/jackson/jackson-core-asl/1.9.13/jackson-core-asl-1.9.13.jar
7f74f4b87000-7f74f4b8a000 r--s 00017000 08:06 4197020                    /home/kai/.m2/repository/javax/xml/bind/jaxb-api/2.2.2/jaxb-api-2.2.2.jar
7f74f4b8a000-7f74f4b9d000 r--s 000c7000 08:06 4197019                    /home/kai/.m2/repository/com/sun/xml/bind/jaxb-impl/2.2.3-1/jaxb-impl-2.2.3-1.jar
7f74f4b9d000-7f74f4b9f000 r--s 0000f000 08:06 4197018                    /home/kai/.m2/repository/org/codehaus/jettison/jettison/1.1/jettison-1.1.jar
7f74f4b9f000-7f74f4ba3000 r--s 00021000 08:06 4197013                    /home/kai/.m2/repository/com/sun/jersey/jersey-json/1.9/jersey-json-1.9.jar
7f74f4ba3000-7f74f4bad000 r--s 00066000 08:06 4196945                    /home/kai/.m2/repository/com/sun/jersey/jersey-core/1.9/jersey-core-1.9.jar
7f74f4bad000-7f74f4bb1000 r--s 00028000 08:06 4196943                    /home/kai/.m2/repository/org/mortbay/jetty/jetty-util/6.1.26/jetty-util-6.1.26.jar
7f74f4bb1000-7f74f4bb8000 r--s 0007d000 08:06 4196941                    /home/kai/.m2/repository/org/mortbay/jetty/jetty/6.1.26/jetty-6.1.26.jar
7f74f4bb8000-7f74f4bba000 r--s 00018000 08:06 4195184                    /home/kai/.m2/repository/javax/servlet/servlet-api/2.5/servlet-api-2.5.jar
7f74f4bba000-7f74f4bc8000 r--s 0007f000 08:06 4195190                    /home/kai/.m2/repository/commons-collections/commons-collections/3.2.1/commons-collections-3.2.1.jar
7f74f4bc8000-7f74f4bcd000 r--s 0003e000 08:06 4197012                    /home/kai/.m2/repository/commons-net/commons-net/3.1/commons-net-3.1.jar
7f74f4bcd000-7f74f4bd1000 r--s 0002a000 08:06 4196955                    /home/kai/.m2/repository/commons-io/commons-io/2.4/commons-io-2.4.jar
7f74f4bd1000-7f74f4bd3000 r--s 0000d000 08:06 4196942                    /home/kai/.m2/repository/commons-codec/commons-codec/1.4/commons-codec-1.4.jar
7f74f4bd3000-7f74f4bd5000 r--s 0000e000 08:06 4196957                    /home/kai/.m2/repository/commons-logging/commons-logging/1.1.3/commons-logging-1.1.3.jar
7f74f4bd5000-7f74f4bdb000 r--s 00045000 08:06 4197009                    /home/kai/.m2/repository/commons-httpclient/commons-httpclient/3.1/commons-httpclient-3.1.jar
7f74f4bdb000-7f74f4bf8000 r--s 0016a000 08:06 4197008                    /home/kai/.m2/repository/org/apache/commons/commons-math3/3.1.1/commons-math3-3.1.1.jar
7f74f4bf8000-7f74f4bfa000 r--s 00009000 08:06 4068294                    /home/kai/.m2/repository/commons-cli/commons-cli/1.2/commons-cli-1.2.jar
7f74f4bfa000-7f74f4c1b000 r--s 00172000 08:06 4196939                    /home/kai/.m2/repository/com/google/guava/guava/11.0.2/guava-11.0.2.jar
7f74f4c1b000-7f74f4c94000 r--s 010e9000 08:06 5643258                    /usr/lib/jvm/java-8-openjdk-amd64/lib/tools.jar
7f74f4c94000-7f74f4cc3000 r--s 002a5000 08:06 4326846                    /home/kai/.m2/repository/org/apache/hadoop/hadoop-common/2.5.2/hadoop-common-2.5.2.jar
7f74f4cc3000-7f74f4cd6000 r--s 00345000 08:06 5639985                    /usr/lib/jvm/java-8-openjdk-amd64/jre/lib/resources.jar
7f74f4cd6000-7f74f4cf1000 r--s 001d7000 08:06 5640009                    /usr/lib/jvm/java-8-openjdk-amd64/jre/lib/ext/nashorn.jar
7f74f4cf1000-7f74f4d0d000 r--s 00393000 08:06 5640011                    /usr/lib/jvm/java-8-openjdk-amd64/jre/lib/ext/cldrdata.jar
7f74f4d0d000-7f74f4d0e000 ---p 00000000 00:00 0 
7f74f4d0e000-7f74f4e0e000 rw-p 00000000 00:00 0 
7f74f4e0e000-7f74f4e11000 ---p 00000000 00:00 0 
7f74f4e11000-7f74f4f0f000 rw-p 00000000 00:00 0 
7f74f4f0f000-7f74f4f12000 ---p 00000000 00:00 0 
7f74f4f12000-7f74f5010000 rw-p 00000000 00:00 0 
7f74f5010000-7f74f5013000 ---p 00000000 00:00 0 
7f74f5013000-7f74f5111000 rw-p 00000000 00:00 0 
7f74f5111000-7f74f5114000 ---p 00000000 00:00 0 
7f74f5114000-7f74f5212000 rw-p 00000000 00:00 0 
7f74f5212000-7f74f5215000 ---p 00000000 00:00 0 
7f74f5215000-7f74f5313000 rw-p 00000000 00:00 0 
7f74f5313000-7f74f5cd2000 r--p 00000000 08:06 5381367                    /usr/lib/locale/locale-archive
7f74f5cd2000-7f74f5cd5000 ---p 00000000 00:00 0 
7f74f5cd5000-7f74f5dd3000 rw-p 00000000 00:00 0 
7f74f5dd3000-7f74f5dd6000 ---p 00000000 00:00 0 
7f74f5dd6000-7f74f5ed4000 rw-p 00000000 00:00 0 
7f74f5ed4000-7f74f5ed5000 ---p 00000000 00:00 0 
7f74f5ed5000-7f74f6f68000 rw-p 00000000 00:00 0 
7f74f6f68000-7f74f7136000 r--s 03beb000 08:06 5639997                    /usr/lib/jvm/java-8-openjdk-amd64/jre/lib/rt.jar
7f74f7136000-7f74fba9e000 rw-p 00000000 00:00 0 
7f74fba9e000-7f74fba9f000 ---p 00000000 00:00 0 
7f74fba9f000-7f74fbb9f000 rw-p 00000000 00:00 0 
7f74fbb9f000-7f74fbba0000 ---p 00000000 00:00 0 
7f74fbba0000-7f74fbca0000 rw-p 00000000 00:00 0 
7f74fbca0000-7f74fbca1000 ---p 00000000 00:00 0 
7f74fbca1000-7f74fbf7a000 rw-p 00000000 00:00 0 
7f74fbf7a000-7f74fc02d000 ---p 00000000 00:00 0 
7f74fc02d000-7f74fc206000 rw-p 00000000 00:00 0 
7f74fc206000-7f74fc2b9000 ---p 00000000 00:00 0 
7f74fc2b9000-7f74fc3ff000 rw-p 00000000 00:00 0 
7f74fc3ff000-7f74fc42b000 rw-p 00000000 00:00 0 
7f74fc42b000-7f74fc7c0000 ---p 00000000 00:00 0 
7f74fc7c0000-7f74fd260000 rwxp 00000000 00:00 0 
7f74fd260000-7f750b7c0000 ---p 00000000 00:00 0 
7f750b7c0000-7f750b7c8000 r-xp 00000000 08:06 5639943                    /usr/lib/jvm/java-8-openjdk-amd64/jre/lib/amd64/libzip.so
7f750b7c8000-7f750b9c7000 ---p 00008000 08:06 5639943                    /usr/lib/jvm/java-8-openjdk-amd64/jre/lib/amd64/libzip.so
7f750b9c7000-7f750b9c8000 r--p 00007000 08:06 5639943                    /usr/lib/jvm/java-8-openjdk-amd64/jre/lib/amd64/libzip.so
7f750b9c8000-7f750b9c9000 rw-p 00008000 08:06 5639943                    /usr/lib/jvm/java-8-openjdk-amd64/jre/lib/amd64/libzip.so
7f750b9c9000-7f750b9d4000 r-xp 00000000 08:06 4723415                    /lib/x86_64-linux-gnu/libnss_files-2.23.so
7f750b9d4000-7f750bbd3000 ---p 0000b000 08:06 4723415                    /lib/x86_64-linux-gnu/libnss_files-2.23.so
7f750bbd3000-7f750bbd4000 r--p 0000a000 08:06 4723415                    /lib/x86_64-linux-gnu/libnss_files-2.23.so
7f750bbd4000-7f750bbd5000 rw-p 0000b000 08:06 4723415                    /lib/x86_64-linux-gnu/libnss_files-2.23.so
7f750bbd5000-7f750bbdb000 rw-p 00000000 00:00 0 
7f750bbdb000-7f750bbe6000 r-xp 00000000 08:06 4723425                    /lib/x86_64-linux-gnu/libnss_nis-2.23.so
7f750bbe6000-7f750bde5000 ---p 0000b000 08:06 4723425                    /lib/x86_64-linux-gnu/libnss_nis-2.23.so
7f750bde5000-7f750bde6000 r--p 0000a000 08:06 4723425                    /lib/x86_64-linux-gnu/libnss_nis-2.23.so
7f750bde6000-7f750bde7000 rw-p 0000b000 08:06 4723425                    /lib/x86_64-linux-gnu/libnss_nis-2.23.so
7f750bde7000-7f750bdfd000 r-xp 00000000 08:06 4723409                    /lib/x86_64-linux-gnu/libnsl-2.23.so
7f750bdfd000-7f750bffc000 ---p 00016000 08:06 4723409                    /lib/x86_64-linux-gnu/libnsl-2.23.so
7f750bffc000-7f750bffd000 r--p 00015000 08:06 4723409                    /lib/x86_64-linux-gnu/libnsl-2.23.so
7f750bffd000-7f750bffe000 rw-p 00016000 08:06 4723409                    /lib/x86_64-linux-gnu/libnsl-2.23.so
7f750bffe000-7f750c000000 rw-p 00000000 00:00 0 
7f750c000000-7f750c9ec000 rw-p 00000000 00:00 0 
7f750c9ec000-7f7510000000 ---p 00000000 00:00 0 
7f7510000000-7f7510001000 r--s 00003000 08:06 4196974                    /home/kai/.m2/repository/xmlenc/xmlenc/0.52/xmlenc-0.52.jar
7f7510001000-7f7510004000 r--s 00006000 08:06 4197057                    /home/kai/.m2/repository/com/google/code/findbugs/jsr305/1.3.9/jsr305-1.3.9.jar
7f7510004000-7f7510006000 r--s 00003000 08:06 4326755                    /home/kai/.m2/repository/org/apache/hadoop/hadoop-annotations/2.5.2/hadoop-annotations-2.5.2.jar
7f7510006000-7f751000a000 r--s 00097000 08:06 5640020                    /usr/lib/jvm/java-8-openjdk-amd64/jre/lib/jsse.jar
7f751000a000-7f751000d000 r--s 00015000 08:06 5638567                    /usr/lib/jvm/java-8-openjdk-amd64/jre/lib/jce.jar
7f751000d000-7f751005a000 rw-p 00000000 00:00 0 
7f751005a000-7f751005b000 ---p 00000000 00:00 0 
7f751005b000-7f751015b000 rw-p 00000000 00:00 0 
7f751015b000-7f7510163000 r-xp 00000000 08:06 4723411                    /lib/x86_64-linux-gnu/libnss_compat-2.23.so
7f7510163000-7f7510362000 ---p 00008000 08:06 4723411                    /lib/x86_64-linux-gnu/libnss_compat-2.23.so
7f7510362000-7f7510363000 r--p 00007000 08:06 4723411                    /lib/x86_64-linux-gnu/libnss_compat-2.23.so
7f7510363000-7f7510364000 rw-p 00008000 08:06 4723411                    /lib/x86_64-linux-gnu/libnss_compat-2.23.so
7f7510364000-7f7510391000 r-xp 00000000 08:06 5638873                    /usr/lib/jvm/java-8-openjdk-amd64/jre/lib/amd64/libjava.so
7f7510391000-7f7510590000 ---p 0002d000 08:06 5638873                    /usr/lib/jvm/java-8-openjdk-amd64/jre/lib/amd64/libjava.so
7f7510590000-7f7510591000 r--p 0002c000 08:06 5638873                    /usr/lib/jvm/java-8-openjdk-amd64/jre/lib/amd64/libjava.so
7f7510591000-7f7510593000 rw-p 0002d000 08:06 5638873                    /usr/lib/jvm/java-8-openjdk-amd64/jre/lib/amd64/libjava.so
7f7510593000-7f75105a2000 r-xp 00000000 08:06 5638874                    /usr/lib/jvm/java-8-openjdk-amd64/jre/lib/amd64/libverify.so
7f75105a2000-7f75107a1000 ---p 0000f000 08:06 5638874                    /usr/lib/jvm/java-8-openjdk-amd64/jre/lib/amd64/libverify.so
7f75107a1000-7f75107a3000 r--p 0000e000 08:06 5638874                    /usr/lib/jvm/java-8-openjdk-amd64/jre/lib/amd64/libverify.so
7f75107a3000-7f75107a4000 rw-p 00010000 08:06 5638874                    /usr/lib/jvm/java-8-openjdk-amd64/jre/lib/amd64/libverify.so
7f75107a4000-7f75107ab000 r-xp 00000000 08:06 4723470                    /lib/x86_64-linux-gnu/librt-2.23.so
7f75107ab000-7f75109aa000 ---p 00007000 08:06 4723470                    /lib/x86_64-linux-gnu/librt-2.23.so
7f75109aa000-7f75109ab000 r--p 00006000 08:06 4723470                    /lib/x86_64-linux-gnu/librt-2.23.so
7f75109ab000-7f75109ac000 rw-p 00007000 08:06 4723470                    /lib/x86_64-linux-gnu/librt-2.23.so
7f75109ac000-7f75109c2000 r-xp 00000000 08:06 4723354                    /lib/x86_64-linux-gnu/libgcc_s.so.1
7f75109c2000-7f7510bc1000 ---p 00016000 08:06 4723354                    /lib/x86_64-linux-gnu/libgcc_s.so.1
7f7510bc1000-7f7510bc2000 rw-p 00015000 08:06 4723354                    /lib/x86_64-linux-gnu/libgcc_s.so.1
7f7510bc2000-7f7510cca000 r-xp 00000000 08:06 4723386                    /lib/x86_64-linux-gnu/libm-2.23.so
7f7510cca000-7f7510ec9000 ---p 00108000 08:06 4723386                    /lib/x86_64-linux-gnu/libm-2.23.so
7f7510ec9000-7f7510eca000 r--p 00107000 08:06 4723386                    /lib/x86_64-linux-gnu/libm-2.23.so
7f7510eca000-7f7510ecb000 rw-p 00108000 08:06 4723386                    /lib/x86_64-linux-gnu/libm-2.23.so
7f7510ecb000-7f751103d000 r-xp 00000000 08:06 5375998                    /usr/lib/x86_64-linux-gnu/libstdc++.so.6.0.21
7f751103d000-7f751123d000 ---p 00172000 08:06 5375998                    /usr/lib/x86_64-linux-gnu/libstdc++.so.6.0.21
7f751123d000-7f7511247000 r--p 00172000 08:06 5375998                    /usr/lib/x86_64-linux-gnu/libstdc++.so.6.0.21
7f7511247000-7f7511249000 rw-p 0017c000 08:06 5375998                    /usr/lib/x86_64-linux-gnu/libstdc++.so.6.0.21
7f7511249000-7f751124d000 rw-p 00000000 00:00 0 
7f751124d000-7f7511e93000 r-xp 00000000 08:06 5639941                    /usr/lib/jvm/java-8-openjdk-amd64/jre/lib/amd64/server/libjvm.so
7f7511e93000-7f7512093000 ---p 00c46000 08:06 5639941                    /usr/lib/jvm/java-8-openjdk-amd64/jre/lib/amd64/server/libjvm.so
7f7512093000-7f7512126000 r--p 00c46000 08:06 5639941                    /usr/lib/jvm/java-8-openjdk-amd64/jre/lib/amd64/server/libjvm.so
7f7512126000-7f751214e000 rw-p 00cd9000 08:06 5639941                    /usr/lib/jvm/java-8-openjdk-amd64/jre/lib/amd64/server/libjvm.so
7f751214e000-7f751217e000 rw-p 00000000 00:00 0 
7f751217e000-7f7512196000 r-xp 00000000 08:06 4723462                    /lib/x86_64-linux-gnu/libpthread-2.23.so
7f7512196000-7f7512395000 ---p 00018000 08:06 4723462                    /lib/x86_64-linux-gnu/libpthread-2.23.so
7f7512395000-7f7512396000 r--p 00017000 08:06 4723462                    /lib/x86_64-linux-gnu/libpthread-2.23.so
7f7512396000-7f7512397000 rw-p 00018000 08:06 4723462                    /lib/x86_64-linux-gnu/libpthread-2.23.so
7f7512397000-7f751239b000 rw-p 00000000 00:00 0 
7f751239b000-7f751239e000 r-xp 00000000 08:06 4723340                    /lib/x86_64-linux-gnu/libdl-2.23.so
7f751239e000-7f751259d000 ---p 00003000 08:06 4723340                    /lib/x86_64-linux-gnu/libdl-2.23.so
7f751259d000-7f751259e000 r--p 00002000 08:06 4723340                    /lib/x86_64-linux-gnu/libdl-2.23.so
7f751259e000-7f751259f000 rw-p 00003000 08:06 4723340                    /lib/x86_64-linux-gnu/libdl-2.23.so
7f751259f000-7f75125b8000 r-xp 00000000 08:06 4723507                    /lib/x86_64-linux-gnu/libz.so.1.2.8
7f75125b8000-7f75127b7000 ---p 00019000 08:06 4723507                    /lib/x86_64-linux-gnu/libz.so.1.2.8
7f75127b7000-7f75127b8000 r--p 00018000 08:06 4723507                    /lib/x86_64-linux-gnu/libz.so.1.2.8
7f75127b8000-7f75127b9000 rw-p 00019000 08:06 4723507                    /lib/x86_64-linux-gnu/libz.so.1.2.8
7f75127b9000-7f7512979000 r-xp 00000000 08:06 4723316                    /lib/x86_64-linux-gnu/libc-2.23.so
7f7512979000-7f7512b78000 ---p 001c0000 08:06 4723316                    /lib/x86_64-linux-gnu/libc-2.23.so
7f7512b78000-7f7512b7c000 r--p 001bf000 08:06 4723316                    /lib/x86_64-linux-gnu/libc-2.23.so
7f7512b7c000-7f7512b7e000 rw-p 001c3000 08:06 4723316                    /lib/x86_64-linux-gnu/libc-2.23.so
7f7512b7e000-7f7512b82000 rw-p 00000000 00:00 0 
7f7512b82000-7f7512b8f000 r-xp 00000000 08:06 5639979                    /usr/lib/jvm/java-8-openjdk-amd64/jre/lib/amd64/jli/libjli.so
7f7512b8f000-7f7512d8f000 ---p 0000d000 08:06 5639979                    /usr/lib/jvm/java-8-openjdk-amd64/jre/lib/amd64/jli/libjli.so
7f7512d8f000-7f7512d90000 r--p 0000d000 08:06 5639979                    /usr/lib/jvm/java-8-openjdk-amd64/jre/lib/amd64/jli/libjli.so
7f7512d90000-7f7512d91000 rw-p 0000e000 08:06 5639979                    /usr/lib/jvm/java-8-openjdk-amd64/jre/lib/amd64/jli/libjli.so
7f7512d91000-7f7512db7000 r-xp 00000000 08:06 4723288                    /lib/x86_64-linux-gnu/ld-2.23.so
7f7512db7000-7f7512db8000 r--s 00000000 08:06 5640006                    /usr/lib/jvm/java-8-openjdk-amd64/jre/lib/management-agent.jar
7f7512db8000-7f7512dbe000 r--s 002f8000 08:06 5639999                    /usr/lib/jvm/java-8-openjdk-amd64/jre/lib/charsets.jar
7f7512dbe000-7f7512dc3000 r--s 0003b000 08:06 5640015                    /usr/lib/jvm/java-8-openjdk-amd64/jre/lib/ext/sunjce_provider.jar
7f7512dc3000-7f7512dc7000 r--s 00037000 08:06 5640018                    /usr/lib/jvm/java-8-openjdk-amd64/jre/lib/ext/sunpkcs11.jar
7f7512dc7000-7f7512dc8000 r--s 00010000 08:06 5640014                    /usr/lib/jvm/java-8-openjdk-amd64/jre/lib/ext/zipfs.jar
7f7512dc8000-7f7512dc9000 r--s 0000a000 08:06 5640013                    /usr/lib/jvm/java-8-openjdk-amd64/jre/lib/ext/jaccess.jar
7f7512dc9000-7f7512e94000 rw-p 00000000 00:00 0 
7f7512e94000-7f7512e97000 ---p 00000000 00:00 0 
7f7512e97000-7f7512f9a000 rw-p 00000000 00:00 0 
7f7512f9a000-7f7512fa4000 r--s 00116000 08:06 5640017                    /usr/lib/jvm/java-8-openjdk-amd64/jre/lib/ext/localedata.jar
7f7512fa4000-7f7512fa6000 r--s 00001000 08:06 5640010                    /usr/lib/jvm/java-8-openjdk-amd64/jre/lib/ext/dnsns.jar
7f7512fa6000-7f7512fa9000 r--s 0000f000 08:06 5640016                    /usr/lib/jvm/java-8-openjdk-amd64/jre/lib/ext/icedtea-sound.jar
7f7512fa9000-7f7512faa000 r--s 00008000 08:06 5640012                    /usr/lib/jvm/java-8-openjdk-amd64/jre/lib/ext/sunec.jar
7f7512faa000-7f7512fb2000 rw-s 00000000 08:06 2228799                    /tmp/hsperfdata_kai/22131
7f7512fb2000-7f7512fb3000 rw-p 00000000 00:00 0 
7f7512fb3000-7f7512fb4000 ---p 00000000 00:00 0 
7f7512fb4000-7f7512fb6000 rw-p 00000000 00:00 0 
7f7512fb6000-7f7512fb7000 r--p 00025000 08:06 4723288                    /lib/x86_64-linux-gnu/ld-2.23.so
7f7512fb7000-7f7512fb8000 rw-p 00026000 08:06 4723288                    /lib/x86_64-linux-gnu/ld-2.23.so
7f7512fb8000-7f7512fb9000 rw-p 00000000 00:00 0 
7ffd94c0c000-7ffd94c2f000 rw-p 00000000 00:00 0                          [stack]
7ffd94c38000-7ffd94c3a000 r--p 00000000 00:00 0                          [vvar]
7ffd94c3a000-7ffd94c3c000 r-xp 00000000 00:00 0                          [vdso]
ffffffffff600000-ffffffffff601000 r-xp 00000000 00:00 0                  [vsyscall]

VM Arguments:
jvm_args: -Didea.launcher.port=7536 -Didea.launcher.bin.path=/home/kai/Downloads/idea-IC-162.1447.26/bin -Dfile.encoding=UTF-8 
java_command: com.intellij.rt.execution.application.AppMain TrafficMR files/traffic files/output
java_class_path (initial): /usr/lib/jvm/java-8-openjdk-amd64/jre/lib/charsets.jar:/usr/lib/jvm/java-8-openjdk-amd64/jre/lib/ext/cldrdata.jar:/usr/lib/jvm/java-8-openjdk-amd64/jre/lib/ext/dnsns.jar:/usr/lib/jvm/java-8-openjdk-amd64/jre/lib/ext/icedtea-sound.jar:/usr/lib/jvm/java-8-openjdk-amd64/jre/lib/ext/jaccess.jar:/usr/lib/jvm/java-8-openjdk-amd64/jre/lib/ext/localedata.jar:/usr/lib/jvm/java-8-openjdk-amd64/jre/lib/ext/nashorn.jar:/usr/lib/jvm/java-8-openjdk-amd64/jre/lib/ext/sunec.jar:/usr/lib/jvm/java-8-openjdk-amd64/jre/lib/ext/sunjce_provider.jar:/usr/lib/jvm/java-8-openjdk-amd64/jre/lib/ext/sunpkcs11.jar:/usr/lib/jvm/java-8-openjdk-amd64/jre/lib/ext/zipfs.jar:/usr/lib/jvm/java-8-openjdk-amd64/jre/lib/jce.jar:/usr/lib/jvm/java-8-openjdk-amd64/jre/lib/jsse.jar:/usr/lib/jvm/java-8-openjdk-amd64/jre/lib/management-agent.jar:/usr/lib/jvm/java-8-openjdk-amd64/jre/lib/resources.jar:/usr/lib/jvm/java-8-openjdk-amd64/jre/lib/rt.jar:/home/kai/bd/BigData/Hadoop1/target/classes:/home/kai/.m2/repository/org/apache/hadoop/hadoop-common/2.5.2/hadoop-common-2.5.2.jar:/home/kai/.m2/repository/org/apache/hadoop/hadoop-annotations/2.5.2/hadoop-annotations-2.5.2.jar:/usr/lib/jvm/java-8-openjdk-amd64/jre/../lib/tools.jar:/home/kai/.m2/repository/com/google/guava/guava/11.0.2/guava-11.0.2.jar:/home/kai/.m2/repository/com/google/code/findbugs/jsr305/1.3.9/jsr305-1.3.9.jar:/home/kai/.m2/repository/commons-cli/commons-cli/1.2/commons-cli-1.2.jar:/home/kai/.m2/repository/org/apache/commons/commons-math3/3.1.1/commons-math3-3.1.1.jar:/home/kai/.m2/repository/xmlenc/xmlenc/0.52/xmlenc-0.52.jar:/home/kai/.m2/repository/commons-httpclient/commons-httpclient/3.1/commons-httpclient-3.1.jar:/home/kai/.m2/repository/commons-logging/commons-logging/1.1.3/commons-logging-1.1.3.jar:/home/kai/.m2/repository/commons-codec/commons-codec/1.4/commons-codec-1.4.jar:/home/kai/.m2/repository/commons-io/commons-io/2.4/commons-io-2.4.jar:/home/kai/.m2/repository/commons-net/commons-net/3.1/commons-net-
Launcher Type: SUN_STANDARD

Environment Variables:
JAVA_HOME=/usr/lib/jvm/java-8-openjdk-amd64
PATH=/home/kai/bin:/home/kai/.local/bin:/usr/local/sbin:/usr/local/bin:/usr/sbin:/usr/bin:/sbin:/bin:/usr/games:/usr/local/games:/snap/bin:/srv/hadoop/bin
LD_LIBRARY_PATH=/home/kai/Downloads/idea-IC-162.1447.26/bin:
SHELL=/bin/bash
DISPLAY=:0

Signal Handlers:
SIGSEGV: [libjvm.so+0xa5e970], sa_mask[0]=11111111011111111101111111111110, sa_flags=SA_RESTART|SA_SIGINFO
SIGBUS: [libjvm.so+0xa5e970], sa_mask[0]=11111111011111111101111111111110, sa_flags=SA_RESTART|SA_SIGINFO
SIGFPE: [libjvm.so+0x8a9ff0], sa_mask[0]=11111111011111111101111111111110, sa_flags=SA_RESTART|SA_SIGINFO
SIGPIPE: [libjvm.so+0x8a9ff0], sa_mask[0]=11111111011111111101111111111110, sa_flags=SA_RESTART|SA_SIGINFO
SIGXFSZ: [libjvm.so+0x8a9ff0], sa_mask[0]=11111111011111111101111111111110, sa_flags=SA_RESTART|SA_SIGINFO
SIGILL: [libjvm.so+0x8a9ff0], sa_mask[0]=11111111011111111101111111111110, sa_flags=SA_RESTART|SA_SIGINFO
SIGUSR1: SIG_DFL, sa_mask[0]=00000000000000000000000000000000, sa_flags=none
SIGUSR2: [libjvm.so+0x8a9ea0], sa_mask[0]=00100000000000000000000000000000, sa_flags=SA_RESTART|SA_SIGINFO
SIGHUP: [libjvm.so+0x8aa370], sa_mask[0]=11111111011111111101111111111110, sa_flags=SA_RESTART|SA_SIGINFO
SIGINT: [libjvm.so+0x8aa370], sa_mask[0]=11111111011111111101111111111110, sa_flags=SA_RESTART|SA_SIGINFO
SIGTERM: [libjvm.so+0x8aa370], sa_mask[0]=11111111011111111101111111111110, sa_flags=SA_RESTART|SA_SIGINFO
SIGQUIT: [libjvm.so+0x8aa370], sa_mask[0]=11111111011111111101111111111110, sa_flags=SA_RESTART|SA_SIGINFO


---------------  S Y S T E M  ---------------

OS:DISTRIB_ID=Ubuntu
DISTRIB_RELEASE=16.04
DISTRIB_CODENAME=xenial
DISTRIB_DESCRIPTION="Ubuntu 16.04.1 LTS"

uname:Linux 4.4.0-34-generic #53-Ubuntu SMP Wed Jul 27 16:06:39 UTC 2016 x86_64
libc:glibc 2.23 NPTL 2.23 
rlimit: STACK 8192k, CORE 0k, NPROC 30946, NOFILE 65536, AS infinity
load average:85.89 34.75 14.89

/proc/meminfo:
MemTotal:        8009968 kB
MemFree:          131304 kB
MemAvailable:      31788 kB
Buffers:            1048 kB
Cached:           879368 kB
SwapCached:            0 kB
Active:          6777300 kB
Inactive:         861024 kB
Active(anon):    6763832 kB
Inactive(anon):   838312 kB
Active(file):      13468 kB
Inactive(file):    22712 kB
Unevictable:          32 kB
Mlocked:              32 kB
SwapTotal:             0 kB
SwapFree:              0 kB
Dirty:               192 kB
Writeback:             0 kB
AnonPages:       6759008 kB
Mapped:           509608 kB
Shmem:            843168 kB
Slab:              93416 kB
SReclaimable:      47168 kB
SUnreclaim:        46248 kB
KernelStack:       18464 kB
PageTables:        54732 kB
NFS_Unstable:          0 kB
Bounce:                0 kB
WritebackTmp:          0 kB
CommitLimit:     4004984 kB
Committed_AS:   12896876 kB
VmallocTotal:   34359738367 kB
VmallocUsed:           0 kB
VmallocChunk:          0 kB
HardwareCorrupted:     0 kB
AnonHugePages:   3532800 kB
CmaTotal:              0 kB
CmaFree:               0 kB
HugePages_Total:       0
HugePages_Free:        0
HugePages_Rsvd:        0
HugePages_Surp:        0
Hugepagesize:       2048 kB
DirectMap4k:      157008 kB
DirectMap2M:     5969920 kB
DirectMap1G:     3145728 kB


CPU:total 4 (2 cores per cpu, 2 threads per core) family 6 model 78 stepping 3, cmov, cx8, fxsr, mmx, sse, sse2, sse3, ssse3, sse4.1, sse4.2, popcnt, avx, avx2, aes, clmul, erms, 3dnowpref, lzcnt, ht, tsc, tscinvbit, bmi1, bmi2, adx

/proc/cpuinfo:
processor	: 0
vendor_id	: GenuineIntel
cpu family	: 6
model		: 78
model name	: Intel(R) Core(TM) i5-6200U CPU @ 2.30GHz
stepping	: 3
microcode	: 0x33
cpu MHz		: 637.500
cache size	: 3072 KB
physical id	: 0
siblings	: 4
core id		: 0
cpu cores	: 2
apicid		: 0
initial apicid	: 0
fpu		: yes
fpu_exception	: yes
cpuid level	: 22
wp		: yes
flags		: fpu vme de pse tsc msr pae mce cx8 apic sep mtrr pge mca cmov pat pse36 clflush dts acpi mmx fxsr sse sse2 ss ht tm pbe syscall nx pdpe1gb rdtscp lm constant_tsc art arch_perfmon pebs bts rep_good nopl xtopology nonstop_tsc aperfmperf eagerfpu pni pclmulqdq dtes64 monitor ds_cpl vmx est tm2 ssse3 sdbg fma cx16 xtpr pdcm pcid sse4_1 sse4_2 x2apic movbe popcnt tsc_deadline_timer aes xsave avx f16c rdrand lahf_lm abm 3dnowprefetch epb intel_pt tpr_shadow vnmi flexpriority ept vpid fsgsbase tsc_adjust bmi1 avx2 smep bmi2 erms invpcid mpx rdseed adx smap clflushopt xsaveopt xsavec xgetbv1 dtherm ida arat pln pts hwp hwp_notify hwp_act_window hwp_epp
bugs		:
bogomips	: 4799.86
clflush size	: 64
cache_alignment	: 64
address sizes	: 39 bits physical, 48 bits virtual
power management:

processor	: 1
vendor_id	: GenuineIntel
cpu family	: 6
model		: 78
model name	: Intel(R) Core(TM) i5-6200U CPU @ 2.30GHz
stepping	: 3
microcode	: 0x33
cpu MHz		: 604.500
cache size	: 3072 KB
physical id	: 0
siblings	: 4
core id		: 1
cpu cores	: 2
apicid		: 2
initial apicid	: 2
fpu		: yes
fpu_exception	: yes
cpuid level	: 22
wp		: yes
flags		: fpu vme de pse tsc msr pae mce cx8 apic sep mtrr pge mca cmov pat pse36 clflush dts acpi mmx fxsr sse sse2 ss ht tm pbe syscall nx pdpe1gb rdtscp lm constant_tsc art arch_perfmon pebs bts rep_good nopl xtopology nonstop_tsc aperfmperf eagerfpu pni pclmulqdq dtes64 monitor ds_cpl vmx est tm2 ssse3 sdbg fma cx16 xtpr pdcm pcid sse4_1 sse4_2 x2apic movbe popcnt tsc_deadline_timer aes xsave avx f16c rdrand lahf_lm abm 3dnowprefetch epb intel_pt tpr_shadow vnmi flexpriority ept vpid fsgsbase tsc_adjust bmi1 avx2 smep bmi2 erms invpcid mpx rdseed adx smap clflushopt xsaveopt xsavec xgetbv1 dtherm ida arat pln pts hwp hwp_notify hwp_act_window hwp_epp
bugs		:
bogomips	: 4799.86
clflush size	: 64
cache_alignment	: 64
address sizes	: 39 bits physical, 48 bits virtual
power management:

processor	: 2
vendor_id	: GenuineIntel
cpu family	: 6
model		: 78
model name	: Intel(R) Core(TM) i5-6200U CPU @ 2.30GHz
stepping	: 3
microcode	: 0x33
cpu MHz		: 570.000
cache size	: 3072 KB
physical id	: 0
siblings	: 4
core id		: 0
cpu cores	: 2
apicid		: 1
initial apicid	: 1
fpu		: yes
fpu_exception	: yes
cpuid level	: 22
wp		: yes
flags		: fpu vme de pse tsc msr pae mce cx8 apic sep mtrr pge mca cmov pat pse36 clflush dts acpi mmx fxsr sse sse2 ss ht tm pbe syscall nx pdpe1gb rdtscp lm constant_tsc art arch_perfmon pebs bts rep_good nopl xtopology nonstop_tsc aperfmperf eagerfpu pni pclmulqdq dtes64 monitor ds_cpl vmx est tm2 ssse3 sdbg fma cx16 xtpr pdcm pcid sse4_1 sse4_2 x2apic movbe popcnt tsc_deadline_timer aes xsave avx f16c rdrand lahf_lm abm 3dnowprefetch epb intel_pt tpr_shadow vnmi flexpriority ept vpid fsgsbase tsc_adjust bmi1 avx2 smep bmi2 erms invpcid mpx rdseed adx smap clflushopt xsaveopt xsavec xgetbv1 dtherm ida arat pln pts hwp hwp_notify hwp_act_window hwp_epp
bugs		:
bogomips	: 4799.86
clflush size	: 64
cache_alignment	: 64
address sizes	: 39 bits physical, 48 bits virtual
power management:

processor	: 3
vendor_id	: GenuineIntel
cpu family	: 6
model		: 78
model name	: Intel(R) Core(TM) i5-6200U CPU @ 2.30GHz
stepping	: 3
microcode	: 0x33
cpu MHz		: 590.437
cache size	: 3072 KB
physical id	: 0
siblings	: 4
core id		: 1
cpu cores	: 2
apicid		: 3
initial apicid	: 3
fpu		: yes
fpu_exception	: yes
cpuid level	: 22
wp		: yes
flags		: fpu vme de pse tsc msr pae mce cx8 apic sep mtrr pge mca cmov pat pse36 clflush dts acpi mmx fxsr sse sse2 ss ht tm pbe syscall nx pdpe1gb rdtscp lm constant_tsc art arch_perfmon pebs bts rep_good nopl xtopology nonstop_tsc aperfmperf eagerfpu pni pclmulqdq dtes64 monitor ds_cpl vmx est tm2 ssse3 sdbg fma cx16 xtpr pdcm pcid sse4_1 sse4_2 x2apic movbe popcnt tsc_deadline_timer aes xsave avx f16c rdrand lahf_lm abm 3dnowprefetch epb intel_pt tpr_shadow vnmi flexpriority ept vpid fsgsbase tsc_adjust bmi1 avx2 smep bmi2 erms invpcid mpx rdseed adx smap clflushopt xsaveopt xsavec xgetbv1 dtherm ida arat pln pts hwp hwp_notify hwp_act_window hwp_epp
bugs		:
bogomips	: 4799.86
clflush size	: 64
cache_alignment	: 64
address sizes	: 39 bits physical, 48 bits virtual
power management:



Memory: 4k page, physical 8009968k(130560k free), swap 0k(0k free)

vm_info: OpenJDK 64-Bit Server VM (25.91-b14) for linux-amd64 JRE (1.8.0_91-8u91-b14-3ubuntu1~16.04.1-b14), built on Jul 21 2016 04:13:34 by "buildd" with gcc 5.3.1 20160413

time: Sun Aug 21 13:11:42 2016
elapsed time: 175 seconds (0d 0h 2m 55s)

