#
# There is insufficient memory for the Java Runtime Environment to continue.
# Native memory allocation (mmap) failed to map 1074790400 bytes for committing reserved memory.
# Possible reasons:
#   The system is out of physical RAM or swap space
#   In 32 bit mode, the process size limit was hit
# Possible solutions:
#   Reduce memory load on the system
#   Increase physical memory or swap space
#   Check if swap backing store is full
#   Use 64 bit Java on a 64 bit OS
#   Decrease Java heap size (-Xmx/-Xms)
#   Decrease number of Java threads
#   Decrease Java thread stack sizes (-Xss)
#   Set larger code cache with -XX:ReservedCodeCacheSize=
# This output file may be truncated or incomplete.
#
#  Out of Memory Error (os_linux.cpp:2630), pid=11312, tid=139685895104256
#
# JRE version: OpenJDK Runtime Environment (8.0_91-b14) (build 1.8.0_91-8u91-b14-3ubuntu1~16.04.1-b14)
# Java VM: OpenJDK 64-Bit Server VM (25.91-b14 mixed mode linux-amd64 compressed oops)
# Failed to write core dump. Core dumps have been disabled. To enable core dumping, try "ulimit -c unlimited" before starting Java again
#

---------------  T H R E A D  ---------------

Current thread (0x00007f0b2000e000):  JavaThread "main" [_thread_in_vm, id=11315, stack(0x00007f0b28186000,0x00007f0b28287000)]

Stack: [0x00007f0b28186000,0x00007f0b28287000],  sp=0x00007f0b282847c0,  free space=1017k
Native frames: (J=compiled Java code, j=interpreted, Vv=VM code, C=native code)
V  [libjvm.so+0xa5de1b]
V  [libjvm.so+0x4c178c]
V  [libjvm.so+0x8ae9d0]
V  [libjvm.so+0x8a8e4e]
V  [libjvm.so+0x922f46]
V  [libjvm.so+0x9125da]
V  [libjvm.so+0x9127e3]
V  [libjvm.so+0x912ab8]
V  [libjvm.so+0x8d29c7]
V  [libjvm.so+0xa1d99c]
V  [libjvm.so+0x94cc76]
v  ~RuntimeStub::_new_array_nozero_Java
J 3756 C2 org.apache.commons.io.output.StringBuilderWriter.write([CII)V (16 bytes) @ 0x00007f0b1c11b354 [0x00007f0b1c11b080+0x2d4]
J 3980% C1 org.apache.commons.io.IOUtils.copyLarge(Ljava/io/Reader;Ljava/io/Writer;[C)J (36 bytes) @ 0x00007f0b1c408ccc [0x00007f0b1c408ba0+0x12c]
j  org.apache.commons.io.IOUtils.copyLarge(Ljava/io/Reader;Ljava/io/Writer;)J+7
j  org.apache.commons.io.IOUtils.copy(Ljava/io/Reader;Ljava/io/Writer;)I+2
j  org.apache.commons.io.IOUtils.copy(Ljava/io/InputStream;Ljava/io/Writer;Ljava/nio/charset/Charset;)V+15
j  org.apache.commons.io.IOUtils.toString(Ljava/io/InputStream;Ljava/nio/charset/Charset;)Ljava/lang/String;+11
j  org.apache.commons.io.FileUtils.readFileToString(Ljava/io/File;Ljava/nio/charset/Charset;)Ljava/lang/String;+12
j  org.apache.commons.io.FileUtils.readFileToString(Ljava/io/File;)Ljava/lang/String;+4
j  HdfsWriter.writeToHDFS(Ljava/io/File;Ljava/lang/String;)V+6
j  HdfsWriter.run([Ljava/lang/String;)I+69
j  org.apache.hadoop.util.ToolRunner.run(Lorg/apache/hadoop/conf/Configuration;Lorg/apache/hadoop/util/Tool;[Ljava/lang/String;)I+38
j  org.apache.hadoop.util.ToolRunner.run(Lorg/apache/hadoop/util/Tool;[Ljava/lang/String;)I+8
j  PageRankBenchmarker.main([Ljava/lang/String;)V+169
v  ~StubRoutines::call_stub
V  [libjvm.so+0x65effb]
V  [libjvm.so+0x930076]
V  [libjvm.so+0x931d8f]
V  [libjvm.so+0x6aaba9]  JVM_InvokeMethod+0x119
j  sun.reflect.NativeMethodAccessorImpl.invoke0(Ljava/lang/reflect/Method;Ljava/lang/Object;[Ljava/lang/Object;)Ljava/lang/Object;+0
j  sun.reflect.NativeMethodAccessorImpl.invoke(Ljava/lang/Object;[Ljava/lang/Object;)Ljava/lang/Object;+100
j  sun.reflect.DelegatingMethodAccessorImpl.invoke(Ljava/lang/Object;[Ljava/lang/Object;)Ljava/lang/Object;+6
j  java.lang.reflect.Method.invoke(Ljava/lang/Object;[Ljava/lang/Object;)Ljava/lang/Object;+56
j  com.intellij.rt.execution.application.AppMain.main([Ljava/lang/String;)V+170
v  ~StubRoutines::call_stub
V  [libjvm.so+0x65effb]
V  [libjvm.so+0x680d3e]
V  [libjvm.so+0x68366f]
C  [libjli.so+0x353f]
C  [libjli.so+0x73cd]
C  [libpthread.so.0+0x76fa]  start_thread+0xca

Java frames: (J=compiled Java code, j=interpreted, Vv=VM code)
v  ~RuntimeStub::_new_array_nozero_Java
J 3756 C2 org.apache.commons.io.output.StringBuilderWriter.write([CII)V (16 bytes) @ 0x00007f0b1c11b354 [0x00007f0b1c11b080+0x2d4]
J 3980% C1 org.apache.commons.io.IOUtils.copyLarge(Ljava/io/Reader;Ljava/io/Writer;[C)J (36 bytes) @ 0x00007f0b1c408ccc [0x00007f0b1c408ba0+0x12c]
j  org.apache.commons.io.IOUtils.copyLarge(Ljava/io/Reader;Ljava/io/Writer;)J+7
j  org.apache.commons.io.IOUtils.copy(Ljava/io/Reader;Ljava/io/Writer;)I+2
j  org.apache.commons.io.IOUtils.copy(Ljava/io/InputStream;Ljava/io/Writer;Ljava/nio/charset/Charset;)V+15
j  org.apache.commons.io.IOUtils.toString(Ljava/io/InputStream;Ljava/nio/charset/Charset;)Ljava/lang/String;+11
j  org.apache.commons.io.FileUtils.readFileToString(Ljava/io/File;Ljava/nio/charset/Charset;)Ljava/lang/String;+12
j  org.apache.commons.io.FileUtils.readFileToString(Ljava/io/File;)Ljava/lang/String;+4
j  HdfsWriter.writeToHDFS(Ljava/io/File;Ljava/lang/String;)V+6
j  HdfsWriter.run([Ljava/lang/String;)I+69
j  org.apache.hadoop.util.ToolRunner.run(Lorg/apache/hadoop/conf/Configuration;Lorg/apache/hadoop/util/Tool;[Ljava/lang/String;)I+38
j  org.apache.hadoop.util.ToolRunner.run(Lorg/apache/hadoop/util/Tool;[Ljava/lang/String;)I+8
j  PageRankBenchmarker.main([Ljava/lang/String;)V+169
v  ~StubRoutines::call_stub
j  sun.reflect.NativeMethodAccessorImpl.invoke0(Ljava/lang/reflect/Method;Ljava/lang/Object;[Ljava/lang/Object;)Ljava/lang/Object;+0
j  sun.reflect.NativeMethodAccessorImpl.invoke(Ljava/lang/Object;[Ljava/lang/Object;)Ljava/lang/Object;+100
j  sun.reflect.DelegatingMethodAccessorImpl.invoke(Ljava/lang/Object;[Ljava/lang/Object;)Ljava/lang/Object;+6
j  java.lang.reflect.Method.invoke(Ljava/lang/Object;[Ljava/lang/Object;)Ljava/lang/Object;+56
j  com.intellij.rt.execution.application.AppMain.main([Ljava/lang/String;)V+170
v  ~StubRoutines::call_stub

---------------  P R O C E S S  ---------------

Java Threads: ( => current thread )
  0x00007f0b20775800 JavaThread "LeaseRenewer:kai@localhost:9000" daemon [_thread_blocked, id=11972, stack(0x00007f0ada5c1000,0x00007f0ada6c2000)]
  0x00007f0ac0037000 JavaThread "org.apache.hadoop.hdfs.PeerCache@5268c11d" daemon [_thread_blocked, id=11395, stack(0x00007f0ad9c92000,0x00007f0ad9d93000)]
  0x00007f0b205ab800 JavaThread "process reaper" daemon [_thread_blocked, id=11343, stack(0x00007f0b1801c000,0x00007f0b18055000)]
  0x00007f0b204f7000 JavaThread "Monitor Ctrl-Break" daemon [_thread_in_native, id=11341, stack(0x00007f0b18055000,0x00007f0b18156000)]
  0x00007f0b200bc800 JavaThread "Service Thread" daemon [_thread_blocked, id=11339, stack(0x00007f0b1859d000,0x00007f0b1869e000)]
  0x00007f0b200b5800 JavaThread "C1 CompilerThread2" daemon [_thread_blocked, id=11338, stack(0x00007f0b1869e000,0x00007f0b1879f000)]
  0x00007f0b200b3800 JavaThread "C2 CompilerThread1" daemon [_thread_blocked, id=11337, stack(0x00007f0b1879f000,0x00007f0b188a0000)]
  0x00007f0b200b1000 JavaThread "C2 CompilerThread0" daemon [_thread_blocked, id=11333, stack(0x00007f0b188a0000,0x00007f0b189a1000)]
  0x00007f0b200ae800 JavaThread "Signal Dispatcher" daemon [_thread_blocked, id=11330, stack(0x00007f0b189a1000,0x00007f0b18aa2000)]
  0x00007f0b20087800 JavaThread "Finalizer" daemon [_thread_blocked, id=11328, stack(0x00007f0b19461000,0x00007f0b19562000)]
  0x00007f0b20083000 JavaThread "Reference Handler" daemon [_thread_blocked, id=11327, stack(0x00007f0b19562000,0x00007f0b19663000)]
=>0x00007f0b2000e000 JavaThread "main" [_thread_in_vm, id=11315, stack(0x00007f0b28186000,0x00007f0b28287000)]

Other Threads:
  0x00007f0b2007b800 VMThread [stack: 0x00007f0b19663000,0x00007f0b19764000] [id=11326]
  0x00007f0b200bf000 WatcherThread [stack: 0x00007f0b1849c000,0x00007f0b1859d000] [id=11340]

VM state:not at safepoint (normal execution)

VM Mutex/Monitor currently owned by a thread:  ([mutex/lock_event])
[0x00007f0b20009bc0] ExpandHeap_lock - owner thread: 0x00007f0b2000e000
[0x00007f0b2000a740] Heap_lock - owner thread: 0x00007f0b2000e000

Heap:
 PSYoungGen      total 1379840K, used 796168K [0x000000076ab00000, 0x00000007bfe80000, 0x00000007c0000000)
  eden space 1365504K, 58% used [0x000000076ab00000,0x000000079b3391d0,0x00000007be080000)
  from space 14336K, 9% used [0x00000007be080000,0x00000007be1c8fc0,0x00000007bee80000)
  to   space 13824K, 0% used [0x00000007bf100000,0x00000007bf100000,0x00000007bfe80000)
 ParOldGen       total 1398272K, used 585371K [0x00000006c0000000, 0x0000000715580000, 0x000000076ab00000)
  object space 1398272K, 41% used [0x00000006c0000000,0x00000006e3ba6da8,0x0000000715580000)
 Metaspace       used 23397K, capacity 23728K, committed 23936K, reserved 1071104K
  class space    used 2512K, capacity 2606K, committed 2688K, reserved 1048576K

Card table byte_map: [0x00007f0b2430c000,0x00007f0b24b0d000] byte_map_base: 0x00007f0b20d0c000

Marking Bits: (ParMarkBitMap*) 0x00007f0b27453fc0
 Begin Bits: [0x00007f0b0c000000, 0x00007f0b10000000)
 End Bits:   [0x00007f0b10000000, 0x00007f0b14000000)

Polling page: 0x00007f0b282a5000

CodeCache: size=65536Kb used=10159Kb max_used=10168Kb free=55376Kb
 bounds [0x00007f0b1c000000, 0x00007f0b1ca10000, 0x00007f0b20000000]
 total_blobs=3679 nmethods=3222 adapters=371
 compilation: enabled

Compilation events (10 events):
Event: 131.571 Thread 0x00007f0b200b5800 3977       1       org.apache.hadoop.hdfs.protocol.proto.HdfsProtos$ChecksumTypeProto::getNumber (5 bytes)
Event: 131.571 Thread 0x00007f0b200b5800 nmethod 3977 0x00007f0b1c43b290 code [0x00007f0b1c43b3e0, 0x00007f0b1c43b4f0]
Event: 132.542 Thread 0x00007f0b200b5800 3978       3       java.io.FileOutputStream::finalize (39 bytes)
Event: 132.542 Thread 0x00007f0b200b1000 3979   !   4       java.lang.ref.Reference::tryHandlePending (115 bytes)
Event: 132.543 Thread 0x00007f0b200b5800 nmethod 3978 0x00007f0b1c41a550 code [0x00007f0b1c41a6e0, 0x00007f0b1c41aa28]
Event: 132.552 Thread 0x00007f0b200b1000 nmethod 3979 0x00007f0b1c9eda50 code [0x00007f0b1c9edc00, 0x00007f0b1c9ee550]
Event: 134.617 Thread 0x00007f0b200b5800 3980 %     3       org.apache.commons.io.IOUtils::copyLarge @ 5 (36 bytes)
Event: 134.617 Thread 0x00007f0b200b5800 nmethod 3980% 0x00007f0b1c408a10 code [0x00007f0b1c408ba0, 0x00007f0b1c4090d8]
Event: 134.683 Thread 0x00007f0b200b5800 3981       3       org.apache.commons.io.IOUtils::copyLarge (36 bytes)
Event: 134.684 Thread 0x00007f0b200b5800 nmethod 3981 0x00007f0b1c90fad0 code [0x00007f0b1c90fc60, 0x00007f0b1c910118]

GC Heap History (10 events):
Event: 19.645 GC heap before
{Heap before GC invocations=6 (full 1):
 PSYoungGen      total 1290240K, used 1206152K [0x000000076ab00000, 0x00000007c0000000, 0x00000007c0000000)
  eden space 1203200K, 100% used [0x000000076ab00000,0x00000007b4200000,0x00000007b4200000)
  from space 87040K, 3% used [0x00000007b9700000,0x00000007b99e2370,0x00000007bec00000)
  to   space 87040K, 0% used [0x00000007b4200000,0x00000007b4200000,0x00000007b9700000)
 ParOldGen       total 1398272K, used 118051K [0x00000006c0000000, 0x0000000715580000, 0x000000076ab00000)
  object space 1398272K, 8% used [0x00000006c0000000,0x00000006c7348d48,0x0000000715580000)
 Metaspace       used 23159K, capacity 23466K, committed 23680K, reserved 1071104K
  class space    used 2511K, capacity 2605K, committed 2688K, reserved 1048576K
Event: 19.648 GC heap after
Heap after GC invocations=6 (full 1):
 PSYoungGen      total 1205248K, used 1731K [0x000000076ab00000, 0x00000007b9780000, 0x00000007c0000000)
  eden space 1203200K, 0% used [0x000000076ab00000,0x000000076ab00000,0x00000007b4200000)
  from space 2048K, 84% used [0x00000007b4200000,0x00000007b43b0c10,0x00000007b4400000)
  to   space 16896K, 0% used [0x00000007b8700000,0x00000007b8700000,0x00000007b9780000)
 ParOldGen       total 1398272K, used 118059K [0x00000006c0000000, 0x0000000715580000, 0x000000076ab00000)
  object space 1398272K, 8% used [0x00000006c0000000,0x00000006c734ad48,0x0000000715580000)
 Metaspace       used 23159K, capacity 23466K, committed 23680K, reserved 1071104K
  class space    used 2511K, capacity 2605K, committed 2688K, reserved 1048576K
}
Event: 29.932 GC heap before
{Heap before GC invocations=7 (full 1):
 PSYoungGen      total 1205248K, used 1147555K [0x000000076ab00000, 0x00000007b9780000, 0x00000007c0000000)
  eden space 1203200K, 95% used [0x000000076ab00000,0x00000007b09f8158,0x00000007b4200000)
  from space 2048K, 84% used [0x00000007b4200000,0x00000007b43b0c10,0x00000007b4400000)
  to   space 16896K, 0% used [0x00000007b8700000,0x00000007b8700000,0x00000007b9780000)
 ParOldGen       total 1398272K, used 118059K [0x00000006c0000000, 0x0000000715580000, 0x000000076ab00000)
  object space 1398272K, 8% used [0x00000006c0000000,0x00000006c734ad48,0x0000000715580000)
 Metaspace       used 23324K, capacity 23594K, committed 23936K, reserved 1071104K
  class space    used 2511K, capacity 2605K, committed 2688K, reserved 1048576K
Event: 29.937 GC heap after
Heap after GC invocations=7 (full 1):
 PSYoungGen      total 1274880K, used 2405K [0x000000076ab00000, 0x00000007c0000000, 0x00000007c0000000)
  eden space 1257984K, 0% used [0x000000076ab00000,0x000000076ab00000,0x00000007b7780000)
  from space 16896K, 14% used [0x00000007b8700000,0x00000007b89597b0,0x00000007b9780000)
  to   space 15872K, 0% used [0x00000007b7780000,0x00000007b7780000,0x00000007b8700000)
 ParOldGen       total 1398272K, used 118067K [0x00000006c0000000, 0x0000000715580000, 0x000000076ab00000)
  object space 1398272K, 8% used [0x00000006c0000000,0x00000006c734cd48,0x0000000715580000)
 Metaspace       used 23324K, capacity 23594K, committed 23936K, reserved 1071104K
  class space    used 2511K, capacity 2605K, committed 2688K, reserved 1048576K
}
Event: 30.887 GC heap before
{Heap before GC invocations=8 (full 1):
 PSYoungGen      total 1274880K, used 1260389K [0x000000076ab00000, 0x00000007c0000000, 0x00000007c0000000)
  eden space 1257984K, 100% used [0x000000076ab00000,0x00000007b7780000,0x00000007b7780000)
  from space 16896K, 14% used [0x00000007b8700000,0x00000007b89597b0,0x00000007b9780000)
  to   space 15872K, 0% used [0x00000007b7780000,0x00000007b7780000,0x00000007b8700000)
 ParOldGen       total 1398272K, used 118067K [0x00000006c0000000, 0x0000000715580000, 0x000000076ab00000)
  object space 1398272K, 8% used [0x00000006c0000000,0x00000006c734cd48,0x0000000715580000)
 Metaspace       used 23357K, capacity 23722K, committed 23936K, reserved 1071104K
  class space    used 2511K, capacity 2605K, committed 2688K, reserved 1048576K
Event: 30.982 GC heap after
Heap after GC invocations=8 (full 1):
 PSYoungGen      total 1273856K, used 864K [0x000000076ab00000, 0x00000007bfd00000, 0x00000007c0000000)
  eden space 1257984K, 0% used [0x000000076ab00000,0x000000076ab00000,0x00000007b7780000)
  from space 15872K, 5% used [0x00000007b7780000,0x00000007b7858010,0x00000007b8700000)
  to   space 14848K, 0% used [0x00000007bee80000,0x00000007bee80000,0x00000007bfd00000)
 ParOldGen       total 1398272K, used 322875K [0x00000006c0000000, 0x0000000715580000, 0x000000076ab00000)
  object space 1398272K, 23% used [0x00000006c0000000,0x00000006d3b4ed68,0x0000000715580000)
 Metaspace       used 23357K, capacity 23722K, committed 23936K, reserved 1071104K
  class space    used 2511K, capacity 2605K, committed 2688K, reserved 1048576K
}
Event: 36.083 GC heap before
{Heap before GC invocations=9 (full 1):
 PSYoungGen      total 1273856K, used 1258848K [0x000000076ab00000, 0x00000007bfd00000, 0x00000007c0000000)
  eden space 1257984K, 100% used [0x000000076ab00000,0x00000007b7780000,0x00000007b7780000)
  from space 15872K, 5% used [0x00000007b7780000,0x00000007b7858010,0x00000007b8700000)
  to   space 14848K, 0% used [0x00000007bee80000,0x00000007bee80000,0x00000007bfd00000)
 ParOldGen       total 1398272K, used 322875K [0x00000006c0000000, 0x0000000715580000, 0x000000076ab00000)
  object space 1398272K, 23% used [0x00000006c0000000,0x00000006d3b4ed68,0x0000000715580000)
 Metaspace       used 23366K, capacity 23728K, committed 23936K, reserved 1071104K
  class space    used 2512K, capacity 2606K, committed 2688K, reserved 1048576K
Event: 36.086 GC heap after
Heap after GC invocations=9 (full 1):
 PSYoungGen      total 1380352K, used 1024K [0x000000076ab00000, 0x00000007bfe00000, 0x00000007c0000000)
  eden space 1365504K, 0% used [0x000000076ab00000,0x000000076ab00000,0x00000007be080000)
  from space 14848K, 6% used [0x00000007bee80000,0x00000007bef80040,0x00000007bfd00000)
  to   space 14336K, 0% used [0x00000007be080000,0x00000007be080000,0x00000007bee80000)
 ParOldGen       total 1398272K, used 322883K [0x00000006c0000000, 0x0000000715580000, 0x000000076ab00000)
  object space 1398272K, 23% used [0x00000006c0000000,0x00000006d3b50d68,0x0000000715580000)
 Metaspace       used 23366K, capacity 23728K, committed 23936K, reserved 1071104K
  class space    used 2512K, capacity 2606K, committed 2688K, reserved 1048576K
}
Event: 132.267 GC heap before
{Heap before GC invocations=10 (full 1):
 PSYoungGen      total 1380352K, used 1245135K [0x000000076ab00000, 0x00000007bfe00000, 0x00000007c0000000)
  eden space 1365504K, 91% used [0x000000076ab00000,0x00000007b69f3f98,0x00000007be080000)
  from space 14848K, 6% used [0x00000007bee80000,0x00000007bef80040,0x00000007bfd00000)
  to   space 14336K, 0% used [0x00000007be080000,0x00000007be080000,0x00000007bee80000)
 ParOldGen       total 1398272K, used 322883K [0x00000006c0000000, 0x0000000715580000, 0x000000076ab00000)
  object space 1398272K, 23% used [0x00000006c0000000,0x00000006d3b50d68,0x0000000715580000)
 Metaspace       used 23396K, capacity 23728K, committed 23936K, reserved 1071104K
  class space    used 2512K, capacity 2606K, committed 2688K, reserved 1048576K
Event: 132.537 GC heap after
Heap after GC invocations=10 (full 1):
 PSYoungGen      total 1379840K, used 1315K [0x000000076ab00000, 0x00000007bfe80000, 0x00000007c0000000)
  eden space 1365504K, 0% used [0x000000076ab00000,0x000000076ab00000,0x00000007be080000)
  from space 14336K, 9% used [0x00000007be080000,0x00000007be1c8fc0,0x00000007bee80000)
  to   space 13824K, 0% used [0x00000007bf100000,0x00000007bf100000,0x00000007bfe80000)
 ParOldGen       total 1398272K, used 585371K [0x00000006c0000000, 0x0000000715580000, 0x000000076ab00000)
  object space 1398272K, 41% used [0x00000006c0000000,0x00000006e3ba6da8,0x0000000715580000)
 Metaspace       used 23396K, capacity 23728K, committed 23936K, reserved 1071104K
  class space    used 2512K, capacity 2606K, committed 2688K, reserved 1048576K
}

Deoptimization events (10 events):
Event: 12.034 Thread 0x00007f0b2000e000 Uncommon trap: reason=array_check action=maybe_recompile pc=0x00007f0b1c600f90 method=java.util.AbstractCollection.toArray([Ljava/lang/Object;)[Ljava/lang/Object; @ 119
Event: 12.052 Thread 0x00007f0b2056c800 Uncommon trap: reason=array_check action=maybe_recompile pc=0x00007f0b1c600f90 method=java.util.AbstractCollection.toArray([Ljava/lang/Object;)[Ljava/lang/Object; @ 119
Event: 12.090 Thread 0x00007f0b2000e000 Uncommon trap: reason=unstable_if action=reinterpret pc=0x00007f0b1c6b7894 method=sun.misc.FloatingDecimal.readJavaFormatString(Ljava/lang/String;)Lsun/misc/FloatingDecimal$ASCIIToBinaryConverter; @ 169
Event: 16.777 Thread 0x00007f0b2000e000 Uncommon trap: reason=range_check action=make_not_entrant pc=0x00007f0b1c896474 method=java.lang.String.charAt(I)C @ 27
Event: 16.948 Thread 0x00007f0ac8050800 Uncommon trap: reason=unstable_if action=reinterpret pc=0x00007f0b1c81493c method=org.apache.hadoop.util.LineReader.readDefaultLine(Lorg/apache/hadoop/io/Text;II)I @ 229
Event: 17.094 Thread 0x00007f0ac8050800 Uncommon trap: reason=unstable_if action=reinterpret pc=0x00007f0b1c8d4338 method=org.apache.hadoop.mapreduce.Mapper.run(Lorg/apache/hadoop/mapreduce/Mapper$Context;)V @ 9
Event: 18.389 Thread 0x00007f0ac8050800 Uncommon trap: reason=unstable_if action=reinterpret pc=0x00007f0b1c8ed338 method=org.apache.hadoop.mapred.MapTask$MapOutputBuffer.sortAndSpill()V @ 243
Event: 18.808 Thread 0x00007f0ac8050800 Uncommon trap: reason=unstable_if action=reinterpret pc=0x00007f0b1c8fdde8 method=org.apache.hadoop.mapred.Merger.writeFile(Lorg/apache/hadoop/mapred/RawKeyValueIterator;Lorg/apache/hadoop/mapred/IFile$Writer;Lorg/apache/hadoop/util/Progressable;Lorg/apac
Event: 33.221 Thread 0x00007f0ac007d000 Uncommon trap: reason=unstable_if action=reinterpret pc=0x00007f0b1c9323fc method=sun.misc.FloatingDecimal$BinaryToASCIIBuffer.dtoa(IJIZ)V @ 1459
Event: 35.347 Thread 0x00007f0ac8061000 Uncommon trap: reason=unstable_if action=reinterpret pc=0x00007f0b1c924e34 method=sun.misc.FDBigInteger.addAndCmp(Lsun/misc/FDBigInteger;Lsun/misc/FDBigInteger;)I @ 156

Internal exceptions (10 events):
Event: 21.145 Thread 0x00007f0ac0067800 Exception <a 'java/lang/InterruptedException'> (0x00000007997323e0) thrown at [/build/openjdk-8-W1Ghxo/openjdk-8-8u91-b14/src/hotspot/src/share/vm/runtime/objectMonitor.cpp, line 1684]
Event: 29.275 Thread 0x00007f0b20779000 Exception <a 'java/lang/InterruptedException'> (0x0000000787678830) thrown at [/build/openjdk-8-W1Ghxo/openjdk-8-8u91-b14/src/hotspot/src/share/vm/runtime/objectMonitor.cpp, line 1684]
Event: 29.641 Thread 0x00007f0b20779000 Exception <a 'java/lang/InterruptedException'> (0x00000007a5aa5cd8) thrown at [/build/openjdk-8-W1Ghxo/openjdk-8-8u91-b14/src/hotspot/src/share/vm/runtime/objectMonitor.cpp, line 1684]
Event: 33.244 Thread 0x00007f0ac007c000 Exception <a 'java/lang/InterruptedException': sleep interrupted> (0x0000000786af2cc0) thrown at [/build/openjdk-8-W1Ghxo/openjdk-8-8u91-b14/src/hotspot/src/share/vm/prims/jvm.cpp, line 3215]
Event: 33.244 Thread 0x00007f0ac0067800 Exception <a 'java/lang/InterruptedException'> (0x000000078aa09e20) thrown at [/build/openjdk-8-W1Ghxo/openjdk-8-8u91-b14/src/hotspot/src/share/vm/runtime/objectMonitor.cpp, line 1684]
Event: 33.244 Thread 0x00007f0ac0066800 Exception <a 'java/lang/InterruptedException'> (0x000000078a6f7a30) thrown at [/build/openjdk-8-W1Ghxo/openjdk-8-8u91-b14/src/hotspot/src/share/vm/runtime/objectMonitor.cpp, line 1684]
Event: 38.291 Thread 0x00007f0ac0067800 Exception <a 'java/lang/InterruptedException': sleep interrupted> (0x00000007a2cb9688) thrown at [/build/openjdk-8-W1Ghxo/openjdk-8-8u91-b14/src/hotspot/src/share/vm/prims/jvm.cpp, line 3215]
Event: 38.292 Thread 0x00007f0ac007c800 Exception <a 'java/lang/InterruptedException'> (0x00000007a3826f98) thrown at [/build/openjdk-8-W1Ghxo/openjdk-8-8u91-b14/src/hotspot/src/share/vm/runtime/objectMonitor.cpp, line 1684]
Event: 38.292 Thread 0x00007f0ac0066800 Exception <a 'java/lang/InterruptedException'> (0x00000007a3bf6578) thrown at [/build/openjdk-8-W1Ghxo/openjdk-8-8u91-b14/src/hotspot/src/share/vm/runtime/objectMonitor.cpp, line 1684]
Event: 132.003 Thread 0x00007f0b20779000 Exception <a 'java/lang/InterruptedException'> (0x00000007a53abc00) thrown at [/build/openjdk-8-W1Ghxo/openjdk-8-8u91-b14/src/hotspot/src/share/vm/runtime/objectMonitor.cpp, line 1684]

Events (10 events):
Event: 131.571 Thread 0x00007f0b200b5800 flushing nmethod 0x00007f0b1c5a3810
Event: 131.572 Thread 0x00007f0ad0012000 Thread added: 0x00007f0ad0012000
Event: 131.572 Executing VM operation: RevokeBias
Event: 131.573 Executing VM operation: RevokeBias done
Event: 131.575 Thread 0x00007f0ad0012000 Thread exited: 0x00007f0ad0012000
Event: 131.575 Thread 0x00007f0b20774800 Thread exited: 0x00007f0b20774800
Event: 132.004 Thread 0x00007f0b20779000 Thread exited: 0x00007f0b20779000
Event: 132.104 Thread 0x00007f0b209ea800 Thread exited: 0x00007f0b209ea800
Event: 132.267 Executing VM operation: ParallelGCFailedAllocation
Event: 132.537 Executing VM operation: ParallelGCFailedAllocation done


Dynamic libraries:
00400000-00401000 r-xp 00000000 08:06 5638558                            /usr/lib/jvm/java-8-openjdk-amd64/jre/bin/java
00600000-00601000 r--p 00000000 08:06 5638558                            /usr/lib/jvm/java-8-openjdk-amd64/jre/bin/java
00601000-00602000 rw-p 00001000 08:06 5638558                            /usr/lib/jvm/java-8-openjdk-amd64/jre/bin/java
01b1d000-01b3e000 rw-p 00000000 00:00 0                                  [heap]
6c0000000-715580000 rw-p 00000000 00:00 0 
755680000-76ab00000 ---p 00000000 00:00 0 
76ab00000-7bfe80000 rw-p 00000000 00:00 0 
7bfe80000-7c0000000 ---p 00000000 00:00 0 
7c0000000-7c02a0000 rw-p 00000000 00:00 0 
7c02a0000-800000000 ---p 00000000 00:00 0 
7f0a9c000000-7f0a9c021000 rw-p 00000000 00:00 0 
7f0a9c021000-7f0aa0000000 ---p 00000000 00:00 0 
7f0aa4000000-7f0aa4021000 rw-p 00000000 00:00 0 
7f0aa4021000-7f0aa8000000 ---p 00000000 00:00 0 
7f0aa8000000-7f0aa8051000 rw-p 00000000 00:00 0 
7f0aa8051000-7f0aac000000 ---p 00000000 00:00 0 
7f0aac000000-7f0aac021000 rw-p 00000000 00:00 0 
7f0aac021000-7f0ab0000000 ---p 00000000 00:00 0 
7f0ab0000000-7f0ab0021000 rw-p 00000000 00:00 0 
7f0ab0021000-7f0ab4000000 ---p 00000000 00:00 0 
7f0ab4000000-7f0ab4021000 rw-p 00000000 00:00 0 
7f0ab4021000-7f0ab8000000 ---p 00000000 00:00 0 
7f0ab8000000-7f0ab94c9000 rw-p 00000000 00:00 0 
7f0ab94c9000-7f0abc000000 ---p 00000000 00:00 0 
7f0abc000000-7f0abc021000 rw-p 00000000 00:00 0 
7f0abc021000-7f0ac0000000 ---p 00000000 00:00 0 
7f0ac0000000-7f0ac009a000 rw-p 00000000 00:00 0 
7f0ac009a000-7f0ac4000000 ---p 00000000 00:00 0 
7f0ac4000000-7f0ac4021000 rw-p 00000000 00:00 0 
7f0ac4021000-7f0ac8000000 ---p 00000000 00:00 0 
7f0ac8000000-7f0ac8096000 rw-p 00000000 00:00 0 
7f0ac8096000-7f0acc000000 ---p 00000000 00:00 0 
7f0acc000000-7f0acc021000 rw-p 00000000 00:00 0 
7f0acc021000-7f0ad0000000 ---p 00000000 00:00 0 
7f0ad0000000-7f0ad0024000 rw-p 00000000 00:00 0 
7f0ad0024000-7f0ad4000000 ---p 00000000 00:00 0 
7f0ad4000000-7f0ad4026000 rw-p 00000000 00:00 0 
7f0ad4026000-7f0ad8000000 ---p 00000000 00:00 0 
7f0ad968e000-7f0ad974e000 rw-p 00000000 00:00 0 
7f0ad974e000-7f0ad9891000 ---p 00000000 00:00 0 
7f0ad9891000-7f0ad998f000 rw-p 00000000 00:00 0 
7f0ad998f000-7f0ad9992000 ---p 00000000 00:00 0 
7f0ad9992000-7f0ad9a90000 rw-p 00000000 00:00 0 
7f0ad9a90000-7f0ad9a93000 ---p 00000000 00:00 0 
7f0ad9a93000-7f0ad9b91000 rw-p 00000000 00:00 0 
7f0ad9b91000-7f0ad9b94000 ---p 00000000 00:00 0 
7f0ad9b94000-7f0ad9c92000 rw-p 00000000 00:00 0 
7f0ad9c92000-7f0ad9c95000 ---p 00000000 00:00 0 
7f0ad9c95000-7f0ad9d93000 rw-p 00000000 00:00 0 
7f0ad9d93000-7f0ad9d96000 ---p 00000000 00:00 0 
7f0ad9d96000-7f0ada094000 rw-p 00000000 00:00 0 
7f0ada094000-7f0ada097000 ---p 00000000 00:00 0 
7f0ada097000-7f0ada395000 rw-p 00000000 00:00 0 
7f0ada395000-7f0ada3bd000 r-xp 00000000 08:06 5639974                    /usr/lib/jvm/java-8-openjdk-amd64/jre/lib/amd64/libsunec.so
7f0ada3bd000-7f0ada5bc000 ---p 00028000 08:06 5639974                    /usr/lib/jvm/java-8-openjdk-amd64/jre/lib/amd64/libsunec.so
7f0ada5bc000-7f0ada5c0000 r--p 00027000 08:06 5639974                    /usr/lib/jvm/java-8-openjdk-amd64/jre/lib/amd64/libsunec.so
7f0ada5c0000-7f0ada5c1000 rw-p 0002b000 08:06 5639974                    /usr/lib/jvm/java-8-openjdk-amd64/jre/lib/amd64/libsunec.so
7f0ada5c1000-7f0ada5c4000 ---p 00000000 00:00 0 
7f0ada5c4000-7f0ada6c2000 rw-p 00000000 00:00 0 
7f0ada6c2000-7f0ada6c5000 ---p 00000000 00:00 0 
7f0ada6c5000-7f0ada7c3000 rw-p 00000000 00:00 0 
7f0ada7c3000-7f0ada7c6000 ---p 00000000 00:00 0 
7f0ada7c6000-7f0ada8c4000 rw-p 00000000 00:00 0 
7f0ada8c4000-7f0ada8c7000 ---p 00000000 00:00 0 
7f0ada8c7000-7f0adabc5000 rw-p 00000000 00:00 0 
7f0adabc5000-7f0adabd6000 r-xp 00000000 08:06 5639982                    /usr/lib/jvm/java-8-openjdk-amd64/jre/lib/amd64/libnio.so
7f0adabd6000-7f0adadd6000 ---p 00011000 08:06 5639982                    /usr/lib/jvm/java-8-openjdk-amd64/jre/lib/amd64/libnio.so
7f0adadd6000-7f0adadd7000 r--p 00011000 08:06 5639982                    /usr/lib/jvm/java-8-openjdk-amd64/jre/lib/amd64/libnio.so
7f0adadd7000-7f0adadd8000 rw-p 00012000 08:06 5639982                    /usr/lib/jvm/java-8-openjdk-amd64/jre/lib/amd64/libnio.so
7f0adadd8000-7f0adafd8000 rw-p 00000000 00:00 0 
7f0adafd8000-7f0adb1d8000 rw-p 00000000 00:00 0 
7f0adb1d8000-7f0adb1d9000 r-xp 00000000 08:06 5638877                    /usr/lib/jvm/java-8-openjdk-amd64/jre/lib/amd64/libjaas_unix.so
7f0adb1d9000-7f0adb3d8000 ---p 00001000 08:06 5638877                    /usr/lib/jvm/java-8-openjdk-amd64/jre/lib/amd64/libjaas_unix.so
7f0adb3d8000-7f0adb3d9000 r--p 00000000 08:06 5638877                    /usr/lib/jvm/java-8-openjdk-amd64/jre/lib/amd64/libjaas_unix.so
7f0adb3d9000-7f0adb3da000 rw-p 00001000 08:06 5638877                    /usr/lib/jvm/java-8-openjdk-amd64/jre/lib/amd64/libjaas_unix.so
7f0adb3da000-7f0adb5da000 rw-p 00000000 00:00 0 
7f0adb5da000-7f0adb5e3000 r-xp 00000000 08:06 5639972                    /usr/lib/jvm/java-8-openjdk-amd64/jre/lib/amd64/libmanagement.so
7f0adb5e3000-7f0adb7e2000 ---p 00009000 08:06 5639972                    /usr/lib/jvm/java-8-openjdk-amd64/jre/lib/amd64/libmanagement.so
7f0adb7e2000-7f0adb7e3000 r--p 00008000 08:06 5639972                    /usr/lib/jvm/java-8-openjdk-amd64/jre/lib/amd64/libmanagement.so
7f0adb7e3000-7f0adb7e4000 rw-p 00009000 08:06 5639972                    /usr/lib/jvm/java-8-openjdk-amd64/jre/lib/amd64/libmanagement.so
7f0adb7e4000-7f0adb7e7000 ---p 00000000 00:00 0 
7f0adb7e7000-7f0adbbe6000 rw-p 00000000 00:00 0 
7f0adbbe6000-7f0adbbfd000 r-xp 00000000 08:06 5639282                    /usr/lib/jvm/java-8-openjdk-amd64/jre/lib/amd64/libnet.so
7f0adbbfd000-7f0adbdfc000 ---p 00017000 08:06 5639282                    /usr/lib/jvm/java-8-openjdk-amd64/jre/lib/amd64/libnet.so
7f0adbdfc000-7f0adbdfd000 r--p 00016000 08:06 5639282                    /usr/lib/jvm/java-8-openjdk-amd64/jre/lib/amd64/libnet.so
7f0adbdfd000-7f0adbdfe000 rw-p 00017000 08:06 5639282                    /usr/lib/jvm/java-8-openjdk-amd64/jre/lib/amd64/libnet.so
7f0adbdfe000-7f0adbdff000 r-xp 00000000 08:06 4066770                    /home/kai/Downloads/idea-IC-162.1447.26/bin/libbreakgen64.so
7f0adbdff000-7f0adbffe000 ---p 00001000 08:06 4066770                    /home/kai/Downloads/idea-IC-162.1447.26/bin/libbreakgen64.so
7f0adbffe000-7f0adbfff000 r--p 00000000 08:06 4066770                    /home/kai/Downloads/idea-IC-162.1447.26/bin/libbreakgen64.so
7f0adbfff000-7f0adc000000 rw-p 00001000 08:06 4066770                    /home/kai/Downloads/idea-IC-162.1447.26/bin/libbreakgen64.so
7f0adc000000-7f0adc021000 rw-p 00000000 00:00 0 
7f0adc021000-7f0ae0000000 ---p 00000000 00:00 0 
7f0ae0000000-7f0ae0021000 rw-p 00000000 00:00 0 
7f0ae0021000-7f0ae4000000 ---p 00000000 00:00 0 
7f0ae4000000-7f0ae54fe000 rw-p 00000000 00:00 0 
7f0ae54fe000-7f0ae8000000 ---p 00000000 00:00 0 
7f0ae8000000-7f0ae85af000 rw-p 00000000 00:00 0 
7f0ae85af000-7f0aec000000 ---p 00000000 00:00 0 
7f0aec000000-7f0aec021000 rw-p 00000000 00:00 0 
7f0aec021000-7f0af0000000 ---p 00000000 00:00 0 
7f0af0000000-7f0af0c0d000 rw-p 00000000 00:00 0 
7f0af0c0d000-7f0af4000000 ---p 00000000 00:00 0 
7f0af4000000-7f0af4021000 rw-p 00000000 00:00 0 
7f0af4021000-7f0af8000000 ---p 00000000 00:00 0 
7f0af8000000-7f0af8021000 rw-p 00000000 00:00 0 
7f0af8021000-7f0afc000000 ---p 00000000 00:00 0 
7f0afc000000-7f0afc021000 rw-p 00000000 00:00 0 
7f0afc021000-7f0b00000000 ---p 00000000 00:00 0 
7f0b00000000-7f0b00021000 rw-p 00000000 00:00 0 
7f0b00021000-7f0b04000000 ---p 00000000 00:00 0 
7f0b04000000-7f0b04021000 rw-p 00000000 00:00 0 
7f0b04021000-7f0b08000000 ---p 00000000 00:00 0 
7f0b08000000-7f0b08021000 rw-p 00000000 00:00 0 
7f0b08021000-7f0b0c000000 ---p 00000000 00:00 0 
7f0b0c000000-7f0b14000000 rw-p 00000000 00:00 0 
7f0b14000000-7f0b14021000 rw-p 00000000 00:00 0 
7f0b14021000-7f0b18000000 ---p 00000000 00:00 0 
7f0b1800f000-7f0b18015000 r--s 002f8000 08:06 5639999                    /usr/lib/jvm/java-8-openjdk-amd64/jre/lib/charsets.jar
7f0b18015000-7f0b18019000 r--s 00097000 08:06 5640020                    /usr/lib/jvm/java-8-openjdk-amd64/jre/lib/jsse.jar
7f0b18019000-7f0b1801c000 r--s 00015000 08:06 5638567                    /usr/lib/jvm/java-8-openjdk-amd64/jre/lib/jce.jar
7f0b1801c000-7f0b1801f000 ---p 00000000 00:00 0 
7f0b1801f000-7f0b18055000 rw-p 00000000 00:00 0 
7f0b18055000-7f0b18058000 ---p 00000000 00:00 0 
7f0b18058000-7f0b18156000 rw-p 00000000 00:00 0 
7f0b18156000-7f0b18158000 r--s 0001e000 08:06 4064500                    /home/kai/Downloads/idea-IC-162.1447.26/lib/idea_rt.jar
7f0b18158000-7f0b1815a000 r--s 00000000 08:06 4198418                    /home/kai/.m2/repository/aopalliance/aopalliance/1.0/aopalliance-1.0.jar
7f0b1815a000-7f0b1815b000 r--s 00000000 08:06 4198422                    /home/kai/.m2/repository/javax/inject/javax.inject/1/javax.inject-1.jar
7f0b1815b000-7f0b1815d000 r--s 0000e000 08:06 4197025                    /home/kai/.m2/repository/javax/activation/activation/1.1/activation-1.1.jar
7f0b1815d000-7f0b1815f000 r--s 00004000 08:06 4197021                    /home/kai/.m2/repository/javax/xml/stream/stax-api/1.0-2/stax-api-1.0-2.jar
7f0b1815f000-7f0b18160000 r--s 00003000 08:06 4198417                    /home/kai/.m2/repository/com/sun/jersey/contribs/jersey-guice/1.9/jersey-guice-1.9.jar
7f0b18160000-7f0b1816c000 r--s 00077000 08:06 4327748                    /home/kai/.m2/repository/org/apache/hadoop/hadoop-yarn-server-nodemanager/2.5.2/hadoop-yarn-server-nodemanager-2.5.2.jar
7f0b1816c000-7f0b1816f000 r--s 000fd000 08:06 4197468                    /home/kai/.m2/repository/org/fusesource/leveldbjni/leveldbjni-all/1.8/leveldbjni-all-1.8.jar
7f0b1816f000-7f0b18172000 r--s 0001d000 08:06 4197476                    /home/kai/.m2/repository/com/sun/jersey/jersey-client/1.9/jersey-client-1.9.jar
7f0b18172000-7f0b18175000 r--s 0001a000 08:06 4327740                    /home/kai/.m2/repository/org/apache/hadoop/hadoop-yarn-client/2.5.2/hadoop-yarn-client-2.5.2.jar
7f0b18175000-7f0b18184000 r--s 0009f000 08:06 4198412                    /home/kai/.m2/repository/com/google/inject/guice/3.0/guice-3.0.jar
7f0b18184000-7f0b18186000 r--s 0000e000 08:06 4326511                    /home/kai/.m2/repository/com/google/inject/extensions/guice-servlet/3.0/guice-servlet-3.0.jar
7f0b18186000-7f0b1819a000 r--s 00146000 08:06 4326843                    /home/kai/.m2/repository/org/apache/hadoop/hadoop-yarn-common/2.5.2/hadoop-yarn-common-2.5.2.jar
7f0b1819a000-7f0b1819b000 r--s 00005000 08:06 4196961                    /home/kai/.m2/repository/commons-daemon/commons-daemon/1.0.13/commons-daemon-1.0.13.jar
7f0b1819b000-7f0b1819c000 r--s 00008000 08:06 4326753                    /home/kai/.m2/repository/org/apache/hadoop/hadoop-mapreduce-client-jobclient/2.5.2/hadoop-mapreduce-client-jobclient-2.5.2.jar
7f0b1819c000-7f0b181b4000 r--s 00156000 08:06 4326750                    /home/kai/.m2/repository/org/apache/hadoop/hadoop-mapreduce-client-core/2.5.2/hadoop-mapreduce-client-core-2.5.2.jar
7f0b181b4000-7f0b181cb000 r--s 0017c000 08:06 4326854                    /home/kai/.m2/repository/org/apache/hadoop/hadoop-yarn-api/2.5.2/hadoop-yarn-api-2.5.2.jar
7f0b181cb000-7f0b181cd000 r--s 00009000 08:06 4326852                    /home/kai/.m2/repository/org/apache/hadoop/hadoop-mapreduce-client-shuffle/2.5.2/hadoop-mapreduce-client-shuffle-2.5.2.jar
7f0b181cd000-7f0b181d8000 r--s 00097000 08:06 4326849                    /home/kai/.m2/repository/org/apache/hadoop/hadoop-mapreduce-client-common/2.5.2/hadoop-mapreduce-client-common-2.5.2.jar
7f0b181d8000-7f0b181e1000 r--s 0006f000 08:06 4326850                    /home/kai/.m2/repository/org/apache/hadoop/hadoop-mapreduce-client-app/2.5.2/hadoop-mapreduce-client-app-2.5.2.jar
7f0b181e1000-7f0b1823e000 r--s 00668000 08:06 4326844                    /home/kai/.m2/repository/org/apache/hadoop/hadoop-hdfs/2.5.2/hadoop-hdfs-2.5.2.jar
7f0b1823e000-7f0b1823f000 r--s 00000000 08:06 4326842                    /home/kai/.m2/repository/org/apache/hadoop/hadoop-client/2.5.2/hadoop-client-2.5.2.jar
7f0b1823f000-7f0b18243000 r--s 00014000 08:06 4197059                    /home/kai/.m2/repository/org/tukaani/xz/1.0/xz-1.0.jar
7f0b18243000-7f0b1825a000 r--s 0010e000 08:06 4196976                    /home/kai/.m2/repository/io/netty/netty/3.6.2.Final/netty-3.6.2.Final.jar
7f0b1825a000-7f0b18266000 r--s 000b6000 08:06 4196998                    /home/kai/.m2/repository/org/apache/zookeeper/zookeeper/3.4.6/zookeeper-3.4.6.jar
7f0b18266000-7f0b18269000 r--s 0002b000 08:06 4197051                    /home/kai/.m2/repository/com/jcraft/jsch/0.1.42/jsch-0.1.42.jar
7f0b18269000-7f0b1826b000 r--s 00012000 08:06 4196997                    /home/kai/.m2/repository/org/apache/directory/api/api-util/1.0.0-M20/api-util-1.0.0-M20.jar
7f0b1826b000-7f0b1826d000 r--s 00003000 08:06 4196994                    /home/kai/.m2/repository/org/apache/directory/api/api-asn1-api/1.0.0-M20/api-asn1-api-1.0.0-M20.jar
7f0b1826d000-7f0b1826e000 r--s 0000a000 08:06 4196992                    /home/kai/.m2/repository/org/apache/directory/server/apacheds-i18n/2.0.0-M15/apacheds-i18n-2.0.0-M15.jar
7f0b1826e000-7f0b18280000 r--s 00097000 08:06 4196991                    /home/kai/.m2/repository/org/apache/directory/server/apacheds-kerberos-codec/2.0.0-M15/apacheds-kerberos-codec-2.0.0-M15.jar
7f0b18280000-7f0b18282000 r--s 0000b000 08:06 4326797                    /home/kai/.m2/repository/org/apache/hadoop/hadoop-auth/2.5.2/hadoop-auth-2.5.2.jar
7f0b18282000-7f0b1828a000 r--s 0007b000 08:06 4196967                    /home/kai/.m2/repository/com/google/protobuf/protobuf-java/2.5.0/protobuf-java-2.5.0.jar
7f0b1828a000-7f0b1828f000 r--s 00036000 08:06 4197058                    /home/kai/.m2/repository/org/apache/commons/commons-compress/1.4.1/commons-compress-1.4.1.jar
7f0b1828f000-7f0b18291000 r--s 000f2000 08:06 4197046                    /home/kai/.m2/repository/org/xerial/snappy/snappy-java/1.0.4.1/snappy-java-1.0.4.1.jar
7f0b18291000-7f0b18293000 r--s 00006000 08:06 4197045                    /home/kai/.m2/repository/com/thoughtworks/paranamer/paranamer/2.3/paranamer-2.3.jar
7f0b18293000-7f0b1829a000 r--s 00044000 08:06 4197044                    /home/kai/.m2/repository/org/apache/avro/avro/1.7.4/avro-1.7.4.jar
7f0b1829a000-7f0b1829c000 r--s 00001000 08:06 4196984                    /home/kai/.m2/repository/org/slf4j/slf4j-log4j12/1.7.5/slf4j-log4j12-1.7.5.jar
7f0b1829c000-7f0b1829e000 r--s 00005000 08:06 4196982                    /home/kai/.m2/repository/org/slf4j/slf4j-api/1.7.5/slf4j-api-1.7.5.jar
7f0b1829e000-7f0b182a2000 r--s 0002f000 08:06 4197039                    /home/kai/.m2/repository/commons-beanutils/commons-beanutils-core/1.8.0/commons-beanutils-core-1.8.0.jar
7f0b182a2000-7f0b182a7000 r--s 0002a000 08:06 4196172                    /home/kai/.m2/repository/commons-beanutils/commons-beanutils/1.7.0/commons-beanutils-1.7.0.jar
7f0b182a7000-7f0b182ab000 r--s 00020000 08:06 4196175                    /home/kai/.m2/repository/commons-digester/commons-digester/1.8/commons-digester-1.8.jar
7f0b182ab000-7f0b182b1000 r--s 00043000 08:06 4197038                    /home/kai/.m2/repository/commons-configuration/commons-configuration/1.6/commons-configuration-1.6.jar
7f0b182b1000-7f0b182b6000 r--s 00041000 08:06 4196956                    /home/kai/.m2/repository/commons-lang/commons-lang/2.6/commons-lang-2.6.jar
7f0b182b6000-7f0b182b7000 r--s 00004000 08:06 4197035                    /home/kai/.m2/repository/com/jamesmurty/utils/java-xmlbuilder/0.4/java-xmlbuilder-0.4.jar
7f0b182b7000-7f0b182bc000 r--s 00028000 08:06 4197098                    /home/kai/.m2/repository/org/apache/httpcomponents/httpcore/4.1.2/httpcore-4.1.2.jar
7f0b182bc000-7f0b182c4000 r--s 0004e000 08:06 4197104                    /home/kai/.m2/repository/org/apache/httpcomponents/httpclient/4.1.2/httpclient-4.1.2.jar
7f0b182c4000-7f0b182cd000 r--s 0007b000 08:06 4197034                    /home/kai/.m2/repository/net/java/dev/jets3t/jets3t/0.9.0/jets3t-0.9.0.jar
7f0b182cd000-7f0b182d6000 r--s 0006f000 08:06 4196963                    /home/kai/.m2/repository/log4j/log4j/1.2.17/log4j-1.2.17.jar
7f0b182d6000-7f0b182d9000 r--s 00016000 08:06 4196962                    /home/kai/.m2/repository/javax/servlet/jsp/jsp-api/2.1/jsp-api-2.1.jar
7f0b182d9000-7f0b182dc000 r--s 00019000 08:06 4197033                    /home/kai/.m2/repository/commons-el/commons-el/1.0/commons-el-1.0.jar
7f0b182dc000-7f0b182de000 r--s 00011000 08:06 4196972                    /home/kai/.m2/repository/tomcat/jasper-runtime/5.5.23/jasper-runtime-5.5.23.jar
7f0b182de000-7f0b182e3000 r--s 0005f000 08:06 4197030                    /home/kai/.m2/repository/tomcat/jasper-compiler/5.5.23/jasper-compiler-5.5.23.jar
7f0b182e3000-7f0b182e4000 r--s 0000a000 08:06 4196949                    /home/kai/.m2/repository/asm/asm/3.1/asm-3.1.jar
7f0b182e4000-7f0b182f6000 r--s 0009d000 08:06 4196947                    /home/kai/.m2/repository/com/sun/jersey/jersey-server/1.9/jersey-server-1.9.jar
7f0b182f6000-7f0b182f7000 r--s 00006000 08:06 4197495                    /home/kai/.m2/repository/org/codehaus/jackson/jackson-xc/1.9.13/jackson-xc-1.9.13.jar
7f0b182f7000-7f0b182f8000 r--s 00004000 08:06 4197492                    /home/kai/.m2/repository/org/codehaus/jackson/jackson-jaxrs/1.9.13/jackson-jaxrs-1.9.13.jar
7f0b182f8000-7f0b18306000 r--s 000b1000 08:06 4196969                    /home/kai/.m2/repository/org/codehaus/jackson/jackson-mapper-asl/1.9.13/jackson-mapper-asl-1.9.13.jar
7f0b18306000-7f0b1830a000 r--s 00035000 08:06 4196968                    /home/kai/.m2/repository/org/codehaus/jackson/jackson-core-asl/1.9.13/jackson-core-asl-1.9.13.jar
7f0b1830a000-7f0b1830d000 r--s 00017000 08:06 4197020                    /home/kai/.m2/repository/javax/xml/bind/jaxb-api/2.2.2/jaxb-api-2.2.2.jar
7f0b1830d000-7f0b18320000 r--s 000c7000 08:06 4197019                    /home/kai/.m2/repository/com/sun/xml/bind/jaxb-impl/2.2.3-1/jaxb-impl-2.2.3-1.jar
7f0b18320000-7f0b18322000 r--s 0000f000 08:06 4197018                    /home/kai/.m2/repository/org/codehaus/jettison/jettison/1.1/jettison-1.1.jar
7f0b18322000-7f0b18326000 r--s 00021000 08:06 4197013                    /home/kai/.m2/repository/com/sun/jersey/jersey-json/1.9/jersey-json-1.9.jar
7f0b18326000-7f0b18330000 r--s 00066000 08:06 4196945                    /home/kai/.m2/repository/com/sun/jersey/jersey-core/1.9/jersey-core-1.9.jar
7f0b18330000-7f0b18334000 r--s 00028000 08:06 4196943                    /home/kai/.m2/repository/org/mortbay/jetty/jetty-util/6.1.26/jetty-util-6.1.26.jar
7f0b18334000-7f0b1833b000 r--s 0007d000 08:06 4196941                    /home/kai/.m2/repository/org/mortbay/jetty/jetty/6.1.26/jetty-6.1.26.jar
7f0b1833b000-7f0b1833d000 r--s 00018000 08:06 4195184                    /home/kai/.m2/repository/javax/servlet/servlet-api/2.5/servlet-api-2.5.jar
7f0b1833d000-7f0b1834b000 r--s 0007f000 08:06 4195190                    /home/kai/.m2/repository/commons-collections/commons-collections/3.2.1/commons-collections-3.2.1.jar
7f0b1834b000-7f0b18350000 r--s 0003e000 08:06 4197012                    /home/kai/.m2/repository/commons-net/commons-net/3.1/commons-net-3.1.jar
7f0b18350000-7f0b18354000 r--s 0002a000 08:06 4196955                    /home/kai/.m2/repository/commons-io/commons-io/2.4/commons-io-2.4.jar
7f0b18354000-7f0b18356000 r--s 0000d000 08:06 4196942                    /home/kai/.m2/repository/commons-codec/commons-codec/1.4/commons-codec-1.4.jar
7f0b18356000-7f0b18358000 r--s 0000e000 08:06 4196957                    /home/kai/.m2/repository/commons-logging/commons-logging/1.1.3/commons-logging-1.1.3.jar
7f0b18358000-7f0b1835e000 r--s 00045000 08:06 4197009                    /home/kai/.m2/repository/commons-httpclient/commons-httpclient/3.1/commons-httpclient-3.1.jar
7f0b1835e000-7f0b1835f000 r--s 00003000 08:06 4196974                    /home/kai/.m2/repository/xmlenc/xmlenc/0.52/xmlenc-0.52.jar
7f0b1835f000-7f0b1837c000 r--s 0016a000 08:06 4197008                    /home/kai/.m2/repository/org/apache/commons/commons-math3/3.1.1/commons-math3-3.1.1.jar
7f0b1837c000-7f0b1837e000 r--s 00009000 08:06 4068294                    /home/kai/.m2/repository/commons-cli/commons-cli/1.2/commons-cli-1.2.jar
7f0b1837e000-7f0b18381000 r--s 00006000 08:06 4197057                    /home/kai/.m2/repository/com/google/code/findbugs/jsr305/1.3.9/jsr305-1.3.9.jar
7f0b18381000-7f0b183a2000 r--s 00172000 08:06 4196939                    /home/kai/.m2/repository/com/google/guava/guava/11.0.2/guava-11.0.2.jar
7f0b183a2000-7f0b1841b000 r--s 010e9000 08:06 5643258                    /usr/lib/jvm/java-8-openjdk-amd64/lib/tools.jar
7f0b1841b000-7f0b1841d000 r--s 00003000 08:06 4326755                    /home/kai/.m2/repository/org/apache/hadoop/hadoop-annotations/2.5.2/hadoop-annotations-2.5.2.jar
7f0b1841d000-7f0b1844c000 r--s 002a5000 08:06 4326846                    /home/kai/.m2/repository/org/apache/hadoop/hadoop-common/2.5.2/hadoop-common-2.5.2.jar
7f0b1844c000-7f0b1845f000 r--s 00345000 08:06 5639985                    /usr/lib/jvm/java-8-openjdk-amd64/jre/lib/resources.jar
7f0b1845f000-7f0b18465000 r--s 002f8000 08:06 5639999                    /usr/lib/jvm/java-8-openjdk-amd64/jre/lib/charsets.jar
7f0b18465000-7f0b18480000 r--s 001d7000 08:06 5640009                    /usr/lib/jvm/java-8-openjdk-amd64/jre/lib/ext/nashorn.jar
7f0b18480000-7f0b1849c000 r--s 00393000 08:06 5640011                    /usr/lib/jvm/java-8-openjdk-amd64/jre/lib/ext/cldrdata.jar
7f0b1849c000-7f0b1849d000 ---p 00000000 00:00 0 
7f0b1849d000-7f0b1859d000 rw-p 00000000 00:00 0 
7f0b1859d000-7f0b185a0000 ---p 00000000 00:00 0 
7f0b185a0000-7f0b1869e000 rw-p 00000000 00:00 0 
7f0b1869e000-7f0b186a1000 ---p 00000000 00:00 0 
7f0b186a1000-7f0b1879f000 rw-p 00000000 00:00 0 
7f0b1879f000-7f0b187a2000 ---p 00000000 00:00 0 
7f0b187a2000-7f0b188a0000 rw-p 00000000 00:00 0 
7f0b188a0000-7f0b188a3000 ---p 00000000 00:00 0 
7f0b188a3000-7f0b189a1000 rw-p 00000000 00:00 0 
7f0b189a1000-7f0b189a4000 ---p 00000000 00:00 0 
7f0b189a4000-7f0b18aa2000 rw-p 00000000 00:00 0 
7f0b18aa2000-7f0b19461000 r--p 00000000 08:06 5381367                    /usr/lib/locale/locale-archive
7f0b19461000-7f0b19464000 ---p 00000000 00:00 0 
7f0b19464000-7f0b19562000 rw-p 00000000 00:00 0 
7f0b19562000-7f0b19565000 ---p 00000000 00:00 0 
7f0b19565000-7f0b19663000 rw-p 00000000 00:00 0 
7f0b19663000-7f0b19664000 ---p 00000000 00:00 0 
7f0b19664000-7f0b1a765000 rw-p 00000000 00:00 0 
7f0b1a765000-7f0b1a933000 r--s 03beb000 08:06 5639997                    /usr/lib/jvm/java-8-openjdk-amd64/jre/lib/rt.jar
7f0b1a933000-7f0b1b9a9000 rw-p 00000000 00:00 0 
7f0b1b9a9000-7f0b1b9aa000 ---p 00000000 00:00 0 
7f0b1b9aa000-7f0b1bd55000 rw-p 00000000 00:00 0 
7f0b1bd55000-7f0b1c000000 ---p 00000000 00:00 0 
7f0b1c000000-7f0b1ca10000 rwxp 00000000 00:00 0 
7f0b1ca10000-7f0b20000000 ---p 00000000 00:00 0 
7f0b20000000-7f0b20aa5000 rw-p 00000000 00:00 0 
7f0b20aa5000-7f0b24000000 ---p 00000000 00:00 0 
7f0b24000000-7f0b24004000 r--s 00097000 08:06 5640020                    /usr/lib/jvm/java-8-openjdk-amd64/jre/lib/jsse.jar
7f0b24004000-7f0b24009000 r--s 0003b000 08:06 5640015                    /usr/lib/jvm/java-8-openjdk-amd64/jre/lib/ext/sunjce_provider.jar
7f0b24009000-7f0b2400a000 ---p 00000000 00:00 0 
7f0b2400a000-7f0b2410a000 rw-p 00000000 00:00 0 
7f0b2410a000-7f0b2410b000 ---p 00000000 00:00 0 
7f0b2410b000-7f0b2420b000 rw-p 00000000 00:00 0 
7f0b2420b000-7f0b2420c000 ---p 00000000 00:00 0 
7f0b2420c000-7f0b245b7000 rw-p 00000000 00:00 0 
7f0b245b7000-7f0b24861000 ---p 00000000 00:00 0 
7f0b24861000-7f0b24b0c000 rw-p 00000000 00:00 0 
7f0b24b0c000-7f0b24b36000 rw-p 00000000 00:00 0 
7f0b24b36000-7f0b24c0d000 ---p 00000000 00:00 0 
7f0b24c0d000-7f0b24c15000 r-xp 00000000 08:06 5639943                    /usr/lib/jvm/java-8-openjdk-amd64/jre/lib/amd64/libzip.so
7f0b24c15000-7f0b24e14000 ---p 00008000 08:06 5639943                    /usr/lib/jvm/java-8-openjdk-amd64/jre/lib/amd64/libzip.so
7f0b24e14000-7f0b24e15000 r--p 00007000 08:06 5639943                    /usr/lib/jvm/java-8-openjdk-amd64/jre/lib/amd64/libzip.so
7f0b24e15000-7f0b24e16000 rw-p 00008000 08:06 5639943                    /usr/lib/jvm/java-8-openjdk-amd64/jre/lib/amd64/libzip.so
7f0b24e16000-7f0b24e21000 r-xp 00000000 08:06 4723415                    /lib/x86_64-linux-gnu/libnss_files-2.23.so
7f0b24e21000-7f0b25020000 ---p 0000b000 08:06 4723415                    /lib/x86_64-linux-gnu/libnss_files-2.23.so
7f0b25020000-7f0b25021000 r--p 0000a000 08:06 4723415                    /lib/x86_64-linux-gnu/libnss_files-2.23.so
7f0b25021000-7f0b25022000 rw-p 0000b000 08:06 4723415                    /lib/x86_64-linux-gnu/libnss_files-2.23.so
7f0b25022000-7f0b25028000 rw-p 00000000 00:00 0 
7f0b25028000-7f0b25033000 r-xp 00000000 08:06 4723425                    /lib/x86_64-linux-gnu/libnss_nis-2.23.so
7f0b25033000-7f0b25232000 ---p 0000b000 08:06 4723425                    /lib/x86_64-linux-gnu/libnss_nis-2.23.so
7f0b25232000-7f0b25233000 r--p 0000a000 08:06 4723425                    /lib/x86_64-linux-gnu/libnss_nis-2.23.so
7f0b25233000-7f0b25234000 rw-p 0000b000 08:06 4723425                    /lib/x86_64-linux-gnu/libnss_nis-2.23.so
7f0b25234000-7f0b2524a000 r-xp 00000000 08:06 4723409                    /lib/x86_64-linux-gnu/libnsl-2.23.so
7f0b2524a000-7f0b25449000 ---p 00016000 08:06 4723409                    /lib/x86_64-linux-gnu/libnsl-2.23.so
7f0b25449000-7f0b2544a000 r--p 00015000 08:06 4723409                    /lib/x86_64-linux-gnu/libnsl-2.23.so
7f0b2544a000-7f0b2544b000 rw-p 00016000 08:06 4723409                    /lib/x86_64-linux-gnu/libnsl-2.23.so
7f0b2544b000-7f0b2544d000 rw-p 00000000 00:00 0 
7f0b2544d000-7f0b25455000 r-xp 00000000 08:06 4723411                    /lib/x86_64-linux-gnu/libnss_compat-2.23.so
7f0b25455000-7f0b25654000 ---p 00008000 08:06 4723411                    /lib/x86_64-linux-gnu/libnss_compat-2.23.so
7f0b25654000-7f0b25655000 r--p 00007000 08:06 4723411                    /lib/x86_64-linux-gnu/libnss_compat-2.23.so
7f0b25655000-7f0b25656000 rw-p 00008000 08:06 4723411                    /lib/x86_64-linux-gnu/libnss_compat-2.23.so
7f0b25656000-7f0b25683000 r-xp 00000000 08:06 5638873                    /usr/lib/jvm/java-8-openjdk-amd64/jre/lib/amd64/libjava.so
7f0b25683000-7f0b25882000 ---p 0002d000 08:06 5638873                    /usr/lib/jvm/java-8-openjdk-amd64/jre/lib/amd64/libjava.so
7f0b25882000-7f0b25883000 r--p 0002c000 08:06 5638873                    /usr/lib/jvm/java-8-openjdk-amd64/jre/lib/amd64/libjava.so
7f0b25883000-7f0b25885000 rw-p 0002d000 08:06 5638873                    /usr/lib/jvm/java-8-openjdk-amd64/jre/lib/amd64/libjava.so
7f0b25885000-7f0b25894000 r-xp 00000000 08:06 5638874                    /usr/lib/jvm/java-8-openjdk-amd64/jre/lib/amd64/libverify.so
7f0b25894000-7f0b25a93000 ---p 0000f000 08:06 5638874                    /usr/lib/jvm/java-8-openjdk-amd64/jre/lib/amd64/libverify.so
7f0b25a93000-7f0b25a95000 r--p 0000e000 08:06 5638874                    /usr/lib/jvm/java-8-openjdk-amd64/jre/lib/amd64/libverify.so
7f0b25a95000-7f0b25a96000 rw-p 00010000 08:06 5638874                    /usr/lib/jvm/java-8-openjdk-amd64/jre/lib/amd64/libverify.so
7f0b25a96000-7f0b25a9d000 r-xp 00000000 08:06 4723470                    /lib/x86_64-linux-gnu/librt-2.23.so
7f0b25a9d000-7f0b25c9c000 ---p 00007000 08:06 4723470                    /lib/x86_64-linux-gnu/librt-2.23.so
7f0b25c9c000-7f0b25c9d000 r--p 00006000 08:06 4723470                    /lib/x86_64-linux-gnu/librt-2.23.so
7f0b25c9d000-7f0b25c9e000 rw-p 00007000 08:06 4723470                    /lib/x86_64-linux-gnu/librt-2.23.so
7f0b25c9e000-7f0b25cb4000 r-xp 00000000 08:06 4723354                    /lib/x86_64-linux-gnu/libgcc_s.so.1
7f0b25cb4000-7f0b25eb3000 ---p 00016000 08:06 4723354                    /lib/x86_64-linux-gnu/libgcc_s.so.1
7f0b25eb3000-7f0b25eb4000 rw-p 00015000 08:06 4723354                    /lib/x86_64-linux-gnu/libgcc_s.so.1
7f0b25eb4000-7f0b25fbc000 r-xp 00000000 08:06 4723386                    /lib/x86_64-linux-gnu/libm-2.23.so
7f0b25fbc000-7f0b261bb000 ---p 00108000 08:06 4723386                    /lib/x86_64-linux-gnu/libm-2.23.so
7f0b261bb000-7f0b261bc000 r--p 00107000 08:06 4723386                    /lib/x86_64-linux-gnu/libm-2.23.so
7f0b261bc000-7f0b261bd000 rw-p 00108000 08:06 4723386                    /lib/x86_64-linux-gnu/libm-2.23.so
7f0b261bd000-7f0b2632f000 r-xp 00000000 08:06 5375998                    /usr/lib/x86_64-linux-gnu/libstdc++.so.6.0.21
7f0b2632f000-7f0b2652f000 ---p 00172000 08:06 5375998                    /usr/lib/x86_64-linux-gnu/libstdc++.so.6.0.21
7f0b2652f000-7f0b26539000 r--p 00172000 08:06 5375998                    /usr/lib/x86_64-linux-gnu/libstdc++.so.6.0.21
7f0b26539000-7f0b2653b000 rw-p 0017c000 08:06 5375998                    /usr/lib/x86_64-linux-gnu/libstdc++.so.6.0.21
7f0b2653b000-7f0b2653f000 rw-p 00000000 00:00 0 
7f0b2653f000-7f0b27185000 r-xp 00000000 08:06 5639941                    /usr/lib/jvm/java-8-openjdk-amd64/jre/lib/amd64/server/libjvm.so
7f0b27185000-7f0b27385000 ---p 00c46000 08:06 5639941                    /usr/lib/jvm/java-8-openjdk-amd64/jre/lib/amd64/server/libjvm.so
7f0b27385000-7f0b27418000 r--p 00c46000 08:06 5639941                    /usr/lib/jvm/java-8-openjdk-amd64/jre/lib/amd64/server/libjvm.so
7f0b27418000-7f0b27440000 rw-p 00cd9000 08:06 5639941                    /usr/lib/jvm/java-8-openjdk-amd64/jre/lib/amd64/server/libjvm.so
7f0b27440000-7f0b27470000 rw-p 00000000 00:00 0 
7f0b27470000-7f0b27488000 r-xp 00000000 08:06 4723462                    /lib/x86_64-linux-gnu/libpthread-2.23.so
7f0b27488000-7f0b27687000 ---p 00018000 08:06 4723462                    /lib/x86_64-linux-gnu/libpthread-2.23.so
7f0b27687000-7f0b27688000 r--p 00017000 08:06 4723462                    /lib/x86_64-linux-gnu/libpthread-2.23.so
7f0b27688000-7f0b27689000 rw-p 00018000 08:06 4723462                    /lib/x86_64-linux-gnu/libpthread-2.23.so
7f0b27689000-7f0b2768d000 rw-p 00000000 00:00 0 
7f0b2768d000-7f0b27690000 r-xp 00000000 08:06 4723340                    /lib/x86_64-linux-gnu/libdl-2.23.so
7f0b27690000-7f0b2788f000 ---p 00003000 08:06 4723340                    /lib/x86_64-linux-gnu/libdl-2.23.so
7f0b2788f000-7f0b27890000 r--p 00002000 08:06 4723340                    /lib/x86_64-linux-gnu/libdl-2.23.so
7f0b27890000-7f0b27891000 rw-p 00003000 08:06 4723340                    /lib/x86_64-linux-gnu/libdl-2.23.so
7f0b27891000-7f0b278aa000 r-xp 00000000 08:06 4723507                    /lib/x86_64-linux-gnu/libz.so.1.2.8
7f0b278aa000-7f0b27aa9000 ---p 00019000 08:06 4723507                    /lib/x86_64-linux-gnu/libz.so.1.2.8
7f0b27aa9000-7f0b27aaa000 r--p 00018000 08:06 4723507                    /lib/x86_64-linux-gnu/libz.so.1.2.8
7f0b27aaa000-7f0b27aab000 rw-p 00019000 08:06 4723507                    /lib/x86_64-linux-gnu/libz.so.1.2.8
7f0b27aab000-7f0b27c6b000 r-xp 00000000 08:06 4723316                    /lib/x86_64-linux-gnu/libc-2.23.so
7f0b27c6b000-7f0b27e6a000 ---p 001c0000 08:06 4723316                    /lib/x86_64-linux-gnu/libc-2.23.so
7f0b27e6a000-7f0b27e6e000 r--p 001bf000 08:06 4723316                    /lib/x86_64-linux-gnu/libc-2.23.so
7f0b27e6e000-7f0b27e70000 rw-p 001c3000 08:06 4723316                    /lib/x86_64-linux-gnu/libc-2.23.so
7f0b27e70000-7f0b27e74000 rw-p 00000000 00:00 0 
7f0b27e74000-7f0b27e81000 r-xp 00000000 08:06 5639979                    /usr/lib/jvm/java-8-openjdk-amd64/jre/lib/amd64/jli/libjli.so
7f0b27e81000-7f0b28081000 ---p 0000d000 08:06 5639979                    /usr/lib/jvm/java-8-openjdk-amd64/jre/lib/amd64/jli/libjli.so
7f0b28081000-7f0b28082000 r--p 0000d000 08:06 5639979                    /usr/lib/jvm/java-8-openjdk-amd64/jre/lib/amd64/jli/libjli.so
7f0b28082000-7f0b28083000 rw-p 0000e000 08:06 5639979                    /usr/lib/jvm/java-8-openjdk-amd64/jre/lib/amd64/jli/libjli.so
7f0b28083000-7f0b280a9000 r-xp 00000000 08:06 4723288                    /lib/x86_64-linux-gnu/ld-2.23.so
7f0b280a9000-7f0b280aa000 r--s 00000000 08:06 5640006                    /usr/lib/jvm/java-8-openjdk-amd64/jre/lib/management-agent.jar
7f0b280aa000-7f0b280ad000 r--s 00015000 08:06 5638567                    /usr/lib/jvm/java-8-openjdk-amd64/jre/lib/jce.jar
7f0b280ad000-7f0b280b1000 r--s 00037000 08:06 5640018                    /usr/lib/jvm/java-8-openjdk-amd64/jre/lib/ext/sunpkcs11.jar
7f0b280b1000-7f0b280b2000 r--s 00010000 08:06 5640014                    /usr/lib/jvm/java-8-openjdk-amd64/jre/lib/ext/zipfs.jar
7f0b280b2000-7f0b280b3000 r--s 0000a000 08:06 5640013                    /usr/lib/jvm/java-8-openjdk-amd64/jre/lib/ext/jaccess.jar
7f0b280b3000-7f0b28186000 rw-p 00000000 00:00 0 
7f0b28186000-7f0b28189000 ---p 00000000 00:00 0 
7f0b28189000-7f0b2828c000 rw-p 00000000 00:00 0 
7f0b2828c000-7f0b28296000 r--s 00116000 08:06 5640017                    /usr/lib/jvm/java-8-openjdk-amd64/jre/lib/ext/localedata.jar
7f0b28296000-7f0b28298000 r--s 00001000 08:06 5640010                    /usr/lib/jvm/java-8-openjdk-amd64/jre/lib/ext/dnsns.jar
7f0b28298000-7f0b2829b000 r--s 0000f000 08:06 5640016                    /usr/lib/jvm/java-8-openjdk-amd64/jre/lib/ext/icedtea-sound.jar
7f0b2829b000-7f0b2829c000 r--s 00008000 08:06 5640012                    /usr/lib/jvm/java-8-openjdk-amd64/jre/lib/ext/sunec.jar
7f0b2829c000-7f0b282a4000 rw-s 00000000 08:06 2228269                    /tmp/hsperfdata_kai/11312
7f0b282a4000-7f0b282a5000 rw-p 00000000 00:00 0 
7f0b282a5000-7f0b282a6000 r--p 00000000 00:00 0 
7f0b282a6000-7f0b282a8000 rw-p 00000000 00:00 0 
7f0b282a8000-7f0b282a9000 r--p 00025000 08:06 4723288                    /lib/x86_64-linux-gnu/ld-2.23.so
7f0b282a9000-7f0b282aa000 rw-p 00026000 08:06 4723288                    /lib/x86_64-linux-gnu/ld-2.23.so
7f0b282aa000-7f0b282ab000 rw-p 00000000 00:00 0 
7ffcc2dc7000-7ffcc2dea000 rw-p 00000000 00:00 0                          [stack]
7ffcc2def000-7ffcc2df1000 r--p 00000000 00:00 0                          [vvar]
7ffcc2df1000-7ffcc2df3000 r-xp 00000000 00:00 0                          [vdso]
ffffffffff600000-ffffffffff601000 r-xp 00000000 00:00 0                  [vsyscall]

VM Arguments:
jvm_args: -Xms2048m -Xmx4096m -XX:MaxPermSize=350m -XX:ReservedCodeCacheSize=64m -XX:+UseCodeCacheFlushing -XX:+UseCompressedOops -Didea.launcher.port=7535 -Didea.launcher.bin.path=/home/kai/Downloads/idea-IC-162.1447.26/bin -Dfile.encoding=UTF-8 
java_command: com.intellij.rt.execution.application.AppMain PageRankBenchmarker
java_class_path (initial): /usr/lib/jvm/java-8-openjdk-amd64/jre/lib/charsets.jar:/usr/lib/jvm/java-8-openjdk-amd64/jre/lib/ext/cldrdata.jar:/usr/lib/jvm/java-8-openjdk-amd64/jre/lib/ext/dnsns.jar:/usr/lib/jvm/java-8-openjdk-amd64/jre/lib/ext/icedtea-sound.jar:/usr/lib/jvm/java-8-openjdk-amd64/jre/lib/ext/jaccess.jar:/usr/lib/jvm/java-8-openjdk-amd64/jre/lib/ext/localedata.jar:/usr/lib/jvm/java-8-openjdk-amd64/jre/lib/ext/nashorn.jar:/usr/lib/jvm/java-8-openjdk-amd64/jre/lib/ext/sunec.jar:/usr/lib/jvm/java-8-openjdk-amd64/jre/lib/ext/sunjce_provider.jar:/usr/lib/jvm/java-8-openjdk-amd64/jre/lib/ext/sunpkcs11.jar:/usr/lib/jvm/java-8-openjdk-amd64/jre/lib/ext/zipfs.jar:/usr/lib/jvm/java-8-openjdk-amd64/jre/lib/jce.jar:/usr/lib/jvm/java-8-openjdk-amd64/jre/lib/jsse.jar:/usr/lib/jvm/java-8-openjdk-amd64/jre/lib/management-agent.jar:/usr/lib/jvm/java-8-openjdk-amd64/jre/lib/resources.jar:/usr/lib/jvm/java-8-openjdk-amd64/jre/lib/rt.jar:/home/kai/bd/BigData/Hadoop1/target/classes:/home/kai/.m2/repository/org/apache/hadoop/hadoop-common/2.5.2/hadoop-common-2.5.2.jar:/home/kai/.m2/repository/org/apache/hadoop/hadoop-annotations/2.5.2/hadoop-annotations-2.5.2.jar:/usr/lib/jvm/java-8-openjdk-amd64/jre/../lib/tools.jar:/home/kai/.m2/repository/com/google/guava/guava/11.0.2/guava-11.0.2.jar:/home/kai/.m2/repository/com/google/code/findbugs/jsr305/1.3.9/jsr305-1.3.9.jar:/home/kai/.m2/repository/commons-cli/commons-cli/1.2/commons-cli-1.2.jar:/home/kai/.m2/repository/org/apache/commons/commons-math3/3.1.1/commons-math3-3.1.1.jar:/home/kai/.m2/repository/xmlenc/xmlenc/0.52/xmlenc-0.52.jar:/home/kai/.m2/repository/commons-httpclient/commons-httpclient/3.1/commons-httpclient-3.1.jar:/home/kai/.m2/repository/commons-logging/commons-logging/1.1.3/commons-logging-1.1.3.jar:/home/kai/.m2/repository/commons-codec/commons-codec/1.4/commons-codec-1.4.jar:/home/kai/.m2/repository/commons-io/commons-io/2.4/commons-io-2.4.jar:/home/kai/.m2/repository/commons-net/commons-net/3.1/commons-net-
Launcher Type: SUN_STANDARD

Environment Variables:
JAVA_HOME=/usr/lib/jvm/java-8-openjdk-amd64
PATH=/home/kai/bin:/home/kai/.local/bin:/usr/local/sbin:/usr/local/bin:/usr/sbin:/usr/bin:/sbin:/bin:/usr/games:/usr/local/games:/snap/bin:/srv/hadoop/bin
LD_LIBRARY_PATH=/home/kai/Downloads/idea-IC-162.1447.26/bin:
SHELL=/bin/bash
DISPLAY=:0

Signal Handlers:
SIGSEGV: [libjvm.so+0xa5e970], sa_mask[0]=11111111011111111101111111111110, sa_flags=SA_RESTART|SA_SIGINFO
SIGBUS: [libjvm.so+0xa5e970], sa_mask[0]=11111111011111111101111111111110, sa_flags=SA_RESTART|SA_SIGINFO
SIGFPE: [libjvm.so+0x8a9ff0], sa_mask[0]=11111111011111111101111111111110, sa_flags=SA_RESTART|SA_SIGINFO
SIGPIPE: [libjvm.so+0x8a9ff0], sa_mask[0]=11111111011111111101111111111110, sa_flags=SA_RESTART|SA_SIGINFO
SIGXFSZ: [libjvm.so+0x8a9ff0], sa_mask[0]=11111111011111111101111111111110, sa_flags=SA_RESTART|SA_SIGINFO
SIGILL: [libjvm.so+0x8a9ff0], sa_mask[0]=11111111011111111101111111111110, sa_flags=SA_RESTART|SA_SIGINFO
SIGUSR1: SIG_DFL, sa_mask[0]=00000000000000000000000000000000, sa_flags=none
SIGUSR2: [libjvm.so+0x8a9ea0], sa_mask[0]=00100000000000000000000000000000, sa_flags=SA_RESTART|SA_SIGINFO
SIGHUP: [libjvm.so+0x8aa370], sa_mask[0]=11111111011111111101111111111110, sa_flags=SA_RESTART|SA_SIGINFO
SIGINT: [libjvm.so+0x8aa370], sa_mask[0]=11111111011111111101111111111110, sa_flags=SA_RESTART|SA_SIGINFO
SIGTERM: [libjvm.so+0x8aa370], sa_mask[0]=11111111011111111101111111111110, sa_flags=SA_RESTART|SA_SIGINFO
SIGQUIT: [libjvm.so+0x8aa370], sa_mask[0]=11111111011111111101111111111110, sa_flags=SA_RESTART|SA_SIGINFO


---------------  S Y S T E M  ---------------

OS:DISTRIB_ID=Ubuntu
DISTRIB_RELEASE=16.04
DISTRIB_CODENAME=xenial
DISTRIB_DESCRIPTION="Ubuntu 16.04.1 LTS"

uname:Linux 4.4.0-34-generic #53-Ubuntu SMP Wed Jul 27 16:06:39 UTC 2016 x86_64
libc:glibc 2.23 NPTL 2.23 
rlimit: STACK 8192k, CORE 0k, NPROC 30946, NOFILE 65536, AS infinity
load average:2.50 2.73 2.61

/proc/meminfo:
MemTotal:        8009968 kB
MemFree:          156044 kB
MemAvailable:     548012 kB
Buffers:           14100 kB
Cached:          1209780 kB
SwapCached:            0 kB
Active:          6745308 kB
Inactive:         876980 kB
Active(anon):    6400460 kB
Inactive(anon):   629688 kB
Active(file):     344848 kB
Inactive(file):   247292 kB
Unevictable:          16 kB
Mlocked:              16 kB
SwapTotal:             0 kB
SwapFree:              0 kB
Dirty:               352 kB
Writeback:             0 kB
AnonPages:       6398616 kB
Mapped:           513972 kB
Shmem:            631548 kB
Slab:              93812 kB
SReclaimable:      50984 kB
SUnreclaim:        42828 kB
KernelStack:       17408 kB
PageTables:        48624 kB
NFS_Unstable:          0 kB
Bounce:                0 kB
WritebackTmp:          0 kB
CommitLimit:     4004984 kB
Committed_AS:   12755920 kB
VmallocTotal:   34359738367 kB
VmallocUsed:           0 kB
VmallocChunk:          0 kB
HardwareCorrupted:     0 kB
AnonHugePages:   3999744 kB
CmaTotal:              0 kB
CmaFree:               0 kB
HugePages_Total:       0
HugePages_Free:        0
HugePages_Rsvd:        0
HugePages_Surp:        0
Hugepagesize:       2048 kB
DirectMap4k:      148816 kB
DirectMap2M:     5978112 kB
DirectMap1G:     3145728 kB


CPU:total 4 (2 cores per cpu, 2 threads per core) family 6 model 78 stepping 3, cmov, cx8, fxsr, mmx, sse, sse2, sse3, ssse3, sse4.1, sse4.2, popcnt, avx, avx2, aes, clmul, erms, 3dnowpref, lzcnt, ht, tsc, tscinvbit, bmi1, bmi2, adx

/proc/cpuinfo:
processor	: 0
vendor_id	: GenuineIntel
cpu family	: 6
model		: 78
model name	: Intel(R) Core(TM) i5-6200U CPU @ 2.30GHz
stepping	: 3
microcode	: 0x33
cpu MHz		: 733.781
cache size	: 3072 KB
physical id	: 0
siblings	: 4
core id		: 0
cpu cores	: 2
apicid		: 0
initial apicid	: 0
fpu		: yes
fpu_exception	: yes
cpuid level	: 22
wp		: yes
flags		: fpu vme de pse tsc msr pae mce cx8 apic sep mtrr pge mca cmov pat pse36 clflush dts acpi mmx fxsr sse sse2 ss ht tm pbe syscall nx pdpe1gb rdtscp lm constant_tsc art arch_perfmon pebs bts rep_good nopl xtopology nonstop_tsc aperfmperf eagerfpu pni pclmulqdq dtes64 monitor ds_cpl vmx est tm2 ssse3 sdbg fma cx16 xtpr pdcm pcid sse4_1 sse4_2 x2apic movbe popcnt tsc_deadline_timer aes xsave avx f16c rdrand lahf_lm abm 3dnowprefetch epb intel_pt tpr_shadow vnmi flexpriority ept vpid fsgsbase tsc_adjust bmi1 avx2 smep bmi2 erms invpcid mpx rdseed adx smap clflushopt xsaveopt xsavec xgetbv1 dtherm ida arat pln pts hwp hwp_notify hwp_act_window hwp_epp
bugs		:
bogomips	: 4799.90
clflush size	: 64
cache_alignment	: 64
address sizes	: 39 bits physical, 48 bits virtual
power management:

processor	: 1
vendor_id	: GenuineIntel
cpu family	: 6
model		: 78
model name	: Intel(R) Core(TM) i5-6200U CPU @ 2.30GHz
stepping	: 3
microcode	: 0x33
cpu MHz		: 744.562
cache size	: 3072 KB
physical id	: 0
siblings	: 4
core id		: 1
cpu cores	: 2
apicid		: 2
initial apicid	: 2
fpu		: yes
fpu_exception	: yes
cpuid level	: 22
wp		: yes
flags		: fpu vme de pse tsc msr pae mce cx8 apic sep mtrr pge mca cmov pat pse36 clflush dts acpi mmx fxsr sse sse2 ss ht tm pbe syscall nx pdpe1gb rdtscp lm constant_tsc art arch_perfmon pebs bts rep_good nopl xtopology nonstop_tsc aperfmperf eagerfpu pni pclmulqdq dtes64 monitor ds_cpl vmx est tm2 ssse3 sdbg fma cx16 xtpr pdcm pcid sse4_1 sse4_2 x2apic movbe popcnt tsc_deadline_timer aes xsave avx f16c rdrand lahf_lm abm 3dnowprefetch epb intel_pt tpr_shadow vnmi flexpriority ept vpid fsgsbase tsc_adjust bmi1 avx2 smep bmi2 erms invpcid mpx rdseed adx smap clflushopt xsaveopt xsavec xgetbv1 dtherm ida arat pln pts hwp hwp_notify hwp_act_window hwp_epp
bugs		:
bogomips	: 4799.90
clflush size	: 64
cache_alignment	: 64
address sizes	: 39 bits physical, 48 bits virtual
power management:

processor	: 2
vendor_id	: GenuineIntel
cpu family	: 6
model		: 78
model name	: Intel(R) Core(TM) i5-6200U CPU @ 2.30GHz
stepping	: 3
microcode	: 0x33
cpu MHz		: 725.250
cache size	: 3072 KB
physical id	: 0
siblings	: 4
core id		: 0
cpu cores	: 2
apicid		: 1
initial apicid	: 1
fpu		: yes
fpu_exception	: yes
cpuid level	: 22
wp		: yes
flags		: fpu vme de pse tsc msr pae mce cx8 apic sep mtrr pge mca cmov pat pse36 clflush dts acpi mmx fxsr sse sse2 ss ht tm pbe syscall nx pdpe1gb rdtscp lm constant_tsc art arch_perfmon pebs bts rep_good nopl xtopology nonstop_tsc aperfmperf eagerfpu pni pclmulqdq dtes64 monitor ds_cpl vmx est tm2 ssse3 sdbg fma cx16 xtpr pdcm pcid sse4_1 sse4_2 x2apic movbe popcnt tsc_deadline_timer aes xsave avx f16c rdrand lahf_lm abm 3dnowprefetch epb intel_pt tpr_shadow vnmi flexpriority ept vpid fsgsbase tsc_adjust bmi1 avx2 smep bmi2 erms invpcid mpx rdseed adx smap clflushopt xsaveopt xsavec xgetbv1 dtherm ida arat pln pts hwp hwp_notify hwp_act_window hwp_epp
bugs		:
bogomips	: 4799.90
clflush size	: 64
cache_alignment	: 64
address sizes	: 39 bits physical, 48 bits virtual
power management:

processor	: 3
vendor_id	: GenuineIntel
cpu family	: 6
model		: 78
model name	: Intel(R) Core(TM) i5-6200U CPU @ 2.30GHz
stepping	: 3
microcode	: 0x33
cpu MHz		: 757.500
cache size	: 3072 KB
physical id	: 0
siblings	: 4
core id		: 1
cpu cores	: 2
apicid		: 3
initial apicid	: 3
fpu		: yes
fpu_exception	: yes
cpuid level	: 22
wp		: yes
flags		: fpu vme de pse tsc msr pae mce cx8 apic sep mtrr pge mca cmov pat pse36 clflush dts acpi mmx fxsr sse sse2 ss ht tm pbe syscall nx pdpe1gb rdtscp lm constant_tsc art arch_perfmon pebs bts rep_good nopl xtopology nonstop_tsc aperfmperf eagerfpu pni pclmulqdq dtes64 monitor ds_cpl vmx est tm2 ssse3 sdbg fma cx16 xtpr pdcm pcid sse4_1 sse4_2 x2apic movbe popcnt tsc_deadline_timer aes xsave avx f16c rdrand lahf_lm abm 3dnowprefetch epb intel_pt tpr_shadow vnmi flexpriority ept vpid fsgsbase tsc_adjust bmi1 avx2 smep bmi2 erms invpcid mpx rdseed adx smap clflushopt xsaveopt xsavec xgetbv1 dtherm ida arat pln pts hwp hwp_notify hwp_act_window hwp_epp
bugs		:
bogomips	: 4799.90
clflush size	: 64
cache_alignment	: 64
address sizes	: 39 bits physical, 48 bits virtual
power management:



Memory: 4k page, physical 8009968k(156044k free), swap 0k(0k free)

vm_info: OpenJDK 64-Bit Server VM (25.91-b14) for linux-amd64 JRE (1.8.0_91-8u91-b14-3ubuntu1~16.04.1-b14), built on Jul 21 2016 04:13:34 by "buildd" with gcc 5.3.1 20160413

time: Sun Sep  4 20:49:20 2016
elapsed time: 135 seconds (0d 0h 2m 15s)

