#
# There is insufficient memory for the Java Runtime Environment to continue.
# Native memory allocation (mmap) failed to map 2863661056 bytes for committing reserved memory.
# Possible reasons:
#   The system is out of physical RAM or swap space
#   In 32 bit mode, the process size limit was hit
# Possible solutions:
#   Reduce memory load on the system
#   Increase physical memory or swap space
#   Check if swap backing store is full
#   Use 64 bit Java on a 64 bit OS
#   Decrease Java heap size (-Xmx/-Xms)
#   Decrease number of Java threads
#   Decrease Java thread stack sizes (-Xss)
#   Set larger code cache with -XX:ReservedCodeCacheSize=
# This output file may be truncated or incomplete.
#
#  Out of Memory Error (os_linux.cpp:2630), pid=11283, tid=140153827116800
#
# JRE version:  (8.0_91-b14) (build )
# Java VM: OpenJDK 64-Bit Server VM (25.91-b14 mixed mode linux-amd64 compressed oops)
# Failed to write core dump. Core dumps have been disabled. To enable core dumping, try "ulimit -c unlimited" before starting Java again
#

---------------  T H R E A D  ---------------

Current thread (0x00007f781400e000):  JavaThread "Unknown thread" [_thread_in_vm, id=11285, stack(0x00007f781b044000,0x00007f781b145000)]

Stack: [0x00007f781b044000,0x00007f781b145000],  sp=0x00007f781b143630,  free space=1021k
Native frames: (J=compiled Java code, j=interpreted, Vv=VM code, C=native code)
V  [libjvm.so+0xa5de1b]
V  [libjvm.so+0x4c178c]
V  [libjvm.so+0x8ae9d0]
V  [libjvm.so+0x8a8e4e]
V  [libjvm.so+0x922f46]
V  [libjvm.so+0x913a53]
V  [libjvm.so+0x2accb1]
V  [libjvm.so+0x8d3cf9]
V  [libjvm.so+0xa218c9]
V  [libjvm.so+0xa21c32]
V  [libjvm.so+0x60beff]
V  [libjvm.so+0xa0740a]
V  [libjvm.so+0x6860c2]  JNI_CreateJavaVM+0x62
C  [libjli.so+0x2f2e]
C  [libjli.so+0x73cd]
C  [libpthread.so.0+0x76fa]  start_thread+0xca


---------------  P R O C E S S  ---------------

Java Threads: ( => current thread )

Other Threads:

=>0x00007f781400e000 (exited) JavaThread "Unknown thread" [_thread_in_vm, id=11285, stack(0x00007f781b044000,0x00007f781b145000)]

VM state:not at safepoint (not fully initialized)

VM Mutex/Monitor currently owned by a thread: None

GC Heap History (0 events):
No events

Deoptimization events (0 events):
No events

Internal exceptions (0 events):
No events

Events (0 events):
No events


Dynamic libraries:
00400000-00401000 r-xp 00000000 08:06 5638558                            /usr/lib/jvm/java-8-openjdk-amd64/jre/bin/java
00600000-00601000 r--p 00000000 08:06 5638558                            /usr/lib/jvm/java-8-openjdk-amd64/jre/bin/java
00601000-00602000 rw-p 00001000 08:06 5638558                            /usr/lib/jvm/java-8-openjdk-amd64/jre/bin/java
01950000-01971000 rw-p 00000000 00:00 0                                  [heap]
76ab00000-7c0000000 rw-p 00000000 00:00 0 
7f780f0d8000-7f780f62d000 ---p 00000000 00:00 0 
7f780f62d000-7f780f8e3000 rw-p 00000000 00:00 0 
7f780f8e3000-7f780f9d9000 ---p 00000000 00:00 0 
7f780f9d9000-7f780fc49000 rwxp 00000000 00:00 0 
7f780fc49000-7f78139d9000 ---p 00000000 00:00 0 
7f78139d9000-7f78139e1000 r-xp 00000000 08:06 5639943                    /usr/lib/jvm/java-8-openjdk-amd64/jre/lib/amd64/libzip.so
7f78139e1000-7f7813be0000 ---p 00008000 08:06 5639943                    /usr/lib/jvm/java-8-openjdk-amd64/jre/lib/amd64/libzip.so
7f7813be0000-7f7813be1000 r--p 00007000 08:06 5639943                    /usr/lib/jvm/java-8-openjdk-amd64/jre/lib/amd64/libzip.so
7f7813be1000-7f7813be2000 rw-p 00008000 08:06 5639943                    /usr/lib/jvm/java-8-openjdk-amd64/jre/lib/amd64/libzip.so
7f7813be2000-7f7813bed000 r-xp 00000000 08:06 4723415                    /lib/x86_64-linux-gnu/libnss_files-2.23.so
7f7813bed000-7f7813dec000 ---p 0000b000 08:06 4723415                    /lib/x86_64-linux-gnu/libnss_files-2.23.so
7f7813dec000-7f7813ded000 r--p 0000a000 08:06 4723415                    /lib/x86_64-linux-gnu/libnss_files-2.23.so
7f7813ded000-7f7813dee000 rw-p 0000b000 08:06 4723415                    /lib/x86_64-linux-gnu/libnss_files-2.23.so
7f7813dee000-7f7813df4000 rw-p 00000000 00:00 0 
7f7813df4000-7f7813dff000 r-xp 00000000 08:06 4723425                    /lib/x86_64-linux-gnu/libnss_nis-2.23.so
7f7813dff000-7f7813ffe000 ---p 0000b000 08:06 4723425                    /lib/x86_64-linux-gnu/libnss_nis-2.23.so
7f7813ffe000-7f7813fff000 r--p 0000a000 08:06 4723425                    /lib/x86_64-linux-gnu/libnss_nis-2.23.so
7f7813fff000-7f7814000000 rw-p 0000b000 08:06 4723425                    /lib/x86_64-linux-gnu/libnss_nis-2.23.so
7f7814000000-7f7814035000 rw-p 00000000 00:00 0 
7f7814035000-7f7818000000 ---p 00000000 00:00 0 
7f78180f2000-7f7818108000 r-xp 00000000 08:06 4723409                    /lib/x86_64-linux-gnu/libnsl-2.23.so
7f7818108000-7f7818307000 ---p 00016000 08:06 4723409                    /lib/x86_64-linux-gnu/libnsl-2.23.so
7f7818307000-7f7818308000 r--p 00015000 08:06 4723409                    /lib/x86_64-linux-gnu/libnsl-2.23.so
7f7818308000-7f7818309000 rw-p 00016000 08:06 4723409                    /lib/x86_64-linux-gnu/libnsl-2.23.so
7f7818309000-7f781830b000 rw-p 00000000 00:00 0 
7f781830b000-7f7818313000 r-xp 00000000 08:06 4723411                    /lib/x86_64-linux-gnu/libnss_compat-2.23.so
7f7818313000-7f7818512000 ---p 00008000 08:06 4723411                    /lib/x86_64-linux-gnu/libnss_compat-2.23.so
7f7818512000-7f7818513000 r--p 00007000 08:06 4723411                    /lib/x86_64-linux-gnu/libnss_compat-2.23.so
7f7818513000-7f7818514000 rw-p 00008000 08:06 4723411                    /lib/x86_64-linux-gnu/libnss_compat-2.23.so
7f7818514000-7f7818541000 r-xp 00000000 08:06 5638873                    /usr/lib/jvm/java-8-openjdk-amd64/jre/lib/amd64/libjava.so
7f7818541000-7f7818740000 ---p 0002d000 08:06 5638873                    /usr/lib/jvm/java-8-openjdk-amd64/jre/lib/amd64/libjava.so
7f7818740000-7f7818741000 r--p 0002c000 08:06 5638873                    /usr/lib/jvm/java-8-openjdk-amd64/jre/lib/amd64/libjava.so
7f7818741000-7f7818743000 rw-p 0002d000 08:06 5638873                    /usr/lib/jvm/java-8-openjdk-amd64/jre/lib/amd64/libjava.so
7f7818743000-7f7818752000 r-xp 00000000 08:06 5638874                    /usr/lib/jvm/java-8-openjdk-amd64/jre/lib/amd64/libverify.so
7f7818752000-7f7818951000 ---p 0000f000 08:06 5638874                    /usr/lib/jvm/java-8-openjdk-amd64/jre/lib/amd64/libverify.so
7f7818951000-7f7818953000 r--p 0000e000 08:06 5638874                    /usr/lib/jvm/java-8-openjdk-amd64/jre/lib/amd64/libverify.so
7f7818953000-7f7818954000 rw-p 00010000 08:06 5638874                    /usr/lib/jvm/java-8-openjdk-amd64/jre/lib/amd64/libverify.so
7f7818954000-7f781895b000 r-xp 00000000 08:06 4723470                    /lib/x86_64-linux-gnu/librt-2.23.so
7f781895b000-7f7818b5a000 ---p 00007000 08:06 4723470                    /lib/x86_64-linux-gnu/librt-2.23.so
7f7818b5a000-7f7818b5b000 r--p 00006000 08:06 4723470                    /lib/x86_64-linux-gnu/librt-2.23.so
7f7818b5b000-7f7818b5c000 rw-p 00007000 08:06 4723470                    /lib/x86_64-linux-gnu/librt-2.23.so
7f7818b5c000-7f7818b72000 r-xp 00000000 08:06 4723354                    /lib/x86_64-linux-gnu/libgcc_s.so.1
7f7818b72000-7f7818d71000 ---p 00016000 08:06 4723354                    /lib/x86_64-linux-gnu/libgcc_s.so.1
7f7818d71000-7f7818d72000 rw-p 00015000 08:06 4723354                    /lib/x86_64-linux-gnu/libgcc_s.so.1
7f7818d72000-7f7818e7a000 r-xp 00000000 08:06 4723386                    /lib/x86_64-linux-gnu/libm-2.23.so
7f7818e7a000-7f7819079000 ---p 00108000 08:06 4723386                    /lib/x86_64-linux-gnu/libm-2.23.so
7f7819079000-7f781907a000 r--p 00107000 08:06 4723386                    /lib/x86_64-linux-gnu/libm-2.23.so
7f781907a000-7f781907b000 rw-p 00108000 08:06 4723386                    /lib/x86_64-linux-gnu/libm-2.23.so
7f781907b000-7f78191ed000 r-xp 00000000 08:06 5375998                    /usr/lib/x86_64-linux-gnu/libstdc++.so.6.0.21
7f78191ed000-7f78193ed000 ---p 00172000 08:06 5375998                    /usr/lib/x86_64-linux-gnu/libstdc++.so.6.0.21
7f78193ed000-7f78193f7000 r--p 00172000 08:06 5375998                    /usr/lib/x86_64-linux-gnu/libstdc++.so.6.0.21
7f78193f7000-7f78193f9000 rw-p 0017c000 08:06 5375998                    /usr/lib/x86_64-linux-gnu/libstdc++.so.6.0.21
7f78193f9000-7f78193fd000 rw-p 00000000 00:00 0 
7f78193fd000-7f781a043000 r-xp 00000000 08:06 5639941                    /usr/lib/jvm/java-8-openjdk-amd64/jre/lib/amd64/server/libjvm.so
7f781a043000-7f781a243000 ---p 00c46000 08:06 5639941                    /usr/lib/jvm/java-8-openjdk-amd64/jre/lib/amd64/server/libjvm.so
7f781a243000-7f781a2d6000 r--p 00c46000 08:06 5639941                    /usr/lib/jvm/java-8-openjdk-amd64/jre/lib/amd64/server/libjvm.so
7f781a2d6000-7f781a2fe000 rw-p 00cd9000 08:06 5639941                    /usr/lib/jvm/java-8-openjdk-amd64/jre/lib/amd64/server/libjvm.so
7f781a2fe000-7f781a32e000 rw-p 00000000 00:00 0 
7f781a32e000-7f781a346000 r-xp 00000000 08:06 4723462                    /lib/x86_64-linux-gnu/libpthread-2.23.so
7f781a346000-7f781a545000 ---p 00018000 08:06 4723462                    /lib/x86_64-linux-gnu/libpthread-2.23.so
7f781a545000-7f781a546000 r--p 00017000 08:06 4723462                    /lib/x86_64-linux-gnu/libpthread-2.23.so
7f781a546000-7f781a547000 rw-p 00018000 08:06 4723462                    /lib/x86_64-linux-gnu/libpthread-2.23.so
7f781a547000-7f781a54b000 rw-p 00000000 00:00 0 
7f781a54b000-7f781a54e000 r-xp 00000000 08:06 4723340                    /lib/x86_64-linux-gnu/libdl-2.23.so
7f781a54e000-7f781a74d000 ---p 00003000 08:06 4723340                    /lib/x86_64-linux-gnu/libdl-2.23.so
7f781a74d000-7f781a74e000 r--p 00002000 08:06 4723340                    /lib/x86_64-linux-gnu/libdl-2.23.so
7f781a74e000-7f781a74f000 rw-p 00003000 08:06 4723340                    /lib/x86_64-linux-gnu/libdl-2.23.so
7f781a74f000-7f781a768000 r-xp 00000000 08:06 4723507                    /lib/x86_64-linux-gnu/libz.so.1.2.8
7f781a768000-7f781a967000 ---p 00019000 08:06 4723507                    /lib/x86_64-linux-gnu/libz.so.1.2.8
7f781a967000-7f781a968000 r--p 00018000 08:06 4723507                    /lib/x86_64-linux-gnu/libz.so.1.2.8
7f781a968000-7f781a969000 rw-p 00019000 08:06 4723507                    /lib/x86_64-linux-gnu/libz.so.1.2.8
7f781a969000-7f781ab29000 r-xp 00000000 08:06 4723316                    /lib/x86_64-linux-gnu/libc-2.23.so
7f781ab29000-7f781ad28000 ---p 001c0000 08:06 4723316                    /lib/x86_64-linux-gnu/libc-2.23.so
7f781ad28000-7f781ad2c000 r--p 001bf000 08:06 4723316                    /lib/x86_64-linux-gnu/libc-2.23.so
7f781ad2c000-7f781ad2e000 rw-p 001c3000 08:06 4723316                    /lib/x86_64-linux-gnu/libc-2.23.so
7f781ad2e000-7f781ad32000 rw-p 00000000 00:00 0 
7f781ad32000-7f781ad3f000 r-xp 00000000 08:06 5639979                    /usr/lib/jvm/java-8-openjdk-amd64/jre/lib/amd64/jli/libjli.so
7f781ad3f000-7f781af3f000 ---p 0000d000 08:06 5639979                    /usr/lib/jvm/java-8-openjdk-amd64/jre/lib/amd64/jli/libjli.so
7f781af3f000-7f781af40000 r--p 0000d000 08:06 5639979                    /usr/lib/jvm/java-8-openjdk-amd64/jre/lib/amd64/jli/libjli.so
7f781af40000-7f781af41000 rw-p 0000e000 08:06 5639979                    /usr/lib/jvm/java-8-openjdk-amd64/jre/lib/amd64/jli/libjli.so
7f781af41000-7f781af67000 r-xp 00000000 08:06 4723288                    /lib/x86_64-linux-gnu/ld-2.23.so
7f781b044000-7f781b047000 ---p 00000000 00:00 0 
7f781b047000-7f781b14a000 rw-p 00000000 00:00 0 
7f781b15a000-7f781b162000 rw-s 00000000 08:06 2228266                    /tmp/hsperfdata_kai/11283
7f781b162000-7f781b163000 rw-p 00000000 00:00 0 
7f781b163000-7f781b164000 r--p 00000000 00:00 0 
7f781b164000-7f781b166000 rw-p 00000000 00:00 0 
7f781b166000-7f781b167000 r--p 00025000 08:06 4723288                    /lib/x86_64-linux-gnu/ld-2.23.so
7f781b167000-7f781b168000 rw-p 00026000 08:06 4723288                    /lib/x86_64-linux-gnu/ld-2.23.so
7f781b168000-7f781b169000 rw-p 00000000 00:00 0 
7fff9e2b0000-7fff9e2d3000 rw-p 00000000 00:00 0                          [stack]
7fff9e375000-7fff9e377000 r--p 00000000 00:00 0                          [vvar]
7fff9e377000-7fff9e379000 r-xp 00000000 00:00 0                          [vdso]
ffffffffff600000-ffffffffff601000 r-xp 00000000 00:00 0                  [vsyscall]

VM Arguments:
jvm_args: -Xms4096m -Xmx4096m -XX:MaxPermSize=350m -XX:ReservedCodeCacheSize=64m -XX:+UseCodeCacheFlushing -XX:+UseCompressedOops -Didea.launcher.port=7534 -Didea.launcher.bin.path=/home/kai/Downloads/idea-IC-162.1447.26/bin -Dfile.encoding=UTF-8 
java_command: com.intellij.rt.execution.application.AppMain PageRankBenchmarker
java_class_path (initial): /usr/lib/jvm/java-8-openjdk-amd64/jre/lib/charsets.jar:/usr/lib/jvm/java-8-openjdk-amd64/jre/lib/ext/cldrdata.jar:/usr/lib/jvm/java-8-openjdk-amd64/jre/lib/ext/dnsns.jar:/usr/lib/jvm/java-8-openjdk-amd64/jre/lib/ext/icedtea-sound.jar:/usr/lib/jvm/java-8-openjdk-amd64/jre/lib/ext/jaccess.jar:/usr/lib/jvm/java-8-openjdk-amd64/jre/lib/ext/localedata.jar:/usr/lib/jvm/java-8-openjdk-amd64/jre/lib/ext/nashorn.jar:/usr/lib/jvm/java-8-openjdk-amd64/jre/lib/ext/sunec.jar:/usr/lib/jvm/java-8-openjdk-amd64/jre/lib/ext/sunjce_provider.jar:/usr/lib/jvm/java-8-openjdk-amd64/jre/lib/ext/sunpkcs11.jar:/usr/lib/jvm/java-8-openjdk-amd64/jre/lib/ext/zipfs.jar:/usr/lib/jvm/java-8-openjdk-amd64/jre/lib/jce.jar:/usr/lib/jvm/java-8-openjdk-amd64/jre/lib/jsse.jar:/usr/lib/jvm/java-8-openjdk-amd64/jre/lib/management-agent.jar:/usr/lib/jvm/java-8-openjdk-amd64/jre/lib/resources.jar:/usr/lib/jvm/java-8-openjdk-amd64/jre/lib/rt.jar:/home/kai/bd/BigData/Hadoop1/target/classes:/home/kai/.m2/repository/org/apache/hadoop/hadoop-common/2.5.2/hadoop-common-2.5.2.jar:/home/kai/.m2/repository/org/apache/hadoop/hadoop-annotations/2.5.2/hadoop-annotations-2.5.2.jar:/usr/lib/jvm/java-8-openjdk-amd64/jre/../lib/tools.jar:/home/kai/.m2/repository/com/google/guava/guava/11.0.2/guava-11.0.2.jar:/home/kai/.m2/repository/com/google/code/findbugs/jsr305/1.3.9/jsr305-1.3.9.jar:/home/kai/.m2/repository/commons-cli/commons-cli/1.2/commons-cli-1.2.jar:/home/kai/.m2/repository/org/apache/commons/commons-math3/3.1.1/commons-math3-3.1.1.jar:/home/kai/.m2/repository/xmlenc/xmlenc/0.52/xmlenc-0.52.jar:/home/kai/.m2/repository/commons-httpclient/commons-httpclient/3.1/commons-httpclient-3.1.jar:/home/kai/.m2/repository/commons-logging/commons-logging/1.1.3/commons-logging-1.1.3.jar:/home/kai/.m2/repository/commons-codec/commons-codec/1.4/commons-codec-1.4.jar:/home/kai/.m2/repository/commons-io/commons-io/2.4/commons-io-2.4.jar:/home/kai/.m2/repository/commons-net/commons-net/3.1/commons-net-
Launcher Type: SUN_STANDARD

Environment Variables:
JAVA_HOME=/usr/lib/jvm/java-8-openjdk-amd64
PATH=/home/kai/bin:/home/kai/.local/bin:/usr/local/sbin:/usr/local/bin:/usr/sbin:/usr/bin:/sbin:/bin:/usr/games:/usr/local/games:/snap/bin:/srv/hadoop/bin
LD_LIBRARY_PATH=/home/kai/Downloads/idea-IC-162.1447.26/bin:
SHELL=/bin/bash
DISPLAY=:0

Signal Handlers:
SIGSEGV: [libjvm.so+0xa5e970], sa_mask[0]=11111111011111111101111111111110, sa_flags=SA_RESTART|SA_SIGINFO
SIGBUS: [libjvm.so+0xa5e970], sa_mask[0]=11111111011111111101111111111110, sa_flags=SA_RESTART|SA_SIGINFO
SIGFPE: [libjvm.so+0x8a9ff0], sa_mask[0]=11111111011111111101111111111110, sa_flags=SA_RESTART|SA_SIGINFO
SIGPIPE: [libjvm.so+0x8a9ff0], sa_mask[0]=11111111011111111101111111111110, sa_flags=SA_RESTART|SA_SIGINFO
SIGXFSZ: [libjvm.so+0x8a9ff0], sa_mask[0]=11111111011111111101111111111110, sa_flags=SA_RESTART|SA_SIGINFO
SIGILL: [libjvm.so+0x8a9ff0], sa_mask[0]=11111111011111111101111111111110, sa_flags=SA_RESTART|SA_SIGINFO
SIGUSR1: SIG_DFL, sa_mask[0]=00000000000000000000000000000000, sa_flags=none
SIGUSR2: [libjvm.so+0x8a9ea0], sa_mask[0]=00100000000000000000000000000000, sa_flags=SA_RESTART|SA_SIGINFO
SIGHUP: SIG_DFL, sa_mask[0]=00000000000000000000000000000000, sa_flags=none
SIGINT: SIG_DFL, sa_mask[0]=00000000000000000000000000000000, sa_flags=none
SIGTERM: SIG_DFL, sa_mask[0]=00000000000000000000000000000000, sa_flags=none
SIGQUIT: SIG_DFL, sa_mask[0]=00000000000000000000000000000000, sa_flags=none


---------------  S Y S T E M  ---------------

OS:DISTRIB_ID=Ubuntu
DISTRIB_RELEASE=16.04
DISTRIB_CODENAME=xenial
DISTRIB_DESCRIPTION="Ubuntu 16.04.1 LTS"

uname:Linux 4.4.0-34-generic #53-Ubuntu SMP Wed Jul 27 16:06:39 UTC 2016 x86_64
libc:glibc 2.23 NPTL 2.23 
rlimit: STACK 8192k, CORE 0k, NPROC 30946, NOFILE 65536, AS infinity
load average:3.04 2.84 2.60

/proc/meminfo:
MemTotal:        8009968 kB
MemFree:         1769916 kB
MemAvailable:    2637208 kB
Buffers:           45040 kB
Cached:          1653488 kB
SwapCached:            0 kB
Active:          4895360 kB
Inactive:        1114368 kB
Active(anon):    4313052 kB
Inactive(anon):   630704 kB
Active(file):     582308 kB
Inactive(file):   483664 kB
Unevictable:          16 kB
Mlocked:              16 kB
SwapTotal:             0 kB
SwapFree:              0 kB
Dirty:              4668 kB
Writeback:             0 kB
AnonPages:       4311536 kB
Mapped:           533324 kB
Shmem:            632556 kB
Slab:              96852 kB
SReclaimable:      53968 kB
SUnreclaim:        42884 kB
KernelStack:       17328 kB
PageTables:        44036 kB
NFS_Unstable:          0 kB
Bounce:                0 kB
WritebackTmp:          0 kB
CommitLimit:     4004984 kB
Committed_AS:   11027816 kB
VmallocTotal:   34359738367 kB
VmallocUsed:           0 kB
VmallocChunk:          0 kB
HardwareCorrupted:     0 kB
AnonHugePages:   2740224 kB
CmaTotal:              0 kB
CmaFree:               0 kB
HugePages_Total:       0
HugePages_Free:        0
HugePages_Rsvd:        0
HugePages_Surp:        0
Hugepagesize:       2048 kB
DirectMap4k:      148816 kB
DirectMap2M:     5978112 kB
DirectMap1G:     3145728 kB


CPU:total 4 (2 cores per cpu, 2 threads per core) family 6 model 78 stepping 3, cmov, cx8, fxsr, mmx, sse, sse2, sse3, ssse3, sse4.1, sse4.2, popcnt, avx, avx2, aes, clmul, erms, 3dnowpref, lzcnt, ht, tsc, tscinvbit, bmi1, bmi2, adx

/proc/cpuinfo:
processor	: 0
vendor_id	: GenuineIntel
cpu family	: 6
model		: 78
model name	: Intel(R) Core(TM) i5-6200U CPU @ 2.30GHz
stepping	: 3
microcode	: 0x33
cpu MHz		: 2314.500
cache size	: 3072 KB
physical id	: 0
siblings	: 4
core id		: 0
cpu cores	: 2
apicid		: 0
initial apicid	: 0
fpu		: yes
fpu_exception	: yes
cpuid level	: 22
wp		: yes
flags		: fpu vme de pse tsc msr pae mce cx8 apic sep mtrr pge mca cmov pat pse36 clflush dts acpi mmx fxsr sse sse2 ss ht tm pbe syscall nx pdpe1gb rdtscp lm constant_tsc art arch_perfmon pebs bts rep_good nopl xtopology nonstop_tsc aperfmperf eagerfpu pni pclmulqdq dtes64 monitor ds_cpl vmx est tm2 ssse3 sdbg fma cx16 xtpr pdcm pcid sse4_1 sse4_2 x2apic movbe popcnt tsc_deadline_timer aes xsave avx f16c rdrand lahf_lm abm 3dnowprefetch epb intel_pt tpr_shadow vnmi flexpriority ept vpid fsgsbase tsc_adjust bmi1 avx2 smep bmi2 erms invpcid mpx rdseed adx smap clflushopt xsaveopt xsavec xgetbv1 dtherm ida arat pln pts hwp hwp_notify hwp_act_window hwp_epp
bugs		:
bogomips	: 4799.90
clflush size	: 64
cache_alignment	: 64
address sizes	: 39 bits physical, 48 bits virtual
power management:

processor	: 1
vendor_id	: GenuineIntel
cpu family	: 6
model		: 78
model name	: Intel(R) Core(TM) i5-6200U CPU @ 2.30GHz
stepping	: 3
microcode	: 0x33
cpu MHz		: 2195.625
cache size	: 3072 KB
physical id	: 0
siblings	: 4
core id		: 1
cpu cores	: 2
apicid		: 2
initial apicid	: 2
fpu		: yes
fpu_exception	: yes
cpuid level	: 22
wp		: yes
flags		: fpu vme de pse tsc msr pae mce cx8 apic sep mtrr pge mca cmov pat pse36 clflush dts acpi mmx fxsr sse sse2 ss ht tm pbe syscall nx pdpe1gb rdtscp lm constant_tsc art arch_perfmon pebs bts rep_good nopl xtopology nonstop_tsc aperfmperf eagerfpu pni pclmulqdq dtes64 monitor ds_cpl vmx est tm2 ssse3 sdbg fma cx16 xtpr pdcm pcid sse4_1 sse4_2 x2apic movbe popcnt tsc_deadline_timer aes xsave avx f16c rdrand lahf_lm abm 3dnowprefetch epb intel_pt tpr_shadow vnmi flexpriority ept vpid fsgsbase tsc_adjust bmi1 avx2 smep bmi2 erms invpcid mpx rdseed adx smap clflushopt xsaveopt xsavec xgetbv1 dtherm ida arat pln pts hwp hwp_notify hwp_act_window hwp_epp
bugs		:
bogomips	: 4799.90
clflush size	: 64
cache_alignment	: 64
address sizes	: 39 bits physical, 48 bits virtual
power management:

processor	: 2
vendor_id	: GenuineIntel
cpu family	: 6
model		: 78
model name	: Intel(R) Core(TM) i5-6200U CPU @ 2.30GHz
stepping	: 3
microcode	: 0x33
cpu MHz		: 2211.375
cache size	: 3072 KB
physical id	: 0
siblings	: 4
core id		: 0
cpu cores	: 2
apicid		: 1
initial apicid	: 1
fpu		: yes
fpu_exception	: yes
cpuid level	: 22
wp		: yes
flags		: fpu vme de pse tsc msr pae mce cx8 apic sep mtrr pge mca cmov pat pse36 clflush dts acpi mmx fxsr sse sse2 ss ht tm pbe syscall nx pdpe1gb rdtscp lm constant_tsc art arch_perfmon pebs bts rep_good nopl xtopology nonstop_tsc aperfmperf eagerfpu pni pclmulqdq dtes64 monitor ds_cpl vmx est tm2 ssse3 sdbg fma cx16 xtpr pdcm pcid sse4_1 sse4_2 x2apic movbe popcnt tsc_deadline_timer aes xsave avx f16c rdrand lahf_lm abm 3dnowprefetch epb intel_pt tpr_shadow vnmi flexpriority ept vpid fsgsbase tsc_adjust bmi1 avx2 smep bmi2 erms invpcid mpx rdseed adx smap clflushopt xsaveopt xsavec xgetbv1 dtherm ida arat pln pts hwp hwp_notify hwp_act_window hwp_epp
bugs		:
bogomips	: 4799.90
clflush size	: 64
cache_alignment	: 64
address sizes	: 39 bits physical, 48 bits virtual
power management:

processor	: 3
vendor_id	: GenuineIntel
cpu family	: 6
model		: 78
model name	: Intel(R) Core(TM) i5-6200U CPU @ 2.30GHz
stepping	: 3
microcode	: 0x33
cpu MHz		: 2322.750
cache size	: 3072 KB
physical id	: 0
siblings	: 4
core id		: 1
cpu cores	: 2
apicid		: 3
initial apicid	: 3
fpu		: yes
fpu_exception	: yes
cpuid level	: 22
wp		: yes
flags		: fpu vme de pse tsc msr pae mce cx8 apic sep mtrr pge mca cmov pat pse36 clflush dts acpi mmx fxsr sse sse2 ss ht tm pbe syscall nx pdpe1gb rdtscp lm constant_tsc art arch_perfmon pebs bts rep_good nopl xtopology nonstop_tsc aperfmperf eagerfpu pni pclmulqdq dtes64 monitor ds_cpl vmx est tm2 ssse3 sdbg fma cx16 xtpr pdcm pcid sse4_1 sse4_2 x2apic movbe popcnt tsc_deadline_timer aes xsave avx f16c rdrand lahf_lm abm 3dnowprefetch epb intel_pt tpr_shadow vnmi flexpriority ept vpid fsgsbase tsc_adjust bmi1 avx2 smep bmi2 erms invpcid mpx rdseed adx smap clflushopt xsaveopt xsavec xgetbv1 dtherm ida arat pln pts hwp hwp_notify hwp_act_window hwp_epp
bugs		:
bogomips	: 4799.90
clflush size	: 64
cache_alignment	: 64
address sizes	: 39 bits physical, 48 bits virtual
power management:



Memory: 4k page, physical 8009968k(1769916k free), swap 0k(0k free)

vm_info: OpenJDK 64-Bit Server VM (25.91-b14) for linux-amd64 JRE (1.8.0_91-8u91-b14-3ubuntu1~16.04.1-b14), built on Jul 21 2016 04:13:34 by "buildd" with gcc 5.3.1 20160413

time: Sun Sep  4 20:46:45 2016
elapsed time: 0 seconds (0d 0h 0m 0s)

