#
# There is insufficient memory for the Java Runtime Environment to continue.
# Native memory allocation (mmap) failed to map 2863661056 bytes for committing reserved memory.
# Possible reasons:
#   The system is out of physical RAM or swap space
#   In 32 bit mode, the process size limit was hit
# Possible solutions:
#   Reduce memory load on the system
#   Increase physical memory or swap space
#   Check if swap backing store is full
#   Use 64 bit Java on a 64 bit OS
#   Decrease Java heap size (-Xmx/-Xms)
#   Decrease number of Java threads
#   Decrease Java thread stack sizes (-Xss)
#   Set larger code cache with -XX:ReservedCodeCacheSize=
# This output file may be truncated or incomplete.
#
#  Out of Memory Error (os_linux.cpp:2630), pid=11271, tid=140690746783488
#
# JRE version:  (8.0_91-b14) (build )
# Java VM: OpenJDK 64-Bit Server VM (25.91-b14 mixed mode linux-amd64 compressed oops)
# Failed to write core dump. Core dumps have been disabled. To enable core dumping, try "ulimit -c unlimited" before starting Java again
#

---------------  T H R E A D  ---------------

Current thread (0x00007ff51400e000):  JavaThread "Unknown thread" [_thread_in_vm, id=11273, stack(0x00007ff51dec3000,0x00007ff51dfc4000)]

Stack: [0x00007ff51dec3000,0x00007ff51dfc4000],  sp=0x00007ff51dfc2630,  free space=1021k
Native frames: (J=compiled Java code, j=interpreted, Vv=VM code, C=native code)
V  [libjvm.so+0xa5de1b]
V  [libjvm.so+0x4c178c]
V  [libjvm.so+0x8ae9d0]
V  [libjvm.so+0x8a8e4e]
V  [libjvm.so+0x922f46]
V  [libjvm.so+0x913a53]
V  [libjvm.so+0x2accb1]
V  [libjvm.so+0x8d3cf9]
V  [libjvm.so+0xa218c9]
V  [libjvm.so+0xa21c32]
V  [libjvm.so+0x60beff]
V  [libjvm.so+0xa0740a]
V  [libjvm.so+0x6860c2]  JNI_CreateJavaVM+0x62
C  [libjli.so+0x2f2e]
C  [libjli.so+0x73cd]
C  [libpthread.so.0+0x76fa]  start_thread+0xca


---------------  P R O C E S S  ---------------

Java Threads: ( => current thread )

Other Threads:

=>0x00007ff51400e000 (exited) JavaThread "Unknown thread" [_thread_in_vm, id=11273, stack(0x00007ff51dec3000,0x00007ff51dfc4000)]

VM state:not at safepoint (not fully initialized)

VM Mutex/Monitor currently owned by a thread: None

GC Heap History (0 events):
No events

Deoptimization events (0 events):
No events

Internal exceptions (0 events):
No events

Events (0 events):
No events


Dynamic libraries:
00400000-00401000 r-xp 00000000 08:06 5638558                            /usr/lib/jvm/java-8-openjdk-amd64/jre/bin/java
00600000-00601000 r--p 00000000 08:06 5638558                            /usr/lib/jvm/java-8-openjdk-amd64/jre/bin/java
00601000-00602000 rw-p 00001000 08:06 5638558                            /usr/lib/jvm/java-8-openjdk-amd64/jre/bin/java
0255b000-0257c000 rw-p 00000000 00:00 0                                  [heap]
76ab00000-7c0000000 rw-p 00000000 00:00 0 
7ff510000000-7ff510270000 rwxp 00000000 00:00 0 
7ff510270000-7ff514000000 ---p 00000000 00:00 0 
7ff514000000-7ff514035000 rw-p 00000000 00:00 0 
7ff514035000-7ff518000000 ---p 00000000 00:00 0 
7ff51a049000-7ff51a59e000 ---p 00000000 00:00 0 
7ff51a59e000-7ff51a854000 rw-p 00000000 00:00 0 
7ff51a854000-7ff51a94a000 ---p 00000000 00:00 0 
7ff51a94a000-7ff51a952000 r-xp 00000000 08:06 5639943                    /usr/lib/jvm/java-8-openjdk-amd64/jre/lib/amd64/libzip.so
7ff51a952000-7ff51ab51000 ---p 00008000 08:06 5639943                    /usr/lib/jvm/java-8-openjdk-amd64/jre/lib/amd64/libzip.so
7ff51ab51000-7ff51ab52000 r--p 00007000 08:06 5639943                    /usr/lib/jvm/java-8-openjdk-amd64/jre/lib/amd64/libzip.so
7ff51ab52000-7ff51ab53000 rw-p 00008000 08:06 5639943                    /usr/lib/jvm/java-8-openjdk-amd64/jre/lib/amd64/libzip.so
7ff51ab53000-7ff51ab5e000 r-xp 00000000 08:06 4723415                    /lib/x86_64-linux-gnu/libnss_files-2.23.so
7ff51ab5e000-7ff51ad5d000 ---p 0000b000 08:06 4723415                    /lib/x86_64-linux-gnu/libnss_files-2.23.so
7ff51ad5d000-7ff51ad5e000 r--p 0000a000 08:06 4723415                    /lib/x86_64-linux-gnu/libnss_files-2.23.so
7ff51ad5e000-7ff51ad5f000 rw-p 0000b000 08:06 4723415                    /lib/x86_64-linux-gnu/libnss_files-2.23.so
7ff51ad5f000-7ff51ad65000 rw-p 00000000 00:00 0 
7ff51ad65000-7ff51ad70000 r-xp 00000000 08:06 4723425                    /lib/x86_64-linux-gnu/libnss_nis-2.23.so
7ff51ad70000-7ff51af6f000 ---p 0000b000 08:06 4723425                    /lib/x86_64-linux-gnu/libnss_nis-2.23.so
7ff51af6f000-7ff51af70000 r--p 0000a000 08:06 4723425                    /lib/x86_64-linux-gnu/libnss_nis-2.23.so
7ff51af70000-7ff51af71000 rw-p 0000b000 08:06 4723425                    /lib/x86_64-linux-gnu/libnss_nis-2.23.so
7ff51af71000-7ff51af87000 r-xp 00000000 08:06 4723409                    /lib/x86_64-linux-gnu/libnsl-2.23.so
7ff51af87000-7ff51b186000 ---p 00016000 08:06 4723409                    /lib/x86_64-linux-gnu/libnsl-2.23.so
7ff51b186000-7ff51b187000 r--p 00015000 08:06 4723409                    /lib/x86_64-linux-gnu/libnsl-2.23.so
7ff51b187000-7ff51b188000 rw-p 00016000 08:06 4723409                    /lib/x86_64-linux-gnu/libnsl-2.23.so
7ff51b188000-7ff51b18a000 rw-p 00000000 00:00 0 
7ff51b18a000-7ff51b192000 r-xp 00000000 08:06 4723411                    /lib/x86_64-linux-gnu/libnss_compat-2.23.so
7ff51b192000-7ff51b391000 ---p 00008000 08:06 4723411                    /lib/x86_64-linux-gnu/libnss_compat-2.23.so
7ff51b391000-7ff51b392000 r--p 00007000 08:06 4723411                    /lib/x86_64-linux-gnu/libnss_compat-2.23.so
7ff51b392000-7ff51b393000 rw-p 00008000 08:06 4723411                    /lib/x86_64-linux-gnu/libnss_compat-2.23.so
7ff51b393000-7ff51b3c0000 r-xp 00000000 08:06 5638873                    /usr/lib/jvm/java-8-openjdk-amd64/jre/lib/amd64/libjava.so
7ff51b3c0000-7ff51b5bf000 ---p 0002d000 08:06 5638873                    /usr/lib/jvm/java-8-openjdk-amd64/jre/lib/amd64/libjava.so
7ff51b5bf000-7ff51b5c0000 r--p 0002c000 08:06 5638873                    /usr/lib/jvm/java-8-openjdk-amd64/jre/lib/amd64/libjava.so
7ff51b5c0000-7ff51b5c2000 rw-p 0002d000 08:06 5638873                    /usr/lib/jvm/java-8-openjdk-amd64/jre/lib/amd64/libjava.so
7ff51b5c2000-7ff51b5d1000 r-xp 00000000 08:06 5638874                    /usr/lib/jvm/java-8-openjdk-amd64/jre/lib/amd64/libverify.so
7ff51b5d1000-7ff51b7d0000 ---p 0000f000 08:06 5638874                    /usr/lib/jvm/java-8-openjdk-amd64/jre/lib/amd64/libverify.so
7ff51b7d0000-7ff51b7d2000 r--p 0000e000 08:06 5638874                    /usr/lib/jvm/java-8-openjdk-amd64/jre/lib/amd64/libverify.so
7ff51b7d2000-7ff51b7d3000 rw-p 00010000 08:06 5638874                    /usr/lib/jvm/java-8-openjdk-amd64/jre/lib/amd64/libverify.so
7ff51b7d3000-7ff51b7da000 r-xp 00000000 08:06 4723470                    /lib/x86_64-linux-gnu/librt-2.23.so
7ff51b7da000-7ff51b9d9000 ---p 00007000 08:06 4723470                    /lib/x86_64-linux-gnu/librt-2.23.so
7ff51b9d9000-7ff51b9da000 r--p 00006000 08:06 4723470                    /lib/x86_64-linux-gnu/librt-2.23.so
7ff51b9da000-7ff51b9db000 rw-p 00007000 08:06 4723470                    /lib/x86_64-linux-gnu/librt-2.23.so
7ff51b9db000-7ff51b9f1000 r-xp 00000000 08:06 4723354                    /lib/x86_64-linux-gnu/libgcc_s.so.1
7ff51b9f1000-7ff51bbf0000 ---p 00016000 08:06 4723354                    /lib/x86_64-linux-gnu/libgcc_s.so.1
7ff51bbf0000-7ff51bbf1000 rw-p 00015000 08:06 4723354                    /lib/x86_64-linux-gnu/libgcc_s.so.1
7ff51bbf1000-7ff51bcf9000 r-xp 00000000 08:06 4723386                    /lib/x86_64-linux-gnu/libm-2.23.so
7ff51bcf9000-7ff51bef8000 ---p 00108000 08:06 4723386                    /lib/x86_64-linux-gnu/libm-2.23.so
7ff51bef8000-7ff51bef9000 r--p 00107000 08:06 4723386                    /lib/x86_64-linux-gnu/libm-2.23.so
7ff51bef9000-7ff51befa000 rw-p 00108000 08:06 4723386                    /lib/x86_64-linux-gnu/libm-2.23.so
7ff51befa000-7ff51c06c000 r-xp 00000000 08:06 5375998                    /usr/lib/x86_64-linux-gnu/libstdc++.so.6.0.21
7ff51c06c000-7ff51c26c000 ---p 00172000 08:06 5375998                    /usr/lib/x86_64-linux-gnu/libstdc++.so.6.0.21
7ff51c26c000-7ff51c276000 r--p 00172000 08:06 5375998                    /usr/lib/x86_64-linux-gnu/libstdc++.so.6.0.21
7ff51c276000-7ff51c278000 rw-p 0017c000 08:06 5375998                    /usr/lib/x86_64-linux-gnu/libstdc++.so.6.0.21
7ff51c278000-7ff51c27c000 rw-p 00000000 00:00 0 
7ff51c27c000-7ff51cec2000 r-xp 00000000 08:06 5639941                    /usr/lib/jvm/java-8-openjdk-amd64/jre/lib/amd64/server/libjvm.so
7ff51cec2000-7ff51d0c2000 ---p 00c46000 08:06 5639941                    /usr/lib/jvm/java-8-openjdk-amd64/jre/lib/amd64/server/libjvm.so
7ff51d0c2000-7ff51d155000 r--p 00c46000 08:06 5639941                    /usr/lib/jvm/java-8-openjdk-amd64/jre/lib/amd64/server/libjvm.so
7ff51d155000-7ff51d17d000 rw-p 00cd9000 08:06 5639941                    /usr/lib/jvm/java-8-openjdk-amd64/jre/lib/amd64/server/libjvm.so
7ff51d17d000-7ff51d1ad000 rw-p 00000000 00:00 0 
7ff51d1ad000-7ff51d1c5000 r-xp 00000000 08:06 4723462                    /lib/x86_64-linux-gnu/libpthread-2.23.so
7ff51d1c5000-7ff51d3c4000 ---p 00018000 08:06 4723462                    /lib/x86_64-linux-gnu/libpthread-2.23.so
7ff51d3c4000-7ff51d3c5000 r--p 00017000 08:06 4723462                    /lib/x86_64-linux-gnu/libpthread-2.23.so
7ff51d3c5000-7ff51d3c6000 rw-p 00018000 08:06 4723462                    /lib/x86_64-linux-gnu/libpthread-2.23.so
7ff51d3c6000-7ff51d3ca000 rw-p 00000000 00:00 0 
7ff51d3ca000-7ff51d3cd000 r-xp 00000000 08:06 4723340                    /lib/x86_64-linux-gnu/libdl-2.23.so
7ff51d3cd000-7ff51d5cc000 ---p 00003000 08:06 4723340                    /lib/x86_64-linux-gnu/libdl-2.23.so
7ff51d5cc000-7ff51d5cd000 r--p 00002000 08:06 4723340                    /lib/x86_64-linux-gnu/libdl-2.23.so
7ff51d5cd000-7ff51d5ce000 rw-p 00003000 08:06 4723340                    /lib/x86_64-linux-gnu/libdl-2.23.so
7ff51d5ce000-7ff51d5e7000 r-xp 00000000 08:06 4723507                    /lib/x86_64-linux-gnu/libz.so.1.2.8
7ff51d5e7000-7ff51d7e6000 ---p 00019000 08:06 4723507                    /lib/x86_64-linux-gnu/libz.so.1.2.8
7ff51d7e6000-7ff51d7e7000 r--p 00018000 08:06 4723507                    /lib/x86_64-linux-gnu/libz.so.1.2.8
7ff51d7e7000-7ff51d7e8000 rw-p 00019000 08:06 4723507                    /lib/x86_64-linux-gnu/libz.so.1.2.8
7ff51d7e8000-7ff51d9a8000 r-xp 00000000 08:06 4723316                    /lib/x86_64-linux-gnu/libc-2.23.so
7ff51d9a8000-7ff51dba7000 ---p 001c0000 08:06 4723316                    /lib/x86_64-linux-gnu/libc-2.23.so
7ff51dba7000-7ff51dbab000 r--p 001bf000 08:06 4723316                    /lib/x86_64-linux-gnu/libc-2.23.so
7ff51dbab000-7ff51dbad000 rw-p 001c3000 08:06 4723316                    /lib/x86_64-linux-gnu/libc-2.23.so
7ff51dbad000-7ff51dbb1000 rw-p 00000000 00:00 0 
7ff51dbb1000-7ff51dbbe000 r-xp 00000000 08:06 5639979                    /usr/lib/jvm/java-8-openjdk-amd64/jre/lib/amd64/jli/libjli.so
7ff51dbbe000-7ff51ddbe000 ---p 0000d000 08:06 5639979                    /usr/lib/jvm/java-8-openjdk-amd64/jre/lib/amd64/jli/libjli.so
7ff51ddbe000-7ff51ddbf000 r--p 0000d000 08:06 5639979                    /usr/lib/jvm/java-8-openjdk-amd64/jre/lib/amd64/jli/libjli.so
7ff51ddbf000-7ff51ddc0000 rw-p 0000e000 08:06 5639979                    /usr/lib/jvm/java-8-openjdk-amd64/jre/lib/amd64/jli/libjli.so
7ff51ddc0000-7ff51dde6000 r-xp 00000000 08:06 4723288                    /lib/x86_64-linux-gnu/ld-2.23.so
7ff51dec3000-7ff51dec6000 ---p 00000000 00:00 0 
7ff51dec6000-7ff51dfc9000 rw-p 00000000 00:00 0 
7ff51dfd9000-7ff51dfe1000 rw-s 00000000 08:06 2228269                    /tmp/hsperfdata_kai/11271
7ff51dfe1000-7ff51dfe2000 rw-p 00000000 00:00 0 
7ff51dfe2000-7ff51dfe3000 r--p 00000000 00:00 0 
7ff51dfe3000-7ff51dfe5000 rw-p 00000000 00:00 0 
7ff51dfe5000-7ff51dfe6000 r--p 00025000 08:06 4723288                    /lib/x86_64-linux-gnu/ld-2.23.so
7ff51dfe6000-7ff51dfe7000 rw-p 00026000 08:06 4723288                    /lib/x86_64-linux-gnu/ld-2.23.so
7ff51dfe7000-7ff51dfe8000 rw-p 00000000 00:00 0 
7ffeb4629000-7ffeb464c000 rw-p 00000000 00:00 0                          [stack]
7ffeb4732000-7ffeb4734000 r--p 00000000 00:00 0                          [vvar]
7ffeb4734000-7ffeb4736000 r-xp 00000000 00:00 0                          [vdso]
ffffffffff600000-ffffffffff601000 r-xp 00000000 00:00 0                  [vsyscall]

VM Arguments:
jvm_args: -Xms4096m -Xmx4096m -XX:MaxPermSize=350m -XX:ReservedCodeCacheSize=64m -XX:+UseCodeCacheFlushing -XX:+UseCompressedOops -Didea.launcher.port=7533 -Didea.launcher.bin.path=/home/kai/Downloads/idea-IC-162.1447.26/bin -Dfile.encoding=UTF-8 
java_command: com.intellij.rt.execution.application.AppMain PageRankBenchmarker
java_class_path (initial): /usr/lib/jvm/java-8-openjdk-amd64/jre/lib/charsets.jar:/usr/lib/jvm/java-8-openjdk-amd64/jre/lib/ext/cldrdata.jar:/usr/lib/jvm/java-8-openjdk-amd64/jre/lib/ext/dnsns.jar:/usr/lib/jvm/java-8-openjdk-amd64/jre/lib/ext/icedtea-sound.jar:/usr/lib/jvm/java-8-openjdk-amd64/jre/lib/ext/jaccess.jar:/usr/lib/jvm/java-8-openjdk-amd64/jre/lib/ext/localedata.jar:/usr/lib/jvm/java-8-openjdk-amd64/jre/lib/ext/nashorn.jar:/usr/lib/jvm/java-8-openjdk-amd64/jre/lib/ext/sunec.jar:/usr/lib/jvm/java-8-openjdk-amd64/jre/lib/ext/sunjce_provider.jar:/usr/lib/jvm/java-8-openjdk-amd64/jre/lib/ext/sunpkcs11.jar:/usr/lib/jvm/java-8-openjdk-amd64/jre/lib/ext/zipfs.jar:/usr/lib/jvm/java-8-openjdk-amd64/jre/lib/jce.jar:/usr/lib/jvm/java-8-openjdk-amd64/jre/lib/jsse.jar:/usr/lib/jvm/java-8-openjdk-amd64/jre/lib/management-agent.jar:/usr/lib/jvm/java-8-openjdk-amd64/jre/lib/resources.jar:/usr/lib/jvm/java-8-openjdk-amd64/jre/lib/rt.jar:/home/kai/bd/BigData/Hadoop1/target/classes:/home/kai/.m2/repository/org/apache/hadoop/hadoop-common/2.5.2/hadoop-common-2.5.2.jar:/home/kai/.m2/repository/org/apache/hadoop/hadoop-annotations/2.5.2/hadoop-annotations-2.5.2.jar:/usr/lib/jvm/java-8-openjdk-amd64/jre/../lib/tools.jar:/home/kai/.m2/repository/com/google/guava/guava/11.0.2/guava-11.0.2.jar:/home/kai/.m2/repository/com/google/code/findbugs/jsr305/1.3.9/jsr305-1.3.9.jar:/home/kai/.m2/repository/commons-cli/commons-cli/1.2/commons-cli-1.2.jar:/home/kai/.m2/repository/org/apache/commons/commons-math3/3.1.1/commons-math3-3.1.1.jar:/home/kai/.m2/repository/xmlenc/xmlenc/0.52/xmlenc-0.52.jar:/home/kai/.m2/repository/commons-httpclient/commons-httpclient/3.1/commons-httpclient-3.1.jar:/home/kai/.m2/repository/commons-logging/commons-logging/1.1.3/commons-logging-1.1.3.jar:/home/kai/.m2/repository/commons-codec/commons-codec/1.4/commons-codec-1.4.jar:/home/kai/.m2/repository/commons-io/commons-io/2.4/commons-io-2.4.jar:/home/kai/.m2/repository/commons-net/commons-net/3.1/commons-net-
Launcher Type: SUN_STANDARD

Environment Variables:
JAVA_HOME=/usr/lib/jvm/java-8-openjdk-amd64
PATH=/home/kai/bin:/home/kai/.local/bin:/usr/local/sbin:/usr/local/bin:/usr/sbin:/usr/bin:/sbin:/bin:/usr/games:/usr/local/games:/snap/bin:/srv/hadoop/bin
LD_LIBRARY_PATH=/home/kai/Downloads/idea-IC-162.1447.26/bin:
SHELL=/bin/bash
DISPLAY=:0

Signal Handlers:
SIGSEGV: [libjvm.so+0xa5e970], sa_mask[0]=11111111011111111101111111111110, sa_flags=SA_RESTART|SA_SIGINFO
SIGBUS: [libjvm.so+0xa5e970], sa_mask[0]=11111111011111111101111111111110, sa_flags=SA_RESTART|SA_SIGINFO
SIGFPE: [libjvm.so+0x8a9ff0], sa_mask[0]=11111111011111111101111111111110, sa_flags=SA_RESTART|SA_SIGINFO
SIGPIPE: [libjvm.so+0x8a9ff0], sa_mask[0]=11111111011111111101111111111110, sa_flags=SA_RESTART|SA_SIGINFO
SIGXFSZ: [libjvm.so+0x8a9ff0], sa_mask[0]=11111111011111111101111111111110, sa_flags=SA_RESTART|SA_SIGINFO
SIGILL: [libjvm.so+0x8a9ff0], sa_mask[0]=11111111011111111101111111111110, sa_flags=SA_RESTART|SA_SIGINFO
SIGUSR1: SIG_DFL, sa_mask[0]=00000000000000000000000000000000, sa_flags=none
SIGUSR2: [libjvm.so+0x8a9ea0], sa_mask[0]=00100000000000000000000000000000, sa_flags=SA_RESTART|SA_SIGINFO
SIGHUP: SIG_DFL, sa_mask[0]=00000000000000000000000000000000, sa_flags=none
SIGINT: SIG_DFL, sa_mask[0]=00000000000000000000000000000000, sa_flags=none
SIGTERM: SIG_DFL, sa_mask[0]=00000000000000000000000000000000, sa_flags=none
SIGQUIT: SIG_DFL, sa_mask[0]=00000000000000000000000000000000, sa_flags=none


---------------  S Y S T E M  ---------------

OS:DISTRIB_ID=Ubuntu
DISTRIB_RELEASE=16.04
DISTRIB_CODENAME=xenial
DISTRIB_DESCRIPTION="Ubuntu 16.04.1 LTS"

uname:Linux 4.4.0-34-generic #53-Ubuntu SMP Wed Jul 27 16:06:39 UTC 2016 x86_64
libc:glibc 2.23 NPTL 2.23 
rlimit: STACK 8192k, CORE 0k, NPROC 30946, NOFILE 65536, AS infinity
load average:1.73 2.58 2.52

/proc/meminfo:
MemTotal:        8009968 kB
MemFree:         1766332 kB
MemAvailable:    2632224 kB
Buffers:           45024 kB
Cached:          1652328 kB
SwapCached:            0 kB
Active:          4895340 kB
Inactive:        1117940 kB
Active(anon):    4317720 kB
Inactive(anon):   630996 kB
Active(file):     577620 kB
Inactive(file):   486944 kB
Unevictable:          16 kB
Mlocked:              16 kB
SwapTotal:             0 kB
SwapFree:              0 kB
Dirty:              8240 kB
Writeback:             0 kB
AnonPages:       4315888 kB
Mapped:           533396 kB
Shmem:            632788 kB
Slab:              96988 kB
SReclaimable:      53984 kB
SUnreclaim:        43004 kB
KernelStack:       17232 kB
PageTables:        44016 kB
NFS_Unstable:          0 kB
Bounce:                0 kB
WritebackTmp:          0 kB
CommitLimit:     4004984 kB
Committed_AS:   11081580 kB
VmallocTotal:   34359738367 kB
VmallocUsed:           0 kB
VmallocChunk:          0 kB
HardwareCorrupted:     0 kB
AnonHugePages:   2738176 kB
CmaTotal:              0 kB
CmaFree:               0 kB
HugePages_Total:       0
HugePages_Free:        0
HugePages_Rsvd:        0
HugePages_Surp:        0
Hugepagesize:       2048 kB
DirectMap4k:      148816 kB
DirectMap2M:     5978112 kB
DirectMap1G:     3145728 kB


CPU:total 4 (2 cores per cpu, 2 threads per core) family 6 model 78 stepping 3, cmov, cx8, fxsr, mmx, sse, sse2, sse3, ssse3, sse4.1, sse4.2, popcnt, avx, avx2, aes, clmul, erms, 3dnowpref, lzcnt, ht, tsc, tscinvbit, bmi1, bmi2, adx

/proc/cpuinfo:
processor	: 0
vendor_id	: GenuineIntel
cpu family	: 6
model		: 78
model name	: Intel(R) Core(TM) i5-6200U CPU @ 2.30GHz
stepping	: 3
microcode	: 0x33
cpu MHz		: 2656.781
cache size	: 3072 KB
physical id	: 0
siblings	: 4
core id		: 0
cpu cores	: 2
apicid		: 0
initial apicid	: 0
fpu		: yes
fpu_exception	: yes
cpuid level	: 22
wp		: yes
flags		: fpu vme de pse tsc msr pae mce cx8 apic sep mtrr pge mca cmov pat pse36 clflush dts acpi mmx fxsr sse sse2 ss ht tm pbe syscall nx pdpe1gb rdtscp lm constant_tsc art arch_perfmon pebs bts rep_good nopl xtopology nonstop_tsc aperfmperf eagerfpu pni pclmulqdq dtes64 monitor ds_cpl vmx est tm2 ssse3 sdbg fma cx16 xtpr pdcm pcid sse4_1 sse4_2 x2apic movbe popcnt tsc_deadline_timer aes xsave avx f16c rdrand lahf_lm abm 3dnowprefetch epb intel_pt tpr_shadow vnmi flexpriority ept vpid fsgsbase tsc_adjust bmi1 avx2 smep bmi2 erms invpcid mpx rdseed adx smap clflushopt xsaveopt xsavec xgetbv1 dtherm ida arat pln pts hwp hwp_notify hwp_act_window hwp_epp
bugs		:
bogomips	: 4799.90
clflush size	: 64
cache_alignment	: 64
address sizes	: 39 bits physical, 48 bits virtual
power management:

processor	: 1
vendor_id	: GenuineIntel
cpu family	: 6
model		: 78
model name	: Intel(R) Core(TM) i5-6200U CPU @ 2.30GHz
stepping	: 3
microcode	: 0x33
cpu MHz		: 2699.906
cache size	: 3072 KB
physical id	: 0
siblings	: 4
core id		: 1
cpu cores	: 2
apicid		: 2
initial apicid	: 2
fpu		: yes
fpu_exception	: yes
cpuid level	: 22
wp		: yes
flags		: fpu vme de pse tsc msr pae mce cx8 apic sep mtrr pge mca cmov pat pse36 clflush dts acpi mmx fxsr sse sse2 ss ht tm pbe syscall nx pdpe1gb rdtscp lm constant_tsc art arch_perfmon pebs bts rep_good nopl xtopology nonstop_tsc aperfmperf eagerfpu pni pclmulqdq dtes64 monitor ds_cpl vmx est tm2 ssse3 sdbg fma cx16 xtpr pdcm pcid sse4_1 sse4_2 x2apic movbe popcnt tsc_deadline_timer aes xsave avx f16c rdrand lahf_lm abm 3dnowprefetch epb intel_pt tpr_shadow vnmi flexpriority ept vpid fsgsbase tsc_adjust bmi1 avx2 smep bmi2 erms invpcid mpx rdseed adx smap clflushopt xsaveopt xsavec xgetbv1 dtherm ida arat pln pts hwp hwp_notify hwp_act_window hwp_epp
bugs		:
bogomips	: 4799.90
clflush size	: 64
cache_alignment	: 64
address sizes	: 39 bits physical, 48 bits virtual
power management:

processor	: 2
vendor_id	: GenuineIntel
cpu family	: 6
model		: 78
model name	: Intel(R) Core(TM) i5-6200U CPU @ 2.30GHz
stepping	: 3
microcode	: 0x33
cpu MHz		: 2659.031
cache size	: 3072 KB
physical id	: 0
siblings	: 4
core id		: 0
cpu cores	: 2
apicid		: 1
initial apicid	: 1
fpu		: yes
fpu_exception	: yes
cpuid level	: 22
wp		: yes
flags		: fpu vme de pse tsc msr pae mce cx8 apic sep mtrr pge mca cmov pat pse36 clflush dts acpi mmx fxsr sse sse2 ss ht tm pbe syscall nx pdpe1gb rdtscp lm constant_tsc art arch_perfmon pebs bts rep_good nopl xtopology nonstop_tsc aperfmperf eagerfpu pni pclmulqdq dtes64 monitor ds_cpl vmx est tm2 ssse3 sdbg fma cx16 xtpr pdcm pcid sse4_1 sse4_2 x2apic movbe popcnt tsc_deadline_timer aes xsave avx f16c rdrand lahf_lm abm 3dnowprefetch epb intel_pt tpr_shadow vnmi flexpriority ept vpid fsgsbase tsc_adjust bmi1 avx2 smep bmi2 erms invpcid mpx rdseed adx smap clflushopt xsaveopt xsavec xgetbv1 dtherm ida arat pln pts hwp hwp_notify hwp_act_window hwp_epp
bugs		:
bogomips	: 4799.90
clflush size	: 64
cache_alignment	: 64
address sizes	: 39 bits physical, 48 bits virtual
power management:

processor	: 3
vendor_id	: GenuineIntel
cpu family	: 6
model		: 78
model name	: Intel(R) Core(TM) i5-6200U CPU @ 2.30GHz
stepping	: 3
microcode	: 0x33
cpu MHz		: 2695.781
cache size	: 3072 KB
physical id	: 0
siblings	: 4
core id		: 1
cpu cores	: 2
apicid		: 3
initial apicid	: 3
fpu		: yes
fpu_exception	: yes
cpuid level	: 22
wp		: yes
flags		: fpu vme de pse tsc msr pae mce cx8 apic sep mtrr pge mca cmov pat pse36 clflush dts acpi mmx fxsr sse sse2 ss ht tm pbe syscall nx pdpe1gb rdtscp lm constant_tsc art arch_perfmon pebs bts rep_good nopl xtopology nonstop_tsc aperfmperf eagerfpu pni pclmulqdq dtes64 monitor ds_cpl vmx est tm2 ssse3 sdbg fma cx16 xtpr pdcm pcid sse4_1 sse4_2 x2apic movbe popcnt tsc_deadline_timer aes xsave avx f16c rdrand lahf_lm abm 3dnowprefetch epb intel_pt tpr_shadow vnmi flexpriority ept vpid fsgsbase tsc_adjust bmi1 avx2 smep bmi2 erms invpcid mpx rdseed adx smap clflushopt xsaveopt xsavec xgetbv1 dtherm ida arat pln pts hwp hwp_notify hwp_act_window hwp_epp
bugs		:
bogomips	: 4799.90
clflush size	: 64
cache_alignment	: 64
address sizes	: 39 bits physical, 48 bits virtual
power management:



Memory: 4k page, physical 8009968k(1766332k free), swap 0k(0k free)

vm_info: OpenJDK 64-Bit Server VM (25.91-b14) for linux-amd64 JRE (1.8.0_91-8u91-b14-3ubuntu1~16.04.1-b14), built on Jul 21 2016 04:13:34 by "buildd" with gcc 5.3.1 20160413

time: Sun Sep  4 20:46:35 2016
elapsed time: 0 seconds (0d 0h 0m 0s)

